<?xml version="1.0" encoding="utf-8"?>
<test-run id="2" testcasecount="1099" result="Passed" total="1099" passed="1099" failed="0" inconclusive="0" skipped="0" asserts="0" engine-version="3.5.0.0" clr-version="4.0.30319.42000" start-time="2026-09-10 19:42:47Z" end-time="2026-09-10 19:43:03Z" duration="16.1215735">
  <test-suite type="TestSuite" id="1000" name="Project Studio - Unity Visual Spike" fullname="Project Studio - Unity Visual Spike" runstate="Runnable" testcasecount="1099" result="Passed" start-time="2026-09-10 19:42:47Z" end-time="2026-09-10 19:43:03Z" duration="16.121574" total="1099" passed="1099" failed="0" inconclusive="0" skipped="0" asserts="0">
    <properties>
      <property name="platform" value="EditMode" />
    </properties>
    <test-suite type="Assembly" id="2248" name="Studio.Tests.EditMode.dll" fullname="/Users/bruce/The Movies - P12A Living Hollywood Unity/Library/ScriptAssemblies/Studio.Tests.EditMode.dll" runstate="Runnable" testcasecount="1099" result="Passed" start-time="2026-09-10 19:42:47Z" end-time="2026-09-10 19:43:03Z" duration="16.118686" total="1099" passed="1099" failed="0" inconclusive="0" skipped="0" asserts="0">
      <properties>
        <property name="_PID" value="14889" />
        <property name="_APPDOMAIN" value="Unity Child Domain" />
        <property name="platform" value="EditMode" />
        <property name="EditorOnly" value="True" />
      </properties>
      <test-suite type="TestSuite" id="2249" name="Studio" fullname="Studio" runstate="Runnable" testcasecount="1099" result="Passed" start-time="2026-09-10 19:42:47Z" end-time="2026-09-10 19:43:03Z" duration="16.118585" total="1099" passed="1099" failed="0" inconclusive="0" skipped="0" asserts="0">
        <properties />
        <test-suite type="TestSuite" id="2250" name="Tests" fullname="Studio.Tests" runstate="Runnable" testcasecount="1099" result="Passed" start-time="2026-09-10 19:42:47Z" end-time="2026-09-10 19:43:03Z" duration="16.118541" total="1099" passed="1099" failed="0" inconclusive="0" skipped="0" asserts="0">
          <properties />
          <test-suite type="TestSuite" id="2251" name="EditMode" fullname="Studio.Tests.EditMode" runstate="Runnable" testcasecount="1099" result="Passed" start-time="2026-09-10 19:42:47Z" end-time="2026-09-10 19:43:03Z" duration="16.118108" total="1099" passed="1099" failed="0" inconclusive="0" skipped="0" asserts="0">
            <properties />
            <test-suite type="TestFixture" id="1002" name="StudioApplicantPortraitTests" fullname="Studio.Tests.EditMode.StudioApplicantPortraitTests" classname="Studio.Tests.EditMode.StudioApplicantPortraitTests" runstate="Runnable" testcasecount="4" result="Passed" start-time="2026-09-10 19:42:47Z" end-time="2026-09-10 19:42:47Z" duration="0.013552" total="4" passed="4" failed="0" inconclusive="0" skipped="0" asserts="0">
              <properties />
              <test-case id="1005" name="LayerWalk_MovesTheBodyButNeverTheRootNorTheApplicantFurniture" fullname="Studio.Tests.EditMode.StudioApplicantPortraitTests.LayerWalk_MovesTheBodyButNeverTheRootNorTheApplicantFurniture" methodname="LayerWalk_MovesTheBodyButNeverTheRootNorTheApplicantFurniture" classname="Studio.Tests.EditMode.StudioApplicantPortraitTests" runstate="Runnable" seed="1934689453" result="Passed" start-time="2026-09-10 19:42:47Z" end-time="2026-09-10 19:42:47Z" duration="0.006415" asserts="0">
                <properties>
                  <property name="retryIteration" value="0" />
                  <property name="repeatIteration" value="0" />
                </properties>
              </test-case>
              <test-case id="1004" name="PortraitApi_IsTheExactSeamTheCardCalls" fullname="Studio.Tests.EditMode.StudioApplicantPortraitTests.PortraitApi_IsTheExactSeamTheCardCalls" methodname="PortraitApi_IsTheExactSeamTheCardCalls" classname="Studio.Tests.EditMode.StudioApplicantPortraitTests" runstate="Runnable" seed="1262137429" result="Passed" start-time="2026-09-10 19:42:47Z" end-time="2026-09-10 19:42:47Z" duration="0.000470" asserts="0">
                <properties>
                  <property name="retryIteration" value="0" />
                  <property name="repeatIteration" value="0" />
                </properties>
              </test-case>
              <test-case id="1003" name="PortraitLayer_IsThirtyAndIsUnclaimedByTheProject" fullname="Studio.Tests.EditMode.StudioApplicantPortraitTests.PortraitLayer_IsThirtyAndIsUnclaimedByTheProject" methodname="PortraitLayer_IsThirtyAndIsUnclaimedByTheProject" classname="Studio.Tests.EditMode.StudioApplicantPortraitTests" runstate="Runnable" seed="1365943736" result="Passed" start-time="2026-09-10 19:42:47Z" end-time="2026-09-10 19:42:47Z" duration="0.000393" asserts="0">
                <properties>
                  <property name="retryIteration" value="0" />
                  <property name="repeatIteration" value="0" />
                </properties>
              </test-case>
              <test-case id="1006" name="PortraitSource_RendersLiveAndTouchesNothingElse" fullname="Studio.Tests.EditMode.StudioApplicantPortraitTests.PortraitSource_RendersLiveAndTouchesNothingElse" methodname="PortraitSource_RendersLiveAndTouchesNothingElse" classname="Studio.Tests.EditMode.StudioApplicantPortraitTests" runstate="Runnable" seed="1087541230" result="Passed" start-time="2026-09-10 19:42:47Z" end-time="2026-09-10 19:42:47Z" duration="0.001143" asserts="0">
                <properties>
                  <property name="retryIteration" value="0" />
                  <property name="repeatIteration" value="0" />
                </properties>
              </test-case>
            </test-suite>
            <test-suite type="TestFixture" id="1007" name="StudioAuthoredRoofOcclusionTests" fullname="Studio.Tests.EditMode.StudioAuthoredRoofOcclusionTests" classname="Studio.Tests.EditMode.StudioAuthoredRoofOcclusionTests" runstate="Runnable" testcasecount="12" result="Passed" start-time="2026-09-10 19:42:47Z" end-time="2026-09-10 19:42:47Z" duration="0.484884" total="12" passed="12" failed="0" inconclusive="0" skipped="0" asserts="0">
              <properties />
              <test-suite type="ParameterizedMethod" id="1021" name="RetainedObstructedCamera_IsRejectedByTheBuildingCoverCheck" fullname="Studio.Tests.EditMode.StudioAuthoredRoofOcclusionTests.RetainedObstructedCamera_IsRejectedByTheBuildingCoverCheck" classname="Studio.Tests.EditMode.StudioAuthoredRoofOcclusionTests" runstate="Runnable" testcasecount="2" result="Passed" start-time="2026-09-10 19:42:47Z" end-time="2026-09-10 19:42:47Z" duration="0.012807" total="2" passed="2" failed="0" inconclusive="0" skipped="0" asserts="0">
                <properties />
                <test-case id="1019" name="RetainedObstructedCamera_IsRejectedByTheBuildingCoverCheck(45.3701f,23.4239f,16.0734f)" fullname="Studio.Tests.EditMode.StudioAuthoredRoofOcclusionTests.RetainedObstructedCamera_IsRejectedByTheBuildingCoverCheck(45.3701f,23.4239f,16.0734f)" methodname="RetainedObstructedCamera_IsRejectedByTheBuildingCoverCheck" classname="Studio.Tests.EditMode.StudioAuthoredRoofOcclusionTests" runstate="Runnable" seed="938092870" result="Passed" start-time="2026-09-10 19:42:47Z" end-time="2026-09-10 19:42:47Z" duration="0.001656" asserts="0">
                  <properties>
                    <property name="retryIteration" value="0" />
                    <property name="repeatIteration" value="0" />
                  </properties>
                </test-case>
                <test-case id="1020" name="RetainedObstructedCamera_IsRejectedByTheBuildingCoverCheck(45.7588f,20.5648f,19.2238f)" fullname="Studio.Tests.EditMode.StudioAuthoredRoofOcclusionTests.RetainedObstructedCamera_IsRejectedByTheBuildingCoverCheck(45.7588f,20.5648f,19.2238f)" methodname="RetainedObstructedCamera_IsRejectedByTheBuildingCoverCheck" classname="Studio.Tests.EditMode.StudioAuthoredRoofOcclusionTests" runstate="Runnable" seed="1250377344" result="Passed" start-time="2026-09-10 19:42:47Z" end-time="2026-09-10 19:42:47Z" duration="0.000460" asserts="0">
                  <properties>
                    <property name="retryIteration" value="0" />
                    <property name="repeatIteration" value="0" />
                  </properties>
                </test-case>
              </test-suite>
              <test-case id="1010" name="StageA_FromALowSouthPose_APersonDrawnVisibleThroughTheElephantDoorOpening_StaysSelectable" fullname="Studio.Tests.EditMode.StudioAuthoredRoofOcclusionTests.StageA_FromALowSouthPose_APersonDrawnVisibleThroughTheElephantDoorOpening_StaysSelectable" methodname="StageA_FromALowSouthPose_APersonDrawnVisibleThroughTheElephantDoorOpening_StaysSelectable" classname="Studio.Tests.EditMode.StudioAuthoredRoofOcclusionTests" runstate="Runnable" seed="341409628" result="Passed" start-time="2026-09-10 19:42:47Z" end-time="2026-09-10 19:42:47Z" duration="0.020814" asserts="0">
                <properties>
                  <property name="retryIteration" value="0" />
                  <property name="repeatIteration" value="0" />
                </properties>
              </test-case>
              <test-case id="1008" name="StageA_FromTheFrozenManagementCameras_ADrawnHiddenPersonUnderTheRoof_IsNeverSelectedThroughIt" fullname="Studio.Tests.EditMode.StudioAuthoredRoofOcclusionTests.StageA_FromTheFrozenManagementCameras_ADrawnHiddenPersonUnderTheRoof_IsNeverSelectedThroughIt" methodname="StageA_FromTheFrozenManagementCameras_ADrawnHiddenPersonUnderTheRoof_IsNeverSelectedThroughIt" classname="Studio.Tests.EditMode.StudioAuthoredRoofOcclusionTests" runstate="Runnable" seed="2135228866" result="Passed" start-time="2026-09-10 19:42:47Z" end-time="2026-09-10 19:42:47Z" duration="0.058108" asserts="0">
                <properties>
                  <property name="retryIteration" value="0" />
                  <property name="repeatIteration" value="0" />
                </properties>
              </test-case>
              <test-case id="1009" name="StageA_FromTheTycoonCamerasOwnHomePose_ADrawnHiddenPersonUnderTheRoof_IsNeverSelectedThroughIt" fullname="Studio.Tests.EditMode.StudioAuthoredRoofOcclusionTests.StageA_FromTheTycoonCamerasOwnHomePose_ADrawnHiddenPersonUnderTheRoof_IsNeverSelectedThroughIt" methodname="StageA_FromTheTycoonCamerasOwnHomePose_ADrawnHiddenPersonUnderTheRoof_IsNeverSelectedThroughIt" classname="Studio.Tests.EditMode.StudioAuthoredRoofOcclusionTests" runstate="Runnable" seed="166654603" result="Passed" start-time="2026-09-10 19:42:47Z" end-time="2026-09-10 19:42:47Z" duration="0.019684" asserts="0">
                <properties>
                  <property name="retryIteration" value="0" />
                  <property name="repeatIteration" value="0" />
                </properties>
              </test-case>
              <test-suite type="ParameterizedMethod" id="1018" name="StageInspectionPipeline_HighFarPoseClearsDrawnBuildingRoofAndCeiling" fullname="Studio.Tests.EditMode.StudioAuthoredRoofOcclusionTests.StageInspectionPipeline_HighFarPoseClearsDrawnBuildingRoofAndCeiling" classname="Studio.Tests.EditMode.StudioAuthoredRoofOcclusionTests" runstate="Runnable" testcasecount="4" result="Passed" start-time="2026-09-10 19:42:47Z" end-time="2026-09-10 19:42:47Z" duration="0.013323" total="4" passed="4" failed="0" inconclusive="0" skipped="0" asserts="0">
                <properties />
                <test-case id="1014" name="StageInspectionPipeline_HighFarPoseClearsDrawnBuildingRoofAndCeiling(7.033408f)" fullname="Studio.Tests.EditMode.StudioAuthoredRoofOcclusionTests.StageInspectionPipeline_HighFarPoseClearsDrawnBuildingRoofAndCeiling(7.033408f)" methodname="StageInspectionPipeline_HighFarPoseClearsDrawnBuildingRoofAndCeiling" classname="Studio.Tests.EditMode.StudioAuthoredRoofOcclusionTests" runstate="Runnable" seed="869434624" result="Passed" start-time="2026-09-10 19:42:47Z" end-time="2026-09-10 19:42:47Z" duration="0.005324" asserts="0">
                  <properties>
                    <property name="retryIteration" value="0" />
                    <property name="repeatIteration" value="0" />
                  </properties>
                  <output><![CDATA[Final camera (46.65, 14.01, 26.45); nearest other drawn surface: none at 
]]></output>
                </test-case>
                <test-case id="1015" name="StageInspectionPipeline_HighFarPoseClearsDrawnBuildingRoofAndCeiling(97.03358f)" fullname="Studio.Tests.EditMode.StudioAuthoredRoofOcclusionTests.StageInspectionPipeline_HighFarPoseClearsDrawnBuildingRoofAndCeiling(97.03358f)" methodname="StageInspectionPipeline_HighFarPoseClearsDrawnBuildingRoofAndCeiling" classname="Studio.Tests.EditMode.StudioAuthoredRoofOcclusionTests" runstate="Runnable" seed="2063916751" result="Passed" start-time="2026-09-10 19:42:47Z" end-time="2026-09-10 19:42:47Z" duration="0.002193" asserts="0">
                  <properties>
                    <property name="retryIteration" value="0" />
                    <property name="repeatIteration" value="0" />
                  </properties>
                  <output><![CDATA[Final camera (36.35, 14.01, 39.65); nearest other drawn surface: none at 
]]></output>
                </test-case>
                <test-case id="1016" name="StageInspectionPipeline_HighFarPoseClearsDrawnBuildingRoofAndCeiling(187.0333f)" fullname="Studio.Tests.EditMode.StudioAuthoredRoofOcclusionTests.StageInspectionPipeline_HighFarPoseClearsDrawnBuildingRoofAndCeiling(187.0333f)" methodname="StageInspectionPipeline_HighFarPoseClearsDrawnBuildingRoofAndCeiling" classname="Studio.Tests.EditMode.StudioAuthoredRoofOcclusionTests" runstate="Runnable" seed="1696189857" result="Passed" start-time="2026-09-10 19:42:47Z" end-time="2026-09-10 19:42:47Z" duration="0.003044" asserts="0">
                  <properties>
                    <property name="retryIteration" value="0" />
                    <property name="repeatIteration" value="0" />
                  </properties>
                  <output><![CDATA[Final camera (49.49, 13.58, 49.48); nearest other drawn surface: Combined Mesh (root: ARCHITECTURE — Studio Systems) 6 @ hit (49.1,10.5,46.0) tri centroid (50.2,10.5,46.0) at 4.658141
]]></output>
                </test-case>
                <test-case id="1017" name="StageInspectionPipeline_HighFarPoseClearsDrawnBuildingRoofAndCeiling(277.0333f)" fullname="Studio.Tests.EditMode.StudioAuthoredRoofOcclusionTests.StageInspectionPipeline_HighFarPoseClearsDrawnBuildingRoofAndCeiling(277.0333f)" methodname="StageInspectionPipeline_HighFarPoseClearsDrawnBuildingRoofAndCeiling" classname="Studio.Tests.EditMode.StudioAuthoredRoofOcclusionTests" runstate="Runnable" seed="1607804363" result="Passed" start-time="2026-09-10 19:42:47Z" end-time="2026-09-10 19:42:47Z" duration="0.002188" asserts="0">
                  <properties>
                    <property name="retryIteration" value="0" />
                    <property name="repeatIteration" value="0" />
                  </properties>
                  <output><![CDATA[Final camera (59.85, 14.01, 36.75); nearest other drawn surface: none at 
]]></output>
                </test-case>
              </test-suite>
              <test-case id="1013" name="StageInteriorCeiling_ColliderMatchesTheAuthoredOpaqueBox_AndIsExcludedFromNavigationBake" fullname="Studio.Tests.EditMode.StudioAuthoredRoofOcclusionTests.StageInteriorCeiling_ColliderMatchesTheAuthoredOpaqueBox_AndIsExcludedFromNavigationBake" methodname="StageInteriorCeiling_ColliderMatchesTheAuthoredOpaqueBox_AndIsExcludedFromNavigationBake" classname="Studio.Tests.EditMode.StudioAuthoredRoofOcclusionTests" runstate="Runnable" seed="1601635793" result="Passed" start-time="2026-09-10 19:42:47Z" end-time="2026-09-10 19:42:47Z" duration="0.001669" asserts="0">
                <properties>
                  <property name="retryIteration" value="0" />
                  <property name="repeatIteration" value="0" />
                </properties>
              </test-case>
              <test-case id="1012" name="StageRoof_StopsTheInteriorToCameraRayAtTheSupportedHighFarPose" fullname="Studio.Tests.EditMode.StudioAuthoredRoofOcclusionTests.StageRoof_StopsTheInteriorToCameraRayAtTheSupportedHighFarPose" methodname="StageRoof_StopsTheInteriorToCameraRayAtTheSupportedHighFarPose" classname="Studio.Tests.EditMode.StudioAuthoredRoofOcclusionTests" runstate="Runnable" seed="1681071098" result="Passed" start-time="2026-09-10 19:42:47Z" end-time="2026-09-10 19:42:47Z" duration="0.000693" asserts="0">
                <properties>
                  <property name="retryIteration" value="0" />
                  <property name="repeatIteration" value="0" />
                </properties>
              </test-case>
              <test-case id="1011" name="TheAuthoredBarrelRoofsAndGable_CarryDefaultLayerMeshOccluders_MatchingTheirDrawnBounds" fullname="Studio.Tests.EditMode.StudioAuthoredRoofOcclusionTests.TheAuthoredBarrelRoofsAndGable_CarryDefaultLayerMeshOccluders_MatchingTheirDrawnBounds" methodname="TheAuthoredBarrelRoofsAndGable_CarryDefaultLayerMeshOccluders_MatchingTheirDrawnBounds" classname="Studio.Tests.EditMode.StudioAuthoredRoofOcclusionTests" runstate="Runnable" seed="675146428" result="Passed" start-time="2026-09-10 19:42:47Z" end-time="2026-09-10 19:42:47Z" duration="0.001181" asserts="0">
                <properties>
                  <property name="retryIteration" value="0" />
                  <property name="repeatIteration" value="0" />
                </properties>
              </test-case>
            </test-suite>
            <test-suite type="TestFixture" id="1022" name="StudioBridgeGeneratedUnionFixtureTests" fullname="Studio.Tests.EditMode.StudioBridgeGeneratedUnionFixtureTests" classname="Studio.Tests.EditMode.StudioBridgeGeneratedUnionFixtureTests" runstate="Runnable" testcasecount="12" result="Passed" start-time="2026-09-10 19:42:47Z" end-time="2026-09-10 19:42:47Z" duration="0.039683" total="12" passed="12" failed="0" inconclusive="0" skipped="0" asserts="0">
              <properties />
              <test-case id="1023" name="F01_StringOrNullRoundTripsRequiredNull" fullname="Studio.Tests.EditMode.StudioBridgeGeneratedUnionFixtureTests.F01_StringOrNullRoundTripsRequiredNull" methodname="F01_StringOrNullRoundTripsRequiredNull" classname="Studio.Tests.EditMode.StudioBridgeGeneratedUnionFixtureTests" runstate="Runnable" seed="1657958026" result="Passed" start-time="2026-09-10 19:42:47Z" end-time="2026-09-10 19:42:47Z" duration="0.010854" asserts="0">
                <properties>
                  <property name="retryIteration" value="0" />
                  <property name="repeatIteration" value="0" />
                </properties>
              </test-case>
              <test-case id="1024" name="F02_ObjectOrNullRoundTripsNamedChild" fullname="Studio.Tests.EditMode.StudioBridgeGeneratedUnionFixtureTests.F02_ObjectOrNullRoundTripsNamedChild" methodname="F02_ObjectOrNullRoundTripsNamedChild" classname="Studio.Tests.EditMode.StudioBridgeGeneratedUnionFixtureTests" runstate="Runnable" seed="672586117" result="Passed" start-time="2026-09-10 19:42:47Z" end-time="2026-09-10 19:42:47Z" duration="0.000740" asserts="0">
                <properties>
                  <property name="retryIteration" value="0" />
                  <property name="repeatIteration" value="0" />
                </properties>
              </test-case>
              <test-case id="1025" name="F03_CompatibleObjectsRetainTheExactAggregateShape" fullname="Studio.Tests.EditMode.StudioBridgeGeneratedUnionFixtureTests.F03_CompatibleObjectsRetainTheExactAggregateShape" methodname="F03_CompatibleObjectsRetainTheExactAggregateShape" classname="Studio.Tests.EditMode.StudioBridgeGeneratedUnionFixtureTests" runstate="Runnable" seed="2006592161" result="Passed" start-time="2026-09-10 19:42:47Z" end-time="2026-09-10 19:42:47Z" duration="0.002518" asserts="0">
                <properties>
                  <property name="retryIteration" value="0" />
                  <property name="repeatIteration" value="0" />
                </properties>
              </test-case>
              <test-case id="1026" name="F04_DiscriminatedUnionRoundTripsBothMembers" fullname="Studio.Tests.EditMode.StudioBridgeGeneratedUnionFixtureTests.F04_DiscriminatedUnionRoundTripsBothMembers" methodname="F04_DiscriminatedUnionRoundTripsBothMembers" classname="Studio.Tests.EditMode.StudioBridgeGeneratedUnionFixtureTests" runstate="Runnable" seed="1768148110" result="Passed" start-time="2026-09-10 19:42:47Z" end-time="2026-09-10 19:42:47Z" duration="0.003309" asserts="0">
                <properties>
                  <property name="retryIteration" value="0" />
                  <property name="repeatIteration" value="0" />
                </properties>
              </test-case>
              <test-case id="1027" name="F04_DiscriminatorRejectsUnknownDuplicateAndCrossMemberShapes" fullname="Studio.Tests.EditMode.StudioBridgeGeneratedUnionFixtureTests.F04_DiscriminatorRejectsUnknownDuplicateAndCrossMemberShapes" methodname="F04_DiscriminatorRejectsUnknownDuplicateAndCrossMemberShapes" classname="Studio.Tests.EditMode.StudioBridgeGeneratedUnionFixtureTests" runstate="Runnable" seed="515478266" result="Passed" start-time="2026-09-10 19:42:47Z" end-time="2026-09-10 19:42:47Z" duration="0.000955" asserts="0">
                <properties>
                  <property name="retryIteration" value="0" />
                  <property name="repeatIteration" value="0" />
                </properties>
              </test-case>
              <test-case id="1028" name="F09_ArrayItemUnionRetainsMemberTypesOrderAndFields" fullname="Studio.Tests.EditMode.StudioBridgeGeneratedUnionFixtureTests.F09_ArrayItemUnionRetainsMemberTypesOrderAndFields" methodname="F09_ArrayItemUnionRetainsMemberTypesOrderAndFields" classname="Studio.Tests.EditMode.StudioBridgeGeneratedUnionFixtureTests" runstate="Runnable" seed="1234517487" result="Passed" start-time="2026-09-10 19:42:47Z" end-time="2026-09-10 19:42:47Z" duration="0.002542" asserts="0">
                <properties>
                  <property name="retryIteration" value="0" />
                  <property name="repeatIteration" value="0" />
                </properties>
              </test-case>
              <test-case id="1030" name="F12_DiscriminatorRejectsUnknownAndDuplicateStates" fullname="Studio.Tests.EditMode.StudioBridgeGeneratedUnionFixtureTests.F12_DiscriminatorRejectsUnknownAndDuplicateStates" methodname="F12_DiscriminatorRejectsUnknownAndDuplicateStates" classname="Studio.Tests.EditMode.StudioBridgeGeneratedUnionFixtureTests" runstate="Runnable" seed="1889497996" result="Passed" start-time="2026-09-10 19:42:47Z" end-time="2026-09-10 19:42:47Z" duration="0.000411" asserts="0">
                <properties>
                  <property name="retryIteration" value="0" />
                  <property name="repeatIteration" value="0" />
                </properties>
              </test-case>
              <test-case id="1029" name="F12_ProductionStateUnionRoundTripsAllMembers" fullname="Studio.Tests.EditMode.StudioBridgeGeneratedUnionFixtureTests.F12_ProductionStateUnionRoundTripsAllMembers" methodname="F12_ProductionStateUnionRoundTripsAllMembers" classname="Studio.Tests.EditMode.StudioBridgeGeneratedUnionFixtureTests" runstate="Runnable" seed="2038825033" result="Passed" start-time="2026-09-10 19:42:47Z" end-time="2026-09-10 19:42:47Z" duration="0.003884" asserts="0">
                <properties>
                  <property name="retryIteration" value="0" />
                  <property name="repeatIteration" value="0" />
                </properties>
              </test-case>
              <test-case id="1033" name="RuntimeProductionCommandUnionRoundTripsAllMembers" fullname="Studio.Tests.EditMode.StudioBridgeGeneratedUnionFixtureTests.RuntimeProductionCommandUnionRoundTripsAllMembers" methodname="RuntimeProductionCommandUnionRoundTripsAllMembers" classname="Studio.Tests.EditMode.StudioBridgeGeneratedUnionFixtureTests" runstate="Runnable" seed="634591531" result="Passed" start-time="2026-09-10 19:42:47Z" end-time="2026-09-10 19:42:47Z" duration="0.002751" asserts="0">
                <properties>
                  <property name="retryIteration" value="0" />
                  <property name="repeatIteration" value="0" />
                </properties>
              </test-case>
              <test-case id="1031" name="RuntimeQuoteRequestUnionRoundTripsBothConcreteDrafts" fullname="Studio.Tests.EditMode.StudioBridgeGeneratedUnionFixtureTests.RuntimeQuoteRequestUnionRoundTripsBothConcreteDrafts" methodname="RuntimeQuoteRequestUnionRoundTripsBothConcreteDrafts" classname="Studio.Tests.EditMode.StudioBridgeGeneratedUnionFixtureTests" runstate="Runnable" seed="1608723008" result="Passed" start-time="2026-09-10 19:42:47Z" end-time="2026-09-10 19:42:47Z" duration="0.004178" asserts="0">
                <properties>
                  <property name="retryIteration" value="0" />
                  <property name="repeatIteration" value="0" />
                </properties>
              </test-case>
              <test-case id="1032" name="RuntimeQuoteSnapshotUnionRoundTripsBothMembersAndNullableFields" fullname="Studio.Tests.EditMode.StudioBridgeGeneratedUnionFixtureTests.RuntimeQuoteSnapshotUnionRoundTripsBothMembersAndNullableFields" methodname="RuntimeQuoteSnapshotUnionRoundTripsBothMembersAndNullableFields" classname="Studio.Tests.EditMode.StudioBridgeGeneratedUnionFixtureTests" runstate="Runnable" seed="1890875438" result="Passed" start-time="2026-09-10 19:42:47Z" end-time="2026-09-10 19:42:47Z" duration="0.005218" asserts="0">
                <properties>
                  <property name="retryIteration" value="0" />
                  <property name="repeatIteration" value="0" />
                </properties>
              </test-case>
              <test-case id="1034" name="RuntimeUnionsRejectUnknownDuplicateAndInvalidMemberCombinations" fullname="Studio.Tests.EditMode.StudioBridgeGeneratedUnionFixtureTests.RuntimeUnionsRejectUnknownDuplicateAndInvalidMemberCombinations" methodname="RuntimeUnionsRejectUnknownDuplicateAndInvalidMemberCombinations" classname="Studio.Tests.EditMode.StudioBridgeGeneratedUnionFixtureTests" runstate="Runnable" seed="647373534" result="Passed" start-time="2026-09-10 19:42:47Z" end-time="2026-09-10 19:42:47Z" duration="0.000886" asserts="0">
                <properties>
                  <property name="retryIteration" value="0" />
                  <property name="repeatIteration" value="0" />
                </properties>
              </test-case>
            </test-suite>
            <test-suite type="TestFixture" id="1035" name="StudioBridgePendingPostTests" fullname="Studio.Tests.EditMode.StudioBridgePendingPostTests" classname="Studio.Tests.EditMode.StudioBridgePendingPostTests" runstate="Runnable" testcasecount="16" result="Passed" start-time="2026-09-10 19:42:47Z" end-time="2026-09-10 19:42:47Z" duration="0.009106" total="16" passed="16" failed="0" inconclusive="0" skipped="0" asserts="0">
              <properties />
              <test-case id="1050" name="CompletionPolicy_PublishesFreshAuthorityAndSuppressesHistoricalGuidance" fullname="Studio.Tests.EditMode.StudioBridgePendingPostTests.CompletionPolicy_PublishesFreshAuthorityAndSuppressesHistoricalGuidance" methodname="CompletionPolicy_PublishesFreshAuthorityAndSuppressesHistoricalGuidance" classname="Studio.Tests.EditMode.StudioBridgePendingPostTests" runstate="Runnable" seed="1301198228" result="Passed" start-time="2026-09-10 19:42:47Z" end-time="2026-09-10 19:42:47Z" duration="0.000473" asserts="0">
                <properties>
                  <property name="retryIteration" value="0" />
                  <property name="repeatIteration" value="0" />
                </properties>
              </test-case>
              <test-case id="1042" name="Lifecycle_AbandonPreventsRetryAfterDefinitiveOrTerminalFailure" fullname="Studio.Tests.EditMode.StudioBridgePendingPostTests.Lifecycle_AbandonPreventsRetryAfterDefinitiveOrTerminalFailure" methodname="Lifecycle_AbandonPreventsRetryAfterDefinitiveOrTerminalFailure" classname="Studio.Tests.EditMode.StudioBridgePendingPostTests" runstate="Runnable" seed="513578125" result="Passed" start-time="2026-09-10 19:42:47Z" end-time="2026-09-10 19:42:47Z" duration="0.001011" asserts="0">
                <properties>
                  <property name="retryIteration" value="0" />
                  <property name="repeatIteration" value="0" />
                </properties>
              </test-case>
              <test-suite type="ParameterizedMethod" id="1047" name="Lifecycle_RejectsRouteOperationMismatch" fullname="Studio.Tests.EditMode.StudioBridgePendingPostTests.Lifecycle_RejectsRouteOperationMismatch" classname="Studio.Tests.EditMode.StudioBridgePendingPostTests" runstate="Runnable" testcasecount="3" result="Passed" start-time="2026-09-10 19:42:47Z" end-time="2026-09-10 19:42:47Z" duration="0.000412" total="3" passed="3" failed="0" inconclusive="0" skipped="0" asserts="0">
                <properties />
                <test-case id="1044" name="Lifecycle_RejectsRouteOperationMismatch(Command,&quot;/save&quot;)" fullname="Studio.Tests.EditMode.StudioBridgePendingPostTests.Lifecycle_RejectsRouteOperationMismatch(Command,&quot;/save&quot;)" methodname="Lifecycle_RejectsRouteOperationMismatch" classname="Studio.Tests.EditMode.StudioBridgePendingPostTests" runstate="Runnable" seed="2116969286" result="Passed" start-time="2026-09-10 19:42:47Z" end-time="2026-09-10 19:42:47Z" duration="0.000153" asserts="0">
                  <properties>
                    <property name="retryIteration" value="0" />
                    <property name="repeatIteration" value="0" />
                  </properties>
                </test-case>
                <test-case id="1045" name="Lifecycle_RejectsRouteOperationMismatch(Save,&quot;/load&quot;)" fullname="Studio.Tests.EditMode.StudioBridgePendingPostTests.Lifecycle_RejectsRouteOperationMismatch(Save,&quot;/load&quot;)" methodname="Lifecycle_RejectsRouteOperationMismatch" classname="Studio.Tests.EditMode.StudioBridgePendingPostTests" runstate="Runnable" seed="219714255" result="Passed" start-time="2026-09-10 19:42:47Z" end-time="2026-09-10 19:42:47Z" duration="0.000029" asserts="0">
                  <properties>
                    <property name="retryIteration" value="0" />
                    <property name="repeatIteration" value="0" />
                  </properties>
                </test-case>
                <test-case id="1046" name="Lifecycle_RejectsRouteOperationMismatch(Load,&quot;/command&quot;)" fullname="Studio.Tests.EditMode.StudioBridgePendingPostTests.Lifecycle_RejectsRouteOperationMismatch(Load,&quot;/command&quot;)" methodname="Lifecycle_RejectsRouteOperationMismatch" classname="Studio.Tests.EditMode.StudioBridgePendingPostTests" runstate="Runnable" seed="60583156" result="Passed" start-time="2026-09-10 19:42:47Z" end-time="2026-09-10 19:42:47Z" duration="0.000029" asserts="0">
                  <properties>
                    <property name="retryIteration" value="0" />
                    <property name="repeatIteration" value="0" />
                  </properties>
                </test-case>
              </test-suite>
              <test-case id="1040" name="Lifecycle_RequiresTransportLossAndSameLogicalSessionBeforeRetry" fullname="Studio.Tests.EditMode.StudioBridgePendingPostTests.Lifecycle_RequiresTransportLossAndSameLogicalSessionBeforeRetry" methodname="Lifecycle_RequiresTransportLossAndSameLogicalSessionBeforeRetry" classname="Studio.Tests.EditMode.StudioBridgePendingPostTests" runstate="Runnable" seed="776363065" result="Passed" start-time="2026-09-10 19:42:47Z" end-time="2026-09-10 19:42:47Z" duration="0.000159" asserts="0">
                <properties>
                  <property name="retryIteration" value="0" />
                  <property name="repeatIteration" value="0" />
                </properties>
              </test-case>
              <test-suite type="ParameterizedMethod" id="1039" name="Lifecycle_RetriesExactImmutableBytesAndRecordsProofHashes" fullname="Studio.Tests.EditMode.StudioBridgePendingPostTests.Lifecycle_RetriesExactImmutableBytesAndRecordsProofHashes" classname="Studio.Tests.EditMode.StudioBridgePendingPostTests" runstate="Runnable" testcasecount="3" result="Passed" start-time="2026-09-10 19:42:47Z" end-time="2026-09-10 19:42:47Z" duration="0.000915" total="3" passed="3" failed="0" inconclusive="0" skipped="0" asserts="0">
                <properties />
                <test-case id="1036" name="Lifecycle_RetriesExactImmutableBytesAndRecordsProofHashes(Command,&quot;/command&quot;)" fullname="Studio.Tests.EditMode.StudioBridgePendingPostTests.Lifecycle_RetriesExactImmutableBytesAndRecordsProofHashes(Command,&quot;/command&quot;)" methodname="Lifecycle_RetriesExactImmutableBytesAndRecordsProofHashes" classname="Studio.Tests.EditMode.StudioBridgePendingPostTests" runstate="Runnable" seed="2052664929" result="Passed" start-time="2026-09-10 19:42:47Z" end-time="2026-09-10 19:42:47Z" duration="0.000589" asserts="0">
                  <properties>
                    <property name="retryIteration" value="0" />
                    <property name="repeatIteration" value="0" />
                  </properties>
                </test-case>
                <test-case id="1037" name="Lifecycle_RetriesExactImmutableBytesAndRecordsProofHashes(Save,&quot;/save&quot;)" fullname="Studio.Tests.EditMode.StudioBridgePendingPostTests.Lifecycle_RetriesExactImmutableBytesAndRecordsProofHashes(Save,&quot;/save&quot;)" methodname="Lifecycle_RetriesExactImmutableBytesAndRecordsProofHashes" classname="Studio.Tests.EditMode.StudioBridgePendingPostTests" runstate="Runnable" seed="716438708" result="Passed" start-time="2026-09-10 19:42:47Z" end-time="2026-09-10 19:42:47Z" duration="0.000078" asserts="0">
                  <properties>
                    <property name="retryIteration" value="0" />
                    <property name="repeatIteration" value="0" />
                  </properties>
                </test-case>
                <test-case id="1038" name="Lifecycle_RetriesExactImmutableBytesAndRecordsProofHashes(Load,&quot;/load&quot;)" fullname="Studio.Tests.EditMode.StudioBridgePendingPostTests.Lifecycle_RetriesExactImmutableBytesAndRecordsProofHashes(Load,&quot;/load&quot;)" methodname="Lifecycle_RetriesExactImmutableBytesAndRecordsProofHashes" classname="Studio.Tests.EditMode.StudioBridgePendingPostTests" runstate="Runnable" seed="504437996" result="Passed" start-time="2026-09-10 19:42:47Z" end-time="2026-09-10 19:42:47Z" duration="0.000074" asserts="0">
                  <properties>
                    <property name="retryIteration" value="0" />
                    <property name="repeatIteration" value="0" />
                  </properties>
                </test-case>
              </test-suite>
              <test-case id="1041" name="Lifecycle_ReusesTheSameEnvelopeAcrossRepeatedTransportLoss" fullname="Studio.Tests.EditMode.StudioBridgePendingPostTests.Lifecycle_ReusesTheSameEnvelopeAcrossRepeatedTransportLoss" methodname="Lifecycle_ReusesTheSameEnvelopeAcrossRepeatedTransportLoss" classname="Studio.Tests.EditMode.StudioBridgePendingPostTests" runstate="Runnable" seed="1605629295" result="Passed" start-time="2026-09-10 19:42:47Z" end-time="2026-09-10 19:42:47Z" duration="0.000127" asserts="0">
                <properties>
                  <property name="retryIteration" value="0" />
                  <property name="repeatIteration" value="0" />
                </properties>
              </test-case>
              <test-case id="1043" name="Lifecycle_SessionChangeDiscardsRecoveredResponseBeforeFreshProjection" fullname="Studio.Tests.EditMode.StudioBridgePendingPostTests.Lifecycle_SessionChangeDiscardsRecoveredResponseBeforeFreshProjection" methodname="Lifecycle_SessionChangeDiscardsRecoveredResponseBeforeFreshProjection" classname="Studio.Tests.EditMode.StudioBridgePendingPostTests" runstate="Runnable" seed="1006327788" result="Passed" start-time="2026-09-10 19:42:47Z" end-time="2026-09-10 19:42:47Z" duration="0.000195" asserts="0">
                <properties>
                  <property name="retryIteration" value="0" />
                  <property name="repeatIteration" value="0" />
                </properties>
              </test-case>
              <test-case id="1048" name="ResponseJoin_AllowsCurrentFreshHistoricalAndAdvancedStaleOutcomes" fullname="Studio.Tests.EditMode.StudioBridgePendingPostTests.ResponseJoin_AllowsCurrentFreshHistoricalAndAdvancedStaleOutcomes" methodname="ResponseJoin_AllowsCurrentFreshHistoricalAndAdvancedStaleOutcomes" classname="Studio.Tests.EditMode.StudioBridgePendingPostTests" runstate="Runnable" seed="1232345141" result="Passed" start-time="2026-09-10 19:42:47Z" end-time="2026-09-10 19:42:47Z" duration="0.000426" asserts="0">
                <properties>
                  <property name="retryIteration" value="0" />
                  <property name="repeatIteration" value="0" />
                </properties>
              </test-case>
              <test-case id="1049" name="ResponseJoin_FailsClosedOnContradictoryAuthority" fullname="Studio.Tests.EditMode.StudioBridgePendingPostTests.ResponseJoin_FailsClosedOnContradictoryAuthority" methodname="ResponseJoin_FailsClosedOnContradictoryAuthority" classname="Studio.Tests.EditMode.StudioBridgePendingPostTests" runstate="Runnable" seed="9926436" result="Passed" start-time="2026-09-10 19:42:47Z" end-time="2026-09-10 19:42:47Z" duration="0.000284" asserts="0">
                <properties>
                  <property name="retryIteration" value="0" />
                  <property name="repeatIteration" value="0" />
                </properties>
              </test-case>
              <test-suite type="ParameterizedMethod" id="1054" name="Transport_PostUtf8PreservesExactBodyAndCapability" fullname="Studio.Tests.EditMode.StudioBridgePendingPostTests.Transport_PostUtf8PreservesExactBodyAndCapability" classname="Studio.Tests.EditMode.StudioBridgePendingPostTests" runstate="Runnable" testcasecount="3" result="Passed" start-time="2026-09-10 19:42:47Z" end-time="2026-09-10 19:42:47Z" duration="0.004248" total="3" passed="3" failed="0" inconclusive="0" skipped="0" asserts="0">
                <properties />
                <test-case id="1051" name="Transport_PostUtf8PreservesExactBodyAndCapability(&quot;/command&quot;)" fullname="Studio.Tests.EditMode.StudioBridgePendingPostTests.Transport_PostUtf8PreservesExactBodyAndCapability(&quot;/command&quot;)" methodname="Transport_PostUtf8PreservesExactBodyAndCapability" classname="Studio.Tests.EditMode.StudioBridgePendingPostTests" runstate="Runnable" seed="884358710" result="Passed" start-time="2026-09-10 19:42:47Z" end-time="2026-09-10 19:42:47Z" duration="0.003948" asserts="0">
                  <properties>
                    <property name="retryIteration" value="0" />
                    <property name="repeatIteration" value="0" />
                  </properties>
                </test-case>
                <test-case id="1052" name="Transport_PostUtf8PreservesExactBodyAndCapability(&quot;/save&quot;)" fullname="Studio.Tests.EditMode.StudioBridgePendingPostTests.Transport_PostUtf8PreservesExactBodyAndCapability(&quot;/save&quot;)" methodname="Transport_PostUtf8PreservesExactBodyAndCapability" classname="Studio.Tests.EditMode.StudioBridgePendingPostTests" runstate="Runnable" seed="982208" result="Passed" start-time="2026-09-10 19:42:47Z" end-time="2026-09-10 19:42:47Z" duration="0.000075" asserts="0">
                  <properties>
                    <property name="retryIteration" value="0" />
                    <property name="repeatIteration" value="0" />
                  </properties>
                </test-case>
                <test-case id="1053" name="Transport_PostUtf8PreservesExactBodyAndCapability(&quot;/load&quot;)" fullname="Studio.Tests.EditMode.StudioBridgePendingPostTests.Transport_PostUtf8PreservesExactBodyAndCapability(&quot;/load&quot;)" methodname="Transport_PostUtf8PreservesExactBodyAndCapability" classname="Studio.Tests.EditMode.StudioBridgePendingPostTests" runstate="Runnable" seed="1746144785" result="Passed" start-time="2026-09-10 19:42:47Z" end-time="2026-09-10 19:42:47Z" duration="0.000044" asserts="0">
                  <properties>
                    <property name="retryIteration" value="0" />
                    <property name="repeatIteration" value="0" />
                  </properties>
                </test-case>
              </test-suite>
            </test-suite>
            <test-suite type="TestFixture" id="1055" name="StudioBridgePlayerWorkflowTests" fullname="Studio.Tests.EditMode.StudioBridgePlayerWorkflowTests" classname="Studio.Tests.EditMode.StudioBridgePlayerWorkflowTests" runstate="Runnable" testcasecount="26" result="Passed" start-time="2026-09-10 19:42:47Z" end-time="2026-09-10 19:42:47Z" duration="0.027660" total="26" passed="26" failed="0" inconclusive="0" skipped="0" asserts="0">
              <properties />
              <test-case id="1073" name="AmbiguousPlayerAttempt_CountsOnlyAfterSameSessionRetryAndRecoveredCompletion" fullname="Studio.Tests.EditMode.StudioBridgePlayerWorkflowTests.AmbiguousPlayerAttempt_CountsOnlyAfterSameSessionRetryAndRecoveredCompletion" methodname="AmbiguousPlayerAttempt_CountsOnlyAfterSameSessionRetryAndRecoveredCompletion" classname="Studio.Tests.EditMode.StudioBridgePlayerWorkflowTests" runstate="Runnable" seed="1992422179" result="Passed" start-time="2026-09-10 19:42:47Z" end-time="2026-09-10 19:42:47Z" duration="0.001497" asserts="0">
                <properties>
                  <property name="retryIteration" value="0" />
                  <property name="repeatIteration" value="0" />
                </properties>
              </test-case>
              <test-case id="1071" name="ButtonEvidenceValidation_RejectsNonFiniteNonPositiveAndOffscreenRects" fullname="Studio.Tests.EditMode.StudioBridgePlayerWorkflowTests.ButtonEvidenceValidation_RejectsNonFiniteNonPositiveAndOffscreenRects" methodname="ButtonEvidenceValidation_RejectsNonFiniteNonPositiveAndOffscreenRects" classname="Studio.Tests.EditMode.StudioBridgePlayerWorkflowTests" runstate="Runnable" seed="1173610850" result="Passed" start-time="2026-09-10 19:42:47Z" end-time="2026-09-10 19:42:47Z" duration="0.000389" asserts="0">
                <properties>
                  <property name="retryIteration" value="0" />
                  <property name="repeatIteration" value="0" />
                </properties>
              </test-case>
              <test-case id="1063" name="CastChoiceHeading_RequiresReviewedAuditionsAndMultipleDistinctGreenlights" fullname="Studio.Tests.EditMode.StudioBridgePlayerWorkflowTests.CastChoiceHeading_RequiresReviewedAuditionsAndMultipleDistinctGreenlights" methodname="CastChoiceHeading_RequiresReviewedAuditionsAndMultipleDistinctGreenlights" classname="Studio.Tests.EditMode.StudioBridgePlayerWorkflowTests" runstate="Runnable" seed="1505680563" result="Passed" start-time="2026-09-10 19:42:47Z" end-time="2026-09-10 19:42:47Z" duration="0.000367" asserts="0">
                <properties>
                  <property name="retryIteration" value="0" />
                  <property name="repeatIteration" value="0" />
                </properties>
              </test-case>
              <test-case id="1062" name="CastingQuoteRequest_SerializesToTheExactWireEnvelopeAndDraftShape" fullname="Studio.Tests.EditMode.StudioBridgePlayerWorkflowTests.CastingQuoteRequest_SerializesToTheExactWireEnvelopeAndDraftShape" methodname="CastingQuoteRequest_SerializesToTheExactWireEnvelopeAndDraftShape" classname="Studio.Tests.EditMode.StudioBridgePlayerWorkflowTests" runstate="Runnable" seed="329035022" result="Passed" start-time="2026-09-10 19:42:47Z" end-time="2026-09-10 19:42:47Z" duration="0.001262" asserts="0">
                <properties>
                  <property name="retryIteration" value="0" />
                  <property name="repeatIteration" value="0" />
                </properties>
              </test-case>
              <test-case id="1061" name="CastingQuoteTransport_MirrorsTheCommissionQuoteSingleFlightNonMutatingLifecycle" fullname="Studio.Tests.EditMode.StudioBridgePlayerWorkflowTests.CastingQuoteTransport_MirrorsTheCommissionQuoteSingleFlightNonMutatingLifecycle" methodname="CastingQuoteTransport_MirrorsTheCommissionQuoteSingleFlightNonMutatingLifecycle" classname="Studio.Tests.EditMode.StudioBridgePlayerWorkflowTests" runstate="Runnable" seed="1473874842" result="Passed" start-time="2026-09-10 19:42:47Z" end-time="2026-09-10 19:42:47Z" duration="0.005713" asserts="0">
                <properties>
                  <property name="retryIteration" value="0" />
                  <property name="repeatIteration" value="0" />
                </properties>
              </test-case>
              <test-case id="1060" name="CastingVerbs_CedeTogetherToADeclaredWorkspaceOwnerAndFallBackWithoutOne" fullname="Studio.Tests.EditMode.StudioBridgePlayerWorkflowTests.CastingVerbs_CedeTogetherToADeclaredWorkspaceOwnerAndFallBackWithoutOne" methodname="CastingVerbs_CedeTogetherToADeclaredWorkspaceOwnerAndFallBackWithoutOne" classname="Studio.Tests.EditMode.StudioBridgePlayerWorkflowTests" runstate="Runnable" seed="67967451" result="Passed" start-time="2026-09-10 19:42:47Z" end-time="2026-09-10 19:42:47Z" duration="0.001683" asserts="0">
                <properties>
                  <property name="retryIteration" value="0" />
                  <property name="repeatIteration" value="0" />
                </properties>
              </test-case>
              <test-case id="1079" name="DifferentPostWithCopiedIdentity_FailsClosedWithoutCounting" fullname="Studio.Tests.EditMode.StudioBridgePlayerWorkflowTests.DifferentPostWithCopiedIdentity_FailsClosedWithoutCounting" methodname="DifferentPostWithCopiedIdentity_FailsClosedWithoutCounting" classname="Studio.Tests.EditMode.StudioBridgePlayerWorkflowTests" runstate="Runnable" seed="985269381" result="Passed" start-time="2026-09-10 19:42:47Z" end-time="2026-09-10 19:42:47Z" duration="0.001375" asserts="0">
                <properties>
                  <property name="retryIteration" value="0" />
                  <property name="repeatIteration" value="0" />
                </properties>
                <output><![CDATA[[Studio Bridge] Accepted player workflow response did not match its retained action.
]]></output>
              </test-case>
              <test-case id="1057" name="FoundingWorkflow_DetectsAuthorityFoundingAndExcludesItsKindsFromMemoButtons" fullname="Studio.Tests.EditMode.StudioBridgePlayerWorkflowTests.FoundingWorkflow_DetectsAuthorityFoundingAndExcludesItsKindsFromMemoButtons" methodname="FoundingWorkflow_DetectsAuthorityFoundingAndExcludesItsKindsFromMemoButtons" classname="Studio.Tests.EditMode.StudioBridgePlayerWorkflowTests" runstate="Runnable" seed="893966094" result="Passed" start-time="2026-09-10 19:42:47Z" end-time="2026-09-10 19:42:47Z" duration="0.000604" asserts="0">
                <properties>
                  <property name="retryIteration" value="0" />
                  <property name="repeatIteration" value="0" />
                </properties>
              </test-case>
              <test-case id="1080" name="InitialRejection_CompletesLifecycleAndClearsOriginWithoutAcceptance" fullname="Studio.Tests.EditMode.StudioBridgePlayerWorkflowTests.InitialRejection_CompletesLifecycleAndClearsOriginWithoutAcceptance" methodname="InitialRejection_CompletesLifecycleAndClearsOriginWithoutAcceptance" classname="Studio.Tests.EditMode.StudioBridgePlayerWorkflowTests" runstate="Runnable" seed="342214297" result="Passed" start-time="2026-09-10 19:42:47Z" end-time="2026-09-10 19:42:47Z" duration="0.000316" asserts="0">
                <properties>
                  <property name="retryIteration" value="0" />
                  <property name="repeatIteration" value="0" />
                </properties>
              </test-case>
              <test-case id="1072" name="MatchingPlayerResponse_CountsOnceAndPreservesExactAttemptEvidence" fullname="Studio.Tests.EditMode.StudioBridgePlayerWorkflowTests.MatchingPlayerResponse_CountsOnceAndPreservesExactAttemptEvidence" methodname="MatchingPlayerResponse_CountsOnceAndPreservesExactAttemptEvidence" classname="Studio.Tests.EditMode.StudioBridgePlayerWorkflowTests" runstate="Runnable" seed="1631280635" result="Passed" start-time="2026-09-10 19:42:47Z" end-time="2026-09-10 19:42:47Z" duration="0.000678" asserts="0">
                <properties>
                  <property name="retryIteration" value="0" />
                  <property name="repeatIteration" value="0" />
                </properties>
              </test-case>
              <test-suite type="ParameterizedMethod" id="1078" name="MismatchedPlayerResponse_FailsClosedWithoutCounting" fullname="Studio.Tests.EditMode.StudioBridgePlayerWorkflowTests.MismatchedPlayerResponse_FailsClosedWithoutCounting" classname="Studio.Tests.EditMode.StudioBridgePlayerWorkflowTests" runstate="Runnable" testcasecount="4" result="Passed" start-time="2026-09-10 19:42:47Z" end-time="2026-09-10 19:42:47Z" duration="0.001951" total="4" passed="4" failed="0" inconclusive="0" skipped="0" asserts="0">
                <properties />
                <test-case id="1074" name="MismatchedPlayerResponse_FailsClosedWithoutCounting(&quot;wrong-command&quot;,&quot;session-a&quot;,8)" fullname="Studio.Tests.EditMode.StudioBridgePlayerWorkflowTests.MismatchedPlayerResponse_FailsClosedWithoutCounting(&quot;wrong-command&quot;,&quot;session-a&quot;,8)" methodname="MismatchedPlayerResponse_FailsClosedWithoutCounting" classname="Studio.Tests.EditMode.StudioBridgePlayerWorkflowTests" runstate="Runnable" seed="616922460" result="Passed" start-time="2026-09-10 19:42:47Z" end-time="2026-09-10 19:42:47Z" duration="0.000546" asserts="0">
                  <properties>
                    <property name="retryIteration" value="0" />
                    <property name="repeatIteration" value="0" />
                  </properties>
                  <output><![CDATA[[Studio Bridge] Accepted player workflow response changed its command, session, or revision.
]]></output>
                </test-case>
                <test-case id="1075" name="MismatchedPlayerResponse_FailsClosedWithoutCounting(&quot;command-a&quot;,&quot;wrong-session&quot;,8)" fullname="Studio.Tests.EditMode.StudioBridgePlayerWorkflowTests.MismatchedPlayerResponse_FailsClosedWithoutCounting(&quot;command-a&quot;,&quot;wrong-session&quot;,8)" methodname="MismatchedPlayerResponse_FailsClosedWithoutCounting" classname="Studio.Tests.EditMode.StudioBridgePlayerWorkflowTests" runstate="Runnable" seed="1601090138" result="Passed" start-time="2026-09-10 19:42:47Z" end-time="2026-09-10 19:42:47Z" duration="0.000345" asserts="0">
                  <properties>
                    <property name="retryIteration" value="0" />
                    <property name="repeatIteration" value="0" />
                  </properties>
                  <output><![CDATA[[Studio Bridge] Accepted player workflow response changed its command, session, or revision.
]]></output>
                </test-case>
                <test-case id="1076" name="MismatchedPlayerResponse_FailsClosedWithoutCounting(&quot;command-a&quot;,&quot;session-a&quot;,7)" fullname="Studio.Tests.EditMode.StudioBridgePlayerWorkflowTests.MismatchedPlayerResponse_FailsClosedWithoutCounting(&quot;command-a&quot;,&quot;session-a&quot;,7)" methodname="MismatchedPlayerResponse_FailsClosedWithoutCounting" classname="Studio.Tests.EditMode.StudioBridgePlayerWorkflowTests" runstate="Runnable" seed="147476232" result="Passed" start-time="2026-09-10 19:42:47Z" end-time="2026-09-10 19:42:47Z" duration="0.000373" asserts="0">
                  <properties>
                    <property name="retryIteration" value="0" />
                    <property name="repeatIteration" value="0" />
                  </properties>
                  <output><![CDATA[[Studio Bridge] Accepted player workflow response changed its command, session, or revision.
]]></output>
                </test-case>
                <test-case id="1077" name="MismatchedPlayerResponse_FailsClosedWithoutCounting(&quot;command-a&quot;,&quot;session-a&quot;,9)" fullname="Studio.Tests.EditMode.StudioBridgePlayerWorkflowTests.MismatchedPlayerResponse_FailsClosedWithoutCounting(&quot;command-a&quot;,&quot;session-a&quot;,9)" methodname="MismatchedPlayerResponse_FailsClosedWithoutCounting" classname="Studio.Tests.EditMode.StudioBridgePlayerWorkflowTests" runstate="Runnable" seed="264392764" result="Passed" start-time="2026-09-10 19:42:47Z" end-time="2026-09-10 19:42:47Z" duration="0.000358" asserts="0">
                  <properties>
                    <property name="retryIteration" value="0" />
                    <property name="repeatIteration" value="0" />
                  </properties>
                  <output><![CDATA[[Studio Bridge] Accepted player workflow response changed its command, session, or revision.
]]></output>
                </test-case>
              </test-suite>
              <test-case id="1056" name="PlayerPanelSource_HidesDiagnosticsAndRoutesOnlyRenderedControlsThroughWorkflowSeam" fullname="Studio.Tests.EditMode.StudioBridgePlayerWorkflowTests.PlayerPanelSource_HidesDiagnosticsAndRoutesOnlyRenderedControlsThroughWorkflowSeam" methodname="PlayerPanelSource_HidesDiagnosticsAndRoutesOnlyRenderedControlsThroughWorkflowSeam" classname="Studio.Tests.EditMode.StudioBridgePlayerWorkflowTests" runstate="Runnable" seed="427779834" result="Passed" start-time="2026-09-10 19:42:47Z" end-time="2026-09-10 19:42:47Z" duration="0.005489" asserts="0">
                <properties>
                  <property name="retryIteration" value="0" />
                  <property name="repeatIteration" value="0" />
                </properties>
              </test-case>
              <test-case id="1083" name="PublicAndProofDirectPaths_CannotCreatePlayerWorkflowFacts" fullname="Studio.Tests.EditMode.StudioBridgePlayerWorkflowTests.PublicAndProofDirectPaths_CannotCreatePlayerWorkflowFacts" methodname="PublicAndProofDirectPaths_CannotCreatePlayerWorkflowFacts" classname="Studio.Tests.EditMode.StudioBridgePlayerWorkflowTests" runstate="Runnable" seed="40046235" result="Passed" start-time="2026-09-10 19:42:47Z" end-time="2026-09-10 19:42:47Z" duration="0.000491" asserts="0">
                <properties>
                  <property name="retryIteration" value="0" />
                  <property name="repeatIteration" value="0" />
                </properties>
              </test-case>
              <test-case id="1081" name="RecoveredRejection_ClearsOriginBeforeFreshLifecycleCompletionWithoutAcceptance" fullname="Studio.Tests.EditMode.StudioBridgePlayerWorkflowTests.RecoveredRejection_ClearsOriginBeforeFreshLifecycleCompletionWithoutAcceptance" methodname="RecoveredRejection_ClearsOriginBeforeFreshLifecycleCompletionWithoutAcceptance" classname="Studio.Tests.EditMode.StudioBridgePlayerWorkflowTests" runstate="Runnable" seed="1742559581" result="Passed" start-time="2026-09-10 19:42:47Z" end-time="2026-09-10 19:42:47Z" duration="0.000323" asserts="0">
                <properties>
                  <property name="retryIteration" value="0" />
                  <property name="repeatIteration" value="0" />
                </properties>
              </test-case>
              <test-suite type="ParameterizedMethod" id="1068" name="ReleaseReception_RequiresExactReleasedProduction" fullname="Studio.Tests.EditMode.StudioBridgePlayerWorkflowTests.ReleaseReception_RequiresExactReleasedProduction" classname="Studio.Tests.EditMode.StudioBridgePlayerWorkflowTests" runstate="Runnable" testcasecount="4" result="Passed" start-time="2026-09-10 19:42:47Z" end-time="2026-09-10 19:42:47Z" duration="0.000739" total="4" passed="4" failed="0" inconclusive="0" skipped="0" asserts="0">
                <properties />
                <test-case id="1064" name="ReleaseReception_RequiresExactReleasedProduction(&quot;flop&quot;,&quot;FLOP&quot;)" fullname="Studio.Tests.EditMode.StudioBridgePlayerWorkflowTests.ReleaseReception_RequiresExactReleasedProduction(&quot;flop&quot;,&quot;FLOP&quot;)" methodname="ReleaseReception_RequiresExactReleasedProduction" classname="Studio.Tests.EditMode.StudioBridgePlayerWorkflowTests" runstate="Runnable" seed="1618900545" result="Passed" start-time="2026-09-10 19:42:47Z" end-time="2026-09-10 19:42:47Z" duration="0.000313" asserts="0">
                  <properties>
                    <property name="retryIteration" value="0" />
                    <property name="repeatIteration" value="0" />
                  </properties>
                </test-case>
                <test-case id="1065" name="ReleaseReception_RequiresExactReleasedProduction(&quot;mixed&quot;,&quot;MIXED&quot;)" fullname="Studio.Tests.EditMode.StudioBridgePlayerWorkflowTests.ReleaseReception_RequiresExactReleasedProduction(&quot;mixed&quot;,&quot;MIXED&quot;)" methodname="ReleaseReception_RequiresExactReleasedProduction" classname="Studio.Tests.EditMode.StudioBridgePlayerWorkflowTests" runstate="Runnable" seed="615263976" result="Passed" start-time="2026-09-10 19:42:47Z" end-time="2026-09-10 19:42:47Z" duration="0.000050" asserts="0">
                  <properties>
                    <property name="retryIteration" value="0" />
                    <property name="repeatIteration" value="0" />
                  </properties>
                </test-case>
                <test-case id="1066" name="ReleaseReception_RequiresExactReleasedProduction(&quot;hit&quot;,&quot;HIT&quot;)" fullname="Studio.Tests.EditMode.StudioBridgePlayerWorkflowTests.ReleaseReception_RequiresExactReleasedProduction(&quot;hit&quot;,&quot;HIT&quot;)" methodname="ReleaseReception_RequiresExactReleasedProduction" classname="Studio.Tests.EditMode.StudioBridgePlayerWorkflowTests" runstate="Runnable" seed="683996859" result="Passed" start-time="2026-09-10 19:42:47Z" end-time="2026-09-10 19:42:47Z" duration="0.000051" asserts="0">
                  <properties>
                    <property name="retryIteration" value="0" />
                    <property name="repeatIteration" value="0" />
                  </properties>
                </test-case>
                <test-case id="1067" name="ReleaseReception_RequiresExactReleasedProduction(&quot;smash&quot;,&quot;SMASH&quot;)" fullname="Studio.Tests.EditMode.StudioBridgePlayerWorkflowTests.ReleaseReception_RequiresExactReleasedProduction(&quot;smash&quot;,&quot;SMASH&quot;)" methodname="ReleaseReception_RequiresExactReleasedProduction" classname="Studio.Tests.EditMode.StudioBridgePlayerWorkflowTests" runstate="Runnable" seed="1273973415" result="Passed" start-time="2026-09-10 19:42:47Z" end-time="2026-09-10 19:42:47Z" duration="0.000054" asserts="0">
                  <properties>
                    <property name="retryIteration" value="0" />
                    <property name="repeatIteration" value="0" />
                  </properties>
                </test-case>
              </test-suite>
              <test-case id="1069" name="ReleaseReceptionMemo_StaysCriticOnly_NeverAudienceBusinessOrMoney" fullname="Studio.Tests.EditMode.StudioBridgePlayerWorkflowTests.ReleaseReceptionMemo_StaysCriticOnly_NeverAudienceBusinessOrMoney" methodname="ReleaseReceptionMemo_StaysCriticOnly_NeverAudienceBusinessOrMoney" classname="Studio.Tests.EditMode.StudioBridgePlayerWorkflowTests" runstate="Runnable" seed="1249649088" result="Passed" start-time="2026-09-10 19:42:47Z" end-time="2026-09-10 19:42:47Z" duration="0.000505" asserts="0">
                <properties>
                  <property name="retryIteration" value="0" />
                  <property name="repeatIteration" value="0" />
                </properties>
              </test-case>
              <test-case id="1082" name="TerminalAbandon_ClearsLifecycleAndOriginWithoutAcceptance" fullname="Studio.Tests.EditMode.StudioBridgePlayerWorkflowTests.TerminalAbandon_ClearsLifecycleAndOriginWithoutAcceptance" methodname="TerminalAbandon_ClearsLifecycleAndOriginWithoutAcceptance" classname="Studio.Tests.EditMode.StudioBridgePlayerWorkflowTests" runstate="Runnable" seed="1447491905" result="Passed" start-time="2026-09-10 19:42:47Z" end-time="2026-09-10 19:42:47Z" duration="0.000243" asserts="0">
                <properties>
                  <property name="retryIteration" value="0" />
                  <property name="repeatIteration" value="0" />
                </properties>
              </test-case>
              <test-case id="1059" name="TimeVerb_AlsoRoutesThroughTheSharedCedeRegistryWithoutChangingItsPublicBehavior" fullname="Studio.Tests.EditMode.StudioBridgePlayerWorkflowTests.TimeVerb_AlsoRoutesThroughTheSharedCedeRegistryWithoutChangingItsPublicBehavior" methodname="TimeVerb_AlsoRoutesThroughTheSharedCedeRegistryWithoutChangingItsPublicBehavior" classname="Studio.Tests.EditMode.StudioBridgePlayerWorkflowTests" runstate="Runnable" seed="2101635500" result="Passed" start-time="2026-09-10 19:42:47Z" end-time="2026-09-10 19:42:47Z" duration="0.000184" asserts="0">
                <properties>
                  <property name="retryIteration" value="0" />
                  <property name="repeatIteration" value="0" />
                </properties>
              </test-case>
              <test-case id="1058" name="TimeVerb_CedesToThePresentLivingClockAndSurvivesItsAbsence" fullname="Studio.Tests.EditMode.StudioBridgePlayerWorkflowTests.TimeVerb_CedesToThePresentLivingClockAndSurvivesItsAbsence" methodname="TimeVerb_CedesToThePresentLivingClockAndSurvivesItsAbsence" classname="Studio.Tests.EditMode.StudioBridgePlayerWorkflowTests" runstate="Runnable" seed="574461033" result="Passed" start-time="2026-09-10 19:42:47Z" end-time="2026-09-10 19:42:47Z" duration="0.001345" asserts="0">
                <properties>
                  <property name="retryIteration" value="0" />
                  <property name="repeatIteration" value="0" />
                </properties>
              </test-case>
              <test-case id="1070" name="WorkflowSeam_IsPrivateReadOnlyAndMintsEvidenceInsideEachGuiEntrypoint" fullname="Studio.Tests.EditMode.StudioBridgePlayerWorkflowTests.WorkflowSeam_IsPrivateReadOnlyAndMintsEvidenceInsideEachGuiEntrypoint" methodname="WorkflowSeam_IsPrivateReadOnlyAndMintsEvidenceInsideEachGuiEntrypoint" classname="Studio.Tests.EditMode.StudioBridgePlayerWorkflowTests" runstate="Runnable" seed="1464848129" result="Passed" start-time="2026-09-10 19:42:47Z" end-time="2026-09-10 19:42:47Z" duration="0.001200" asserts="0">
                <properties>
                  <property name="retryIteration" value="0" />
                  <property name="repeatIteration" value="0" />
                </properties>
              </test-case>
            </test-suite>
            <test-suite type="TestFixture" id="1084" name="StudioBridgePresentationIdentityTests" fullname="Studio.Tests.EditMode.StudioBridgePresentationIdentityTests" classname="Studio.Tests.EditMode.StudioBridgePresentationIdentityTests" runstate="Runnable" testcasecount="11" result="Passed" start-time="2026-09-10 19:42:47Z" end-time="2026-09-10 19:42:47Z" duration="0.022385" total="11" passed="11" failed="0" inconclusive="0" skipped="0" asserts="0">
              <properties />
              <test-case id="1094" name="ApplyPeople_PresenceOnlyCastingAuditioneeGetsBodySlotUnlessBlockedOrUnrouted" fullname="Studio.Tests.EditMode.StudioBridgePresentationIdentityTests.ApplyPeople_PresenceOnlyCastingAuditioneeGetsBodySlotUnlessBlockedOrUnrouted" methodname="ApplyPeople_PresenceOnlyCastingAuditioneeGetsBodySlotUnlessBlockedOrUnrouted" classname="Studio.Tests.EditMode.StudioBridgePresentationIdentityTests" runstate="Runnable" seed="1122918093" result="Passed" start-time="2026-09-10 19:42:47Z" end-time="2026-09-10 19:42:47Z" duration="0.009418" asserts="0">
                <properties>
                  <property name="retryIteration" value="0" />
                  <property name="repeatIteration" value="0" />
                </properties>
              </test-case>
              <test-case id="1095" name="ApplyPeople_ProductionBlockedRosterPersonStillReceivesBodySlot" fullname="Studio.Tests.EditMode.StudioBridgePresentationIdentityTests.ApplyPeople_ProductionBlockedRosterPersonStillReceivesBodySlot" methodname="ApplyPeople_ProductionBlockedRosterPersonStillReceivesBodySlot" classname="Studio.Tests.EditMode.StudioBridgePresentationIdentityTests" runstate="Runnable" seed="638888781" result="Passed" start-time="2026-09-10 19:42:47Z" end-time="2026-09-10 19:42:47Z" duration="0.001353" asserts="0">
                <properties>
                  <property name="retryIteration" value="0" />
                  <property name="repeatIteration" value="0" />
                </properties>
              </test-case>
              <test-case id="1092" name="AuthoritativePeople_UseRoleFamilySlotsAndRequireAVisiblePhysicalZone" fullname="Studio.Tests.EditMode.StudioBridgePresentationIdentityTests.AuthoritativePeople_UseRoleFamilySlotsAndRequireAVisiblePhysicalZone" methodname="AuthoritativePeople_UseRoleFamilySlotsAndRequireAVisiblePhysicalZone" classname="Studio.Tests.EditMode.StudioBridgePresentationIdentityTests" runstate="Runnable" seed="1815155069" result="Passed" start-time="2026-09-10 19:42:47Z" end-time="2026-09-10 19:42:47Z" duration="0.001071" asserts="0">
                <properties>
                  <property name="retryIteration" value="0" />
                  <property name="repeatIteration" value="0" />
                </properties>
              </test-case>
              <test-case id="1087" name="BuildingAndStageStates_KeepExactPropertyLabelAndUsefulLiveStatus" fullname="Studio.Tests.EditMode.StudioBridgePresentationIdentityTests.BuildingAndStageStates_KeepExactPropertyLabelAndUsefulLiveStatus" methodname="BuildingAndStageStates_KeepExactPropertyLabelAndUsefulLiveStatus" classname="Studio.Tests.EditMode.StudioBridgePresentationIdentityTests" runstate="Runnable" seed="1590042135" result="Passed" start-time="2026-09-10 19:42:47Z" end-time="2026-09-10 19:42:47Z" duration="0.003710" asserts="0">
                <properties>
                  <property name="retryIteration" value="0" />
                  <property name="repeatIteration" value="0" />
                </properties>
              </test-case>
              <test-case id="1088" name="BuildingState_WithholdsAmbiguousPropertyIdentity" fullname="Studio.Tests.EditMode.StudioBridgePresentationIdentityTests.BuildingState_WithholdsAmbiguousPropertyIdentity" methodname="BuildingState_WithholdsAmbiguousPropertyIdentity" classname="Studio.Tests.EditMode.StudioBridgePresentationIdentityTests" runstate="Runnable" seed="1442111568" result="Passed" start-time="2026-09-10 19:42:47Z" end-time="2026-09-10 19:42:47Z" duration="0.000794" asserts="0">
                <properties>
                  <property name="retryIteration" value="0" />
                  <property name="repeatIteration" value="0" />
                </properties>
              </test-case>
              <test-case id="1093" name="CacheSceneObjects_WithoutSnapshot_HidesEveryDeclaredPersonBody" fullname="Studio.Tests.EditMode.StudioBridgePresentationIdentityTests.CacheSceneObjects_WithoutSnapshot_HidesEveryDeclaredPersonBody" methodname="CacheSceneObjects_WithoutSnapshot_HidesEveryDeclaredPersonBody" classname="Studio.Tests.EditMode.StudioBridgePresentationIdentityTests" runstate="Runnable" seed="1030114435" result="Passed" start-time="2026-09-10 19:42:47Z" end-time="2026-09-10 19:42:47Z" duration="0.001220" asserts="0">
                <properties>
                  <property name="retryIteration" value="0" />
                  <property name="repeatIteration" value="0" />
                </properties>
              </test-case>
              <test-case id="1091" name="ConstructionBindingIdentity_WithholdsUnjoinedOrLotOnlyBodies" fullname="Studio.Tests.EditMode.StudioBridgePresentationIdentityTests.ConstructionBindingIdentity_WithholdsUnjoinedOrLotOnlyBodies" methodname="ConstructionBindingIdentity_WithholdsUnjoinedOrLotOnlyBodies" classname="Studio.Tests.EditMode.StudioBridgePresentationIdentityTests" runstate="Runnable" seed="214317076" result="Passed" start-time="2026-09-10 19:42:47Z" end-time="2026-09-10 19:42:47Z" duration="0.000775" asserts="0">
                <properties>
                  <property name="retryIteration" value="0" />
                  <property name="repeatIteration" value="0" />
                </properties>
              </test-case>
              <test-case id="1085" name="LocationIndex_UsesOnlyExplicitPhysicalBindingsAcrossKindCollisions" fullname="Studio.Tests.EditMode.StudioBridgePresentationIdentityTests.LocationIndex_UsesOnlyExplicitPhysicalBindingsAcrossKindCollisions" methodname="LocationIndex_UsesOnlyExplicitPhysicalBindingsAcrossKindCollisions" classname="Studio.Tests.EditMode.StudioBridgePresentationIdentityTests" runstate="Runnable" seed="361261122" result="Passed" start-time="2026-09-10 19:42:47Z" end-time="2026-09-10 19:42:47Z" duration="0.000739" asserts="0">
                <properties>
                  <property name="retryIteration" value="0" />
                  <property name="repeatIteration" value="0" />
                </properties>
              </test-case>
              <test-case id="1086" name="LocationIndex_WithholdsDuplicatePhysicalIdentityWithoutThrowing" fullname="Studio.Tests.EditMode.StudioBridgePresentationIdentityTests.LocationIndex_WithholdsDuplicatePhysicalIdentityWithoutThrowing" methodname="LocationIndex_WithholdsDuplicatePhysicalIdentityWithoutThrowing" classname="Studio.Tests.EditMode.StudioBridgePresentationIdentityTests" runstate="Runnable" seed="242152550" result="Passed" start-time="2026-09-10 19:42:47Z" end-time="2026-09-10 19:42:47Z" duration="0.001043" asserts="0">
                <properties>
                  <property name="retryIteration" value="0" />
                  <property name="repeatIteration" value="0" />
                </properties>
                <output><![CDATA[[Studio Bridge] duplicate physical location binding for building stage-a; location withheld.
]]></output>
              </test-case>
              <test-case id="1090" name="ZoneResolution_DoesNotRouteStageOrPlacementThroughAmbiguousPropertyBodies" fullname="Studio.Tests.EditMode.StudioBridgePresentationIdentityTests.ZoneResolution_DoesNotRouteStageOrPlacementThroughAmbiguousPropertyBodies" methodname="ZoneResolution_DoesNotRouteStageOrPlacementThroughAmbiguousPropertyBodies" classname="Studio.Tests.EditMode.StudioBridgePresentationIdentityTests" runstate="Runnable" seed="1912478603" result="Passed" start-time="2026-09-10 19:42:47Z" end-time="2026-09-10 19:42:47Z" duration="0.000543" asserts="0">
                <properties>
                  <property name="retryIteration" value="0" />
                  <property name="repeatIteration" value="0" />
                </properties>
              </test-case>
              <test-case id="1089" name="ZoneResolution_JoinsStageAndPlacementIdentityAndWithholdsUnknowns" fullname="Studio.Tests.EditMode.StudioBridgePresentationIdentityTests.ZoneResolution_JoinsStageAndPlacementIdentityAndWithholdsUnknowns" methodname="ZoneResolution_JoinsStageAndPlacementIdentityAndWithholdsUnknowns" classname="Studio.Tests.EditMode.StudioBridgePresentationIdentityTests" runstate="Runnable" seed="992580410" result="Passed" start-time="2026-09-10 19:42:47Z" end-time="2026-09-10 19:42:47Z" duration="0.000910" asserts="0">
                <properties>
                  <property name="retryIteration" value="0" />
                  <property name="repeatIteration" value="0" />
                </properties>
              </test-case>
            </test-suite>
            <test-suite type="TestFixture" id="1096" name="StudioBridgeProofRunnerTests" fullname="Studio.Tests.EditMode.StudioBridgeProofRunnerTests" classname="Studio.Tests.EditMode.StudioBridgeProofRunnerTests" runstate="Runnable" testcasecount="6" result="Passed" start-time="2026-09-10 19:42:47Z" end-time="2026-09-10 19:42:47Z" duration="0.010057" total="6" passed="6" failed="0" inconclusive="0" skipped="0" asserts="0">
              <properties />
              <test-case id="1098" name="ExactRawFoundingAuthority_RejectsRevisionWeekHistoryAndWrongIntentSurface" fullname="Studio.Tests.EditMode.StudioBridgeProofRunnerTests.ExactRawFoundingAuthority_RejectsRevisionWeekHistoryAndWrongIntentSurface" methodname="ExactRawFoundingAuthority_RejectsRevisionWeekHistoryAndWrongIntentSurface" classname="Studio.Tests.EditMode.StudioBridgeProofRunnerTests" runstate="Runnable" seed="1089043511" result="Passed" start-time="2026-09-10 19:42:47Z" end-time="2026-09-10 19:42:47Z" duration="0.002330" asserts="0">
                <properties>
                  <property name="retryIteration" value="0" />
                  <property name="repeatIteration" value="0" />
                </properties>
              </test-case>
              <test-case id="1100" name="FoundingAccounting_RequiresExactSevenSignThenFoundPrefix" fullname="Studio.Tests.EditMode.StudioBridgeProofRunnerTests.FoundingAccounting_RequiresExactSevenSignThenFoundPrefix" methodname="FoundingAccounting_RequiresExactSevenSignThenFoundPrefix" classname="Studio.Tests.EditMode.StudioBridgeProofRunnerTests" runstate="Runnable" seed="1545274420" result="Passed" start-time="2026-09-10 19:42:47Z" end-time="2026-09-10 19:42:47Z" duration="0.000921" asserts="0">
                <properties>
                  <property name="retryIteration" value="0" />
                  <property name="repeatIteration" value="0" />
                </properties>
              </test-case>
              <test-case id="1099" name="FoundingSelector_RequiresSevenSignOnlyFrontiersThenOneFoundOnlyFrontier" fullname="Studio.Tests.EditMode.StudioBridgeProofRunnerTests.FoundingSelector_RequiresSevenSignOnlyFrontiersThenOneFoundOnlyFrontier" methodname="FoundingSelector_RequiresSevenSignOnlyFrontiersThenOneFoundOnlyFrontier" classname="Studio.Tests.EditMode.StudioBridgeProofRunnerTests" runstate="Runnable" seed="2031106812" result="Passed" start-time="2026-09-10 19:42:47Z" end-time="2026-09-10 19:42:47Z" duration="0.001924" asserts="0">
                <properties>
                  <property name="retryIteration" value="0" />
                  <property name="repeatIteration" value="0" />
                </properties>
              </test-case>
              <test-case id="1101" name="JourneySelector_MirrorsTypeScriptGuidanceAndExactAuthorityIdentity" fullname="Studio.Tests.EditMode.StudioBridgeProofRunnerTests.JourneySelector_MirrorsTypeScriptGuidanceAndExactAuthorityIdentity" methodname="JourneySelector_MirrorsTypeScriptGuidanceAndExactAuthorityIdentity" classname="Studio.Tests.EditMode.StudioBridgeProofRunnerTests" runstate="Runnable" seed="641143638" result="Passed" start-time="2026-09-10 19:42:47Z" end-time="2026-09-10 19:42:47Z" duration="0.001444" asserts="0">
                <properties>
                  <property name="retryIteration" value="0" />
                  <property name="repeatIteration" value="0" />
                </properties>
              </test-case>
              <test-case id="1097" name="OpeningClassification_AcceptsOnlyExactRawFoundingOrLegacyMovieOneTruth" fullname="Studio.Tests.EditMode.StudioBridgeProofRunnerTests.OpeningClassification_AcceptsOnlyExactRawFoundingOrLegacyMovieOneTruth" methodname="OpeningClassification_AcceptsOnlyExactRawFoundingOrLegacyMovieOneTruth" classname="Studio.Tests.EditMode.StudioBridgeProofRunnerTests" runstate="Runnable" seed="729354959" result="Passed" start-time="2026-09-10 19:42:47Z" end-time="2026-09-10 19:42:47Z" duration="0.001015" asserts="0">
                <properties>
                  <property name="retryIteration" value="0" />
                  <property name="repeatIteration" value="0" />
                </properties>
              </test-case>
              <test-case id="1102" name="RunnerSource_SeparatesAutomationPreludeEvidenceBeforeMovieTwoProof" fullname="Studio.Tests.EditMode.StudioBridgeProofRunnerTests.RunnerSource_SeparatesAutomationPreludeEvidenceBeforeMovieTwoProof" methodname="RunnerSource_SeparatesAutomationPreludeEvidenceBeforeMovieTwoProof" classname="Studio.Tests.EditMode.StudioBridgeProofRunnerTests" runstate="Runnable" seed="1427895399" result="Passed" start-time="2026-09-10 19:42:47Z" end-time="2026-09-10 19:42:47Z" duration="0.001797" asserts="0">
                <properties>
                  <property name="retryIteration" value="0" />
                  <property name="repeatIteration" value="0" />
                </properties>
              </test-case>
            </test-suite>
            <test-suite type="TestFixture" id="1103" name="StudioBridgeProtocolTests" fullname="Studio.Tests.EditMode.StudioBridgeProtocolTests" classname="Studio.Tests.EditMode.StudioBridgeProtocolTests" runstate="Runnable" testcasecount="42" result="Passed" start-time="2026-09-10 19:42:47Z" end-time="2026-09-10 19:42:47Z" duration="0.148185" total="42" passed="42" failed="0" inconclusive="0" skipped="0" asserts="0">
              <properties />
              <test-case id="1123" name="ActiveProductionStageIdentity_MustResolveToPropertyBuilding" fullname="Studio.Tests.EditMode.StudioBridgeProtocolTests.ActiveProductionStageIdentity_MustResolveToPropertyBuilding" methodname="ActiveProductionStageIdentity_MustResolveToPropertyBuilding" classname="Studio.Tests.EditMode.StudioBridgeProtocolTests" runstate="Runnable" seed="1244540217" result="Passed" start-time="2026-09-10 19:42:47Z" end-time="2026-09-10 19:42:47Z" duration="0.016670" asserts="0">
                <properties>
                  <property name="retryIteration" value="0" />
                  <property name="repeatIteration" value="0" />
                </properties>
              </test-case>
              <test-case id="1121" name="CastingProjection_MustBePresentBeforeSnapshotApplication" fullname="Studio.Tests.EditMode.StudioBridgeProtocolTests.CastingProjection_MustBePresentBeforeSnapshotApplication" methodname="CastingProjection_MustBePresentBeforeSnapshotApplication" classname="Studio.Tests.EditMode.StudioBridgeProtocolTests" runstate="Runnable" seed="217414926" result="Passed" start-time="2026-09-10 19:42:47Z" end-time="2026-09-10 19:42:47Z" duration="0.000558" asserts="0">
                <properties>
                  <property name="retryIteration" value="0" />
                  <property name="repeatIteration" value="0" />
                </properties>
              </test-case>
              <test-case id="1122" name="CastingProjectionWrapper_MustBePresentBeforeSnapshotApplication" fullname="Studio.Tests.EditMode.StudioBridgeProtocolTests.CastingProjectionWrapper_MustBePresentBeforeSnapshotApplication" methodname="CastingProjectionWrapper_MustBePresentBeforeSnapshotApplication" classname="Studio.Tests.EditMode.StudioBridgeProtocolTests" runstate="Runnable" seed="108043908" result="Passed" start-time="2026-09-10 19:42:47Z" end-time="2026-09-10 19:42:47Z" duration="0.000415" asserts="0">
                <properties>
                  <property name="retryIteration" value="0" />
                  <property name="repeatIteration" value="0" />
                </properties>
              </test-case>
[...]
                <properties />
                <test-case id="2207" name="ProfessionFilters_UseExactPublishedRole(All,&quot;a,c,d,w&quot;)" fullname="Studio.Tests.EditMode.StudioTalentMarketContractsTests.ProfessionFilters_UseExactPublishedRole(All,&quot;a,c,d,w&quot;)" methodname="ProfessionFilters_UseExactPublishedRole" classname="Studio.Tests.EditMode.StudioTalentMarketContractsTests" runstate="Runnable" seed="1589982091" result="Passed" start-time="2026-09-10 19:43:03Z" end-time="2026-09-10 19:43:03Z" duration="0.000110" asserts="0">
                  <properties>
                    <property name="retryIteration" value="0" />
                    <property name="repeatIteration" value="0" />
                  </properties>
                </test-case>
                <test-case id="2208" name="ProfessionFilters_UseExactPublishedRole(Actor,&quot;a&quot;)" fullname="Studio.Tests.EditMode.StudioTalentMarketContractsTests.ProfessionFilters_UseExactPublishedRole(Actor,&quot;a&quot;)" methodname="ProfessionFilters_UseExactPublishedRole" classname="Studio.Tests.EditMode.StudioTalentMarketContractsTests" runstate="Runnable" seed="8401236" result="Passed" start-time="2026-09-10 19:43:03Z" end-time="2026-09-10 19:43:03Z" duration="0.000043" asserts="0">
                  <properties>
                    <property name="retryIteration" value="0" />
                    <property name="repeatIteration" value="0" />
                  </properties>
                </test-case>
                <test-case id="2209" name="ProfessionFilters_UseExactPublishedRole(Writer,&quot;w&quot;)" fullname="Studio.Tests.EditMode.StudioTalentMarketContractsTests.ProfessionFilters_UseExactPublishedRole(Writer,&quot;w&quot;)" methodname="ProfessionFilters_UseExactPublishedRole" classname="Studio.Tests.EditMode.StudioTalentMarketContractsTests" runstate="Runnable" seed="665043511" result="Passed" start-time="2026-09-10 19:43:03Z" end-time="2026-09-10 19:43:03Z" duration="0.000041" asserts="0">
                  <properties>
                    <property name="retryIteration" value="0" />
                    <property name="repeatIteration" value="0" />
                  </properties>
                </test-case>
                <test-case id="2210" name="ProfessionFilters_UseExactPublishedRole(Director,&quot;d&quot;)" fullname="Studio.Tests.EditMode.StudioTalentMarketContractsTests.ProfessionFilters_UseExactPublishedRole(Director,&quot;d&quot;)" methodname="ProfessionFilters_UseExactPublishedRole" classname="Studio.Tests.EditMode.StudioTalentMarketContractsTests" runstate="Runnable" seed="627478195" result="Passed" start-time="2026-09-10 19:43:03Z" end-time="2026-09-10 19:43:03Z" duration="0.000044" asserts="0">
                  <properties>
                    <property name="retryIteration" value="0" />
                    <property name="repeatIteration" value="0" />
                  </properties>
                </test-case>
                <test-case id="2211" name="ProfessionFilters_UseExactPublishedRole(Craft,&quot;c&quot;)" fullname="Studio.Tests.EditMode.StudioTalentMarketContractsTests.ProfessionFilters_UseExactPublishedRole(Craft,&quot;c&quot;)" methodname="ProfessionFilters_UseExactPublishedRole" classname="Studio.Tests.EditMode.StudioTalentMarketContractsTests" runstate="Runnable" seed="1067093521" result="Passed" start-time="2026-09-10 19:43:03Z" end-time="2026-09-10 19:43:03Z" duration="0.000042" asserts="0">
                  <properties>
                    <property name="retryIteration" value="0" />
                    <property name="repeatIteration" value="0" />
                  </properties>
                </test-case>
              </test-suite>
              <test-case id="2221" name="Rating_UsesSelectedDisciplineForBothOrderAndDisplay_NeverCandidatePrimaryOvr" fullname="Studio.Tests.EditMode.StudioTalentMarketContractsTests.Rating_UsesSelectedDisciplineForBothOrderAndDisplay_NeverCandidatePrimaryOvr" methodname="Rating_UsesSelectedDisciplineForBothOrderAndDisplay_NeverCandidatePrimaryOvr" classname="Studio.Tests.EditMode.StudioTalentMarketContractsTests" runstate="Runnable" seed="1522517779" result="Passed" start-time="2026-09-10 19:43:03Z" end-time="2026-09-10 19:43:03Z" duration="0.000299" asserts="0">
                <properties>
                  <property name="retryIteration" value="0" />
                  <property name="repeatIteration" value="0" />
                </properties>
              </test-case>
              <test-case id="2227" name="RefreshUsesOnlyNewCandidateAndOfferSnapshot_NoOldComparisonOrPersonCache" fullname="Studio.Tests.EditMode.StudioTalentMarketContractsTests.RefreshUsesOnlyNewCandidateAndOfferSnapshot_NoOldComparisonOrPersonCache" methodname="RefreshUsesOnlyNewCandidateAndOfferSnapshot_NoOldComparisonOrPersonCache" classname="Studio.Tests.EditMode.StudioTalentMarketContractsTests" runstate="Runnable" seed="878754319" result="Passed" start-time="2026-09-10 19:43:03Z" end-time="2026-09-10 19:43:03Z" duration="0.000219" asserts="0">
                <properties>
                  <property name="retryIteration" value="0" />
                  <property name="repeatIteration" value="0" />
                </properties>
              </test-case>
              <test-case id="2213" name="Search_IsNameOnly_TrimmedCaseInsensitive_AndDoesNotCollapseSameNames" fullname="Studio.Tests.EditMode.StudioTalentMarketContractsTests.Search_IsNameOnly_TrimmedCaseInsensitive_AndDoesNotCollapseSameNames" methodname="Search_IsNameOnly_TrimmedCaseInsensitive_AndDoesNotCollapseSameNames" classname="Studio.Tests.EditMode.StudioTalentMarketContractsTests" runstate="Runnable" seed="1067956271" result="Passed" start-time="2026-09-10 19:43:03Z" end-time="2026-09-10 19:43:03Z" duration="0.000115" asserts="0">
                <properties>
                  <property name="retryIteration" value="0" />
                  <property name="repeatIteration" value="0" />
                </properties>
              </test-case>
              <test-case id="2224" name="SpecialtyFilter_ReadsPublishedClassification_NotHighestExperienceOrOtherDiscipline" fullname="Studio.Tests.EditMode.StudioTalentMarketContractsTests.SpecialtyFilter_ReadsPublishedClassification_NotHighestExperienceOrOtherDiscipline" methodname="SpecialtyFilter_ReadsPublishedClassification_NotHighestExperienceOrOtherDiscipline" classname="Studio.Tests.EditMode.StudioTalentMarketContractsTests" runstate="Runnable" seed="1914532697" result="Passed" start-time="2026-09-10 19:43:03Z" end-time="2026-09-10 19:43:03Z" duration="0.000218" asserts="0">
                <properties>
                  <property name="retryIteration" value="0" />
                  <property name="repeatIteration" value="0" />
                </properties>
              </test-case>
            </test-suite>
            <test-suite type="TestFixture" id="2230" name="StudioVehicleFootprintValidationTests" fullname="Studio.Tests.EditMode.StudioVehicleFootprintValidationTests" classname="Studio.Tests.EditMode.StudioVehicleFootprintValidationTests" runstate="Runnable" testcasecount="3" result="Passed" start-time="2026-09-10 19:43:03Z" end-time="2026-09-10 19:43:03Z" duration="0.003987" total="3" passed="3" failed="0" inconclusive="0" skipped="0" asserts="0">
              <properties />
              <test-case id="2233" name="Census_CarriesACompletenessFloorAndColliderPinnedExtents" fullname="Studio.Tests.EditMode.StudioVehicleFootprintValidationTests.Census_CarriesACompletenessFloorAndColliderPinnedExtents" methodname="Census_CarriesACompletenessFloorAndColliderPinnedExtents" classname="Studio.Tests.EditMode.StudioVehicleFootprintValidationTests" runstate="Runnable" seed="531138972" result="Passed" start-time="2026-09-10 19:43:03Z" end-time="2026-09-10 19:43:03Z" duration="0.002144" asserts="0">
                <properties>
                  <property name="retryIteration" value="0" />
                  <property name="repeatIteration" value="0" />
                </properties>
              </test-case>
              <test-case id="2231" name="Penetration_MeasuresOverlapAndHonorsTangency" fullname="Studio.Tests.EditMode.StudioVehicleFootprintValidationTests.Penetration_MeasuresOverlapAndHonorsTangency" methodname="Penetration_MeasuresOverlapAndHonorsTangency" classname="Studio.Tests.EditMode.StudioVehicleFootprintValidationTests" runstate="Runnable" seed="1217160759" result="Passed" start-time="2026-09-10 19:43:03Z" end-time="2026-09-10 19:43:03Z" duration="0.001133" asserts="0">
                <properties>
                  <property name="retryIteration" value="0" />
                  <property name="repeatIteration" value="0" />
                </properties>
              </test-case>
              <test-case id="2232" name="Penetration_UsesOrientedAxesNotAxisAlignedBoxes" fullname="Studio.Tests.EditMode.StudioVehicleFootprintValidationTests.Penetration_UsesOrientedAxesNotAxisAlignedBoxes" methodname="Penetration_UsesOrientedAxesNotAxisAlignedBoxes" classname="Studio.Tests.EditMode.StudioVehicleFootprintValidationTests" runstate="Runnable" seed="53222052" result="Passed" start-time="2026-09-10 19:43:03Z" end-time="2026-09-10 19:43:03Z" duration="0.000425" asserts="0">
                <properties>
                  <property name="retryIteration" value="0" />
                  <property name="repeatIteration" value="0" />
                </properties>
              </test-case>
            </test-suite>
            <test-suite type="TestFixture" id="2234" name="StudioWorkspaceHostTests" fullname="Studio.Tests.EditMode.StudioWorkspaceHostTests" classname="Studio.Tests.EditMode.StudioWorkspaceHostTests" runstate="Runnable" testcasecount="13" result="Passed" start-time="2026-09-10 19:43:03Z" end-time="2026-09-10 19:43:03Z" duration="0.046551" total="13" passed="13" failed="0" inconclusive="0" skipped="0" asserts="0">
              <properties />
              <test-case id="2246" name="ApplyStyleSheets_LogsAnErrorForEachMissingStyleSheetResource" fullname="Studio.Tests.EditMode.StudioWorkspaceHostTests.ApplyStyleSheets_LogsAnErrorForEachMissingStyleSheetResource" methodname="ApplyStyleSheets_LogsAnErrorForEachMissingStyleSheetResource" classname="Studio.Tests.EditMode.StudioWorkspaceHostTests" runstate="Runnable" seed="409121960" result="Passed" start-time="2026-09-10 19:43:03Z" end-time="2026-09-10 19:43:03Z" duration="0.001886" asserts="0">
                <properties>
                  <property name="retryIteration" value="0" />
                  <property name="repeatIteration" value="0" />
                </properties>
                <output><![CDATA[[StudioWorkspaceHost] StyleSheet 'Definitely-Not-A-Real-Resource-Tokens' failed to load from Resources — the Casting workspace will render with no design tokens (no colors, spacing, or type scale).
[StudioWorkspaceHost] StyleSheet 'Definitely-Not-A-Real-Resource-Workspace' failed to load from Resources — the Casting workspace will render with no cosmetic styling at all.
]]></output>
              </test-case>
              <test-case id="2240" name="BuildVisualTree_AssignsABuiltInFontSoTextActuallyRenders" fullname="Studio.Tests.EditMode.StudioWorkspaceHostTests.BuildVisualTree_AssignsABuiltInFontSoTextActuallyRenders" methodname="BuildVisualTree_AssignsABuiltInFontSoTextActuallyRenders" classname="Studio.Tests.EditMode.StudioWorkspaceHostTests" runstate="Runnable" seed="448685041" result="Passed" start-time="2026-09-10 19:43:03Z" end-time="2026-09-10 19:43:03Z" duration="0.008591" asserts="0">
                <properties>
                  <property name="retryIteration" value="0" />
                  <property name="repeatIteration" value="0" />
                </properties>
              </test-case>
              <test-case id="2239" name="BuildVisualTree_StretchesRootToFillItsPanelExplicitly" fullname="Studio.Tests.EditMode.StudioWorkspaceHostTests.BuildVisualTree_StretchesRootToFillItsPanelExplicitly" methodname="BuildVisualTree_StretchesRootToFillItsPanelExplicitly" classname="Studio.Tests.EditMode.StudioWorkspaceHostTests" runstate="Runnable" seed="1440940520" result="Passed" start-time="2026-09-10 19:43:03Z" end-time="2026-09-10 19:43:03Z" duration="0.007489" asserts="0">
                <properties>
                  <property name="retryIteration" value="0" />
                  <property name="repeatIteration" value="0" />
                </properties>
              </test-case>
              <test-case id="2244" name="ButtonRules_CenterTheLabel_BlockerFourFix" fullname="Studio.Tests.EditMode.StudioWorkspaceHostTests.ButtonRules_CenterTheLabel_BlockerFourFix" methodname="ButtonRules_CenterTheLabel_BlockerFourFix" classname="Studio.Tests.EditMode.StudioWorkspaceHostTests" runstate="Runnable" seed="497287099" result="Passed" start-time="2026-09-10 19:43:03Z" end-time="2026-09-10 19:43:03Z" duration="0.000702" asserts="0">
                <properties>
                  <property name="retryIteration" value="0" />
                  <property name="repeatIteration" value="0" />
                </properties>
              </test-case>
              <test-case id="2242" name="CameraControllerSource_DeclaresRestoreEventAndInvokesItOnceInsideRestore" fullname="Studio.Tests.EditMode.StudioWorkspaceHostTests.CameraControllerSource_DeclaresRestoreEventAndInvokesItOnceInsideRestore" methodname="CameraControllerSource_DeclaresRestoreEventAndInvokesItOnceInsideRestore" classname="Studio.Tests.EditMode.StudioWorkspaceHostTests" runstate="Runnable" seed="1111955933" result="Passed" start-time="2026-09-10 19:43:03Z" end-time="2026-09-10 19:43:03Z" duration="0.000565" asserts="0">
                <properties>
                  <property name="retryIteration" value="0" />
                  <property name="repeatIteration" value="0" />
                </properties>
              </test-case>
              <test-case id="2245" name="CastingStyleSheets_LoadSuccessfullyFromResources" fullname="Studio.Tests.EditMode.StudioWorkspaceHostTests.CastingStyleSheets_LoadSuccessfullyFromResources" methodname="CastingStyleSheets_LoadSuccessfullyFromResources" classname="Studio.Tests.EditMode.StudioWorkspaceHostTests" runstate="Runnable" seed="491929554" result="Passed" start-time="2026-09-10 19:43:03Z" end-time="2026-09-10 19:43:03Z" duration="0.000377" asserts="0">
                <properties>
                  <property name="retryIteration" value="0" />
                  <property name="repeatIteration" value="0" />
                </properties>
              </test-case>
              <test-case id="2235" name="Host_ExposesFrozenPublicApiShape" fullname="Studio.Tests.EditMode.StudioWorkspaceHostTests.Host_ExposesFrozenPublicApiShape" methodname="Host_ExposesFrozenPublicApiShape" classname="Studio.Tests.EditMode.StudioWorkspaceHostTests" runstate="Runnable" seed="330064929" result="Passed" start-time="2026-09-10 19:43:03Z" end-time="2026-09-10 19:43:03Z" duration="0.000761" asserts="0">
                <properties>
                  <property name="retryIteration" value="0" />
                  <property name="repeatIteration" value="0" />
                </properties>
              </test-case>
              <test-case id="2247" name="OpenCasting_NeverTouchesCameraPoseTargets" fullname="Studio.Tests.EditMode.StudioWorkspaceHostTests.OpenCasting_NeverTouchesCameraPoseTargets" methodname="OpenCasting_NeverTouchesCameraPoseTargets" classname="Studio.Tests.EditMode.StudioWorkspaceHostTests" runstate="Runnable" seed="1112988486" result="Passed" start-time="2026-09-10 19:43:03Z" end-time="2026-09-10 19:43:03Z" duration="0.007225" asserts="0">
                <properties>
                  <property name="retryIteration" value="0" />
                  <property name="repeatIteration" value="0" />
                </properties>
              </test-case>
              <test-case id="2238" name="PanelSettings_UsesTheOneFrozenScalingPolicy" fullname="Studio.Tests.EditMode.StudioWorkspaceHostTests.PanelSettings_UsesTheOneFrozenScalingPolicy" methodname="PanelSettings_UsesTheOneFrozenScalingPolicy" classname="Studio.Tests.EditMode.StudioWorkspaceHostTests" runstate="Runnable" seed="103711416" result="Passed" start-time="2026-09-10 19:43:03Z" end-time="2026-09-10 19:43:03Z" duration="0.007316" asserts="0">
                <properties>
                  <property name="retryIteration" value="0" />
                  <property name="repeatIteration" value="0" />
                </properties>
              </test-case>
              <test-case id="2241" name="SelectionManagerSource_ConsultsWorkspaceCancelBeforeCancelStepsSwitch" fullname="Studio.Tests.EditMode.StudioWorkspaceHostTests.SelectionManagerSource_ConsultsWorkspaceCancelBeforeCancelStepsSwitch" methodname="SelectionManagerSource_ConsultsWorkspaceCancelBeforeCancelStepsSwitch" classname="Studio.Tests.EditMode.StudioWorkspaceHostTests" runstate="Runnable" seed="10371081" result="Passed" start-time="2026-09-10 19:43:03Z" end-time="2026-09-10 19:43:03Z" duration="0.000678" asserts="0">
                <properties>
                  <property name="retryIteration" value="0" />
                  <property name="repeatIteration" value="0" />
                </properties>
              </test-case>
              <test-case id="2237" name="TryConsumeCancel_ClosesAnOpenWorkspaceExactlyOncePerCall" fullname="Studio.Tests.EditMode.StudioWorkspaceHostTests.TryConsumeCancel_ClosesAnOpenWorkspaceExactlyOncePerCall" methodname="TryConsumeCancel_ClosesAnOpenWorkspaceExactlyOncePerCall" classname="Studio.Tests.EditMode.StudioWorkspaceHostTests" runstate="Runnable" seed="1258126764" result="Passed" start-time="2026-09-10 19:43:03Z" end-time="2026-09-10 19:43:03Z" duration="0.007323" asserts="0">
                <properties>
                  <property name="retryIteration" value="0" />
                  <property name="repeatIteration" value="0" />
                </properties>
              </test-case>
              <test-case id="2236" name="TryConsumeCancel_ReturnsFalseWithNoHost" fullname="Studio.Tests.EditMode.StudioWorkspaceHostTests.TryConsumeCancel_ReturnsFalseWithNoHost" methodname="TryConsumeCancel_ReturnsFalseWithNoHost" classname="Studio.Tests.EditMode.StudioWorkspaceHostTests" runstate="Runnable" seed="1578499026" result="Passed" start-time="2026-09-10 19:43:03Z" end-time="2026-09-10 19:43:03Z" duration="0.000700" asserts="0">
                <properties>
                  <property name="retryIteration" value="0" />
                  <property name="repeatIteration" value="0" />
                </properties>
              </test-case>
              <test-case id="2243" name="UssAssets_ExistAndDeclareTheFrozenTokensAndElementNames" fullname="Studio.Tests.EditMode.StudioWorkspaceHostTests.UssAssets_ExistAndDeclareTheFrozenTokensAndElementNames" methodname="UssAssets_ExistAndDeclareTheFrozenTokensAndElementNames" classname="Studio.Tests.EditMode.StudioWorkspaceHostTests" runstate="Runnable" seed="1083848305" result="Passed" start-time="2026-09-10 19:43:03Z" end-time="2026-09-10 19:43:03Z" duration="0.001911" asserts="0">
                <properties>
                  <property name="retryIteration" value="0" />
                  <property name="repeatIteration" value="0" />
                </properties>
                <output><![CDATA[<b><color=#2EA3FF>MCP-FOR-UNITY</color></b>: [TestRunnerNoThrottle] Restored Interaction Mode after test run.
Saving results to: /Users/bruce/Library/Application Support/DefaultCompany/Project Studio - Unity Visual Spike/TestResults.xml
]]></output>
              </test-case>
            </test-suite>
          </test-suite>
        </test-suite>
      </test-suite>
    </test-suite>
  </test-suite>
</test-run>