<?xml version="1.0" encoding="utf-8"?>
<test-run id="2" testcasecount="1099" result="Passed" total="1099" passed="1099" failed="0" inconclusive="0" skipped="0" asserts="0" engine-version="3.5.0.0" clr-version="4.0.30319.42000" start-time="2026-09-10 20:09:46Z" end-time="2026-09-10 20:10:02Z" duration="15.9945613">
  <test-suite type="TestSuite" id="1000" name="Project Studio - Unity Visual Spike" fullname="Project Studio - Unity Visual Spike" runstate="Runnable" testcasecount="1099" result="Passed" start-time="2026-09-10 20:09:46Z" end-time="2026-09-10 20:10:02Z" duration="15.994561" total="1099" passed="1099" failed="0" inconclusive="0" skipped="0" asserts="0">
    <properties>
      <property name="platform" value="EditMode" />
    </properties>
    <test-suite type="Assembly" id="2248" name="Studio.Tests.EditMode.dll" fullname="/Users/bruce/The Movies - P12A Living Hollywood Unity/Library/ScriptAssemblies/Studio.Tests.EditMode.dll" runstate="Runnable" testcasecount="1099" result="Passed" start-time="2026-09-10 20:09:46Z" end-time="2026-09-10 20:10:02Z" duration="15.991846" total="1099" passed="1099" failed="0" inconclusive="0" skipped="0" asserts="0">
      <properties>
        <property name="_PID" value="4500" />
        <property name="_APPDOMAIN" value="Unity Child Domain" />
        <property name="platform" value="EditMode" />
        <property name="EditorOnly" value="True" />
      </properties>
      <test-suite type="TestSuite" id="2249" name="Studio" fullname="Studio" runstate="Runnable" testcasecount="1099" result="Passed" start-time="2026-09-10 20:09:46Z" end-time="2026-09-10 20:10:02Z" duration="15.991745" total="1099" passed="1099" failed="0" inconclusive="0" skipped="0" asserts="0">
        <properties />
        <test-suite type="TestSuite" id="2250" name="Tests" fullname="Studio.Tests" runstate="Runnable" testcasecount="1099" result="Passed" start-time="2026-09-10 20:09:46Z" end-time="2026-09-10 20:10:02Z" duration="15.991704" total="1099" passed="1099" failed="0" inconclusive="0" skipped="0" asserts="0">
          <properties />
          <test-suite type="TestSuite" id="2251" name="EditMode" fullname="Studio.Tests.EditMode" runstate="Runnable" testcasecount="1099" result="Passed" start-time="2026-09-10 20:09:46Z" end-time="2026-09-10 20:10:02Z" duration="15.991319" total="1099" passed="1099" failed="0" inconclusive="0" skipped="0" asserts="0">
            <properties />
            <test-suite type="TestFixture" id="1002" name="StudioApplicantPortraitTests" fullname="Studio.Tests.EditMode.StudioApplicantPortraitTests" classname="Studio.Tests.EditMode.StudioApplicantPortraitTests" runstate="Runnable" testcasecount="4" result="Passed" start-time="2026-09-10 20:09:46Z" end-time="2026-09-10 20:09:46Z" duration="0.013153" total="4" passed="4" failed="0" inconclusive="0" skipped="0" asserts="0">
              <properties />
              <test-case id="1005" name="LayerWalk_MovesTheBodyButNeverTheRootNorTheApplicantFurniture" fullname="Studio.Tests.EditMode.StudioApplicantPortraitTests.LayerWalk_MovesTheBodyButNeverTheRootNorTheApplicantFurniture" methodname="LayerWalk_MovesTheBodyButNeverTheRootNorTheApplicantFurniture" classname="Studio.Tests.EditMode.StudioApplicantPortraitTests" runstate="Runnable" seed="1999788257" result="Passed" start-time="2026-09-10 20:09:46Z" end-time="2026-09-10 20:09:46Z" duration="0.006184" asserts="0">
                <properties>
                  <property name="retryIteration" value="0" />
                  <property name="repeatIteration" value="0" />
                </properties>
              </test-case>
              <test-case id="1004" name="PortraitApi_IsTheExactSeamTheCardCalls" fullname="Studio.Tests.EditMode.StudioApplicantPortraitTests.PortraitApi_IsTheExactSeamTheCardCalls" methodname="PortraitApi_IsTheExactSeamTheCardCalls" classname="Studio.Tests.EditMode.StudioApplicantPortraitTests" runstate="Runnable" seed="2128209667" result="Passed" start-time="2026-09-10 20:09:46Z" end-time="2026-09-10 20:09:46Z" duration="0.000442" asserts="0">
                <properties>
                  <property name="retryIteration" value="0" />
                  <property name="repeatIteration" value="0" />
                </properties>
              </test-case>
              <test-case id="1003" name="PortraitLayer_IsThirtyAndIsUnclaimedByTheProject" fullname="Studio.Tests.EditMode.StudioApplicantPortraitTests.PortraitLayer_IsThirtyAndIsUnclaimedByTheProject" methodname="PortraitLayer_IsThirtyAndIsUnclaimedByTheProject" classname="Studio.Tests.EditMode.StudioApplicantPortraitTests" runstate="Runnable" seed="789818069" result="Passed" start-time="2026-09-10 20:09:46Z" end-time="2026-09-10 20:09:46Z" duration="0.000378" asserts="0">
                <properties>
                  <property name="retryIteration" value="0" />
                  <property name="repeatIteration" value="0" />
                </properties>
              </test-case>
              <test-case id="1006" name="PortraitSource_RendersLiveAndTouchesNothingElse" fullname="Studio.Tests.EditMode.StudioApplicantPortraitTests.PortraitSource_RendersLiveAndTouchesNothingElse" methodname="PortraitSource_RendersLiveAndTouchesNothingElse" classname="Studio.Tests.EditMode.StudioApplicantPortraitTests" runstate="Runnable" seed="1986552653" result="Passed" start-time="2026-09-10 20:09:46Z" end-time="2026-09-10 20:09:46Z" duration="0.001147" asserts="0">
                <properties>
                  <property name="retryIteration" value="0" />
                  <property name="repeatIteration" value="0" />
                </properties>
              </test-case>
            </test-suite>
            <test-suite type="TestFixture" id="1007" name="StudioAuthoredRoofOcclusionTests" fullname="Studio.Tests.EditMode.StudioAuthoredRoofOcclusionTests" classname="Studio.Tests.EditMode.StudioAuthoredRoofOcclusionTests" runstate="Runnable" testcasecount="12" result="Passed" start-time="2026-09-10 20:09:46Z" end-time="2026-09-10 20:09:46Z" duration="0.466458" total="12" passed="12" failed="0" inconclusive="0" skipped="0" asserts="0">
              <properties />
              <test-suite type="ParameterizedMethod" id="1021" name="RetainedObstructedCamera_IsRejectedByTheBuildingCoverCheck" fullname="Studio.Tests.EditMode.StudioAuthoredRoofOcclusionTests.RetainedObstructedCamera_IsRejectedByTheBuildingCoverCheck" classname="Studio.Tests.EditMode.StudioAuthoredRoofOcclusionTests" runstate="Runnable" testcasecount="2" result="Passed" start-time="2026-09-10 20:09:46Z" end-time="2026-09-10 20:09:46Z" duration="0.012545" total="2" passed="2" failed="0" inconclusive="0" skipped="0" asserts="0">
                <properties />
                <test-case id="1019" name="RetainedObstructedCamera_IsRejectedByTheBuildingCoverCheck(45.3701f,23.4239f,16.0734f)" fullname="Studio.Tests.EditMode.StudioAuthoredRoofOcclusionTests.RetainedObstructedCamera_IsRejectedByTheBuildingCoverCheck(45.3701f,23.4239f,16.0734f)" methodname="RetainedObstructedCamera_IsRejectedByTheBuildingCoverCheck" classname="Studio.Tests.EditMode.StudioAuthoredRoofOcclusionTests" runstate="Runnable" seed="852936278" result="Passed" start-time="2026-09-10 20:09:46Z" end-time="2026-09-10 20:09:46Z" duration="0.001621" asserts="0">
                  <properties>
                    <property name="retryIteration" value="0" />
                    <property name="repeatIteration" value="0" />
                  </properties>
                </test-case>
                <test-case id="1020" name="RetainedObstructedCamera_IsRejectedByTheBuildingCoverCheck(45.7588f,20.5648f,19.2238f)" fullname="Studio.Tests.EditMode.StudioAuthoredRoofOcclusionTests.RetainedObstructedCamera_IsRejectedByTheBuildingCoverCheck(45.7588f,20.5648f,19.2238f)" methodname="RetainedObstructedCamera_IsRejectedByTheBuildingCoverCheck" classname="Studio.Tests.EditMode.StudioAuthoredRoofOcclusionTests" runstate="Runnable" seed="1064178894" result="Passed" start-time="2026-09-10 20:09:46Z" end-time="2026-09-10 20:09:46Z" duration="0.000443" asserts="0">
                  <properties>
                    <property name="retryIteration" value="0" />
                    <property name="repeatIteration" value="0" />
                  </properties>
                </test-case>
              </test-suite>
              <test-case id="1010" name="StageA_FromALowSouthPose_APersonDrawnVisibleThroughTheElephantDoorOpening_StaysSelectable" fullname="Studio.Tests.EditMode.StudioAuthoredRoofOcclusionTests.StageA_FromALowSouthPose_APersonDrawnVisibleThroughTheElephantDoorOpening_StaysSelectable" methodname="StageA_FromALowSouthPose_APersonDrawnVisibleThroughTheElephantDoorOpening_StaysSelectable" classname="Studio.Tests.EditMode.StudioAuthoredRoofOcclusionTests" runstate="Runnable" seed="392093663" result="Passed" start-time="2026-09-10 20:09:46Z" end-time="2026-09-10 20:09:46Z" duration="0.020604" asserts="0">
                <properties>
                  <property name="retryIteration" value="0" />
                  <property name="repeatIteration" value="0" />
                </properties>
              </test-case>
              <test-case id="1008" name="StageA_FromTheFrozenManagementCameras_ADrawnHiddenPersonUnderTheRoof_IsNeverSelectedThroughIt" fullname="Studio.Tests.EditMode.StudioAuthoredRoofOcclusionTests.StageA_FromTheFrozenManagementCameras_ADrawnHiddenPersonUnderTheRoof_IsNeverSelectedThroughIt" methodname="StageA_FromTheFrozenManagementCameras_ADrawnHiddenPersonUnderTheRoof_IsNeverSelectedThroughIt" classname="Studio.Tests.EditMode.StudioAuthoredRoofOcclusionTests" runstate="Runnable" seed="1153058553" result="Passed" start-time="2026-09-10 20:09:46Z" end-time="2026-09-10 20:09:46Z" duration="0.057979" asserts="0">
                <properties>
                  <property name="retryIteration" value="0" />
                  <property name="repeatIteration" value="0" />
                </properties>
              </test-case>
              <test-case id="1009" name="StageA_FromTheTycoonCamerasOwnHomePose_ADrawnHiddenPersonUnderTheRoof_IsNeverSelectedThroughIt" fullname="Studio.Tests.EditMode.StudioAuthoredRoofOcclusionTests.StageA_FromTheTycoonCamerasOwnHomePose_ADrawnHiddenPersonUnderTheRoof_IsNeverSelectedThroughIt" methodname="StageA_FromTheTycoonCamerasOwnHomePose_ADrawnHiddenPersonUnderTheRoof_IsNeverSelectedThroughIt" classname="Studio.Tests.EditMode.StudioAuthoredRoofOcclusionTests" runstate="Runnable" seed="2103013080" result="Passed" start-time="2026-09-10 20:09:46Z" end-time="2026-09-10 20:09:46Z" duration="0.019775" asserts="0">
                <properties>
                  <property name="retryIteration" value="0" />
                  <property name="repeatIteration" value="0" />
                </properties>
              </test-case>
              <test-suite type="ParameterizedMethod" id="1018" name="StageInspectionPipeline_HighFarPoseClearsDrawnBuildingRoofAndCeiling" fullname="Studio.Tests.EditMode.StudioAuthoredRoofOcclusionTests.StageInspectionPipeline_HighFarPoseClearsDrawnBuildingRoofAndCeiling" classname="Studio.Tests.EditMode.StudioAuthoredRoofOcclusionTests" runstate="Runnable" testcasecount="4" result="Passed" start-time="2026-09-10 20:09:46Z" end-time="2026-09-10 20:09:46Z" duration="0.012950" total="4" passed="4" failed="0" inconclusive="0" skipped="0" asserts="0">
                <properties />
                <test-case id="1014" name="StageInspectionPipeline_HighFarPoseClearsDrawnBuildingRoofAndCeiling(7.033408f)" fullname="Studio.Tests.EditMode.StudioAuthoredRoofOcclusionTests.StageInspectionPipeline_HighFarPoseClearsDrawnBuildingRoofAndCeiling(7.033408f)" methodname="StageInspectionPipeline_HighFarPoseClearsDrawnBuildingRoofAndCeiling" classname="Studio.Tests.EditMode.StudioAuthoredRoofOcclusionTests" runstate="Runnable" seed="1755862125" result="Passed" start-time="2026-09-10 20:09:46Z" end-time="2026-09-10 20:09:46Z" duration="0.004882" asserts="0">
                  <properties>
                    <property name="retryIteration" value="0" />
                    <property name="repeatIteration" value="0" />
                  </properties>
                  <output><![CDATA[Final camera (46.65, 14.01, 26.45); nearest other drawn surface: none at 
]]></output>
                </test-case>
                <test-case id="1015" name="StageInspectionPipeline_HighFarPoseClearsDrawnBuildingRoofAndCeiling(97.03358f)" fullname="Studio.Tests.EditMode.StudioAuthoredRoofOcclusionTests.StageInspectionPipeline_HighFarPoseClearsDrawnBuildingRoofAndCeiling(97.03358f)" methodname="StageInspectionPipeline_HighFarPoseClearsDrawnBuildingRoofAndCeiling" classname="Studio.Tests.EditMode.StudioAuthoredRoofOcclusionTests" runstate="Runnable" seed="1791273172" result="Passed" start-time="2026-09-10 20:09:46Z" end-time="2026-09-10 20:09:46Z" duration="0.002317" asserts="0">
                  <properties>
                    <property name="retryIteration" value="0" />
                    <property name="repeatIteration" value="0" />
                  </properties>
                  <output><![CDATA[Final camera (36.35, 14.01, 39.65); nearest other drawn surface: none at 
]]></output>
                </test-case>
                <test-case id="1016" name="StageInspectionPipeline_HighFarPoseClearsDrawnBuildingRoofAndCeiling(187.0333f)" fullname="Studio.Tests.EditMode.StudioAuthoredRoofOcclusionTests.StageInspectionPipeline_HighFarPoseClearsDrawnBuildingRoofAndCeiling(187.0333f)" methodname="StageInspectionPipeline_HighFarPoseClearsDrawnBuildingRoofAndCeiling" classname="Studio.Tests.EditMode.StudioAuthoredRoofOcclusionTests" runstate="Runnable" seed="1980121928" result="Passed" start-time="2026-09-10 20:09:46Z" end-time="2026-09-10 20:09:46Z" duration="0.002988" asserts="0">
                  <properties>
                    <property name="retryIteration" value="0" />
                    <property name="repeatIteration" value="0" />
                  </properties>
                  <output><![CDATA[Final camera (49.49, 13.58, 49.48); nearest other drawn surface: Combined Mesh (root: ARCHITECTURE — Studio Systems) 6 @ hit (49.1,10.5,46.0) tri centroid (50.2,10.5,46.0) at 4.658141
]]></output>
                </test-case>
                <test-case id="1017" name="StageInspectionPipeline_HighFarPoseClearsDrawnBuildingRoofAndCeiling(277.0333f)" fullname="Studio.Tests.EditMode.StudioAuthoredRoofOcclusionTests.StageInspectionPipeline_HighFarPoseClearsDrawnBuildingRoofAndCeiling(277.0333f)" methodname="StageInspectionPipeline_HighFarPoseClearsDrawnBuildingRoofAndCeiling" classname="Studio.Tests.EditMode.StudioAuthoredRoofOcclusionTests" runstate="Runnable" seed="111204968" result="Passed" start-time="2026-09-10 20:09:46Z" end-time="2026-09-10 20:09:46Z" duration="0.002254" asserts="0">
                  <properties>
                    <property name="retryIteration" value="0" />
                    <property name="repeatIteration" value="0" />
                  </properties>
                  <output><![CDATA[Final camera (59.85, 14.01, 36.75); nearest other drawn surface: none at 
]]></output>
                </test-case>
              </test-suite>
              <test-case id="1013" name="StageInteriorCeiling_ColliderMatchesTheAuthoredOpaqueBox_AndIsExcludedFromNavigationBake" fullname="Studio.Tests.EditMode.StudioAuthoredRoofOcclusionTests.StageInteriorCeiling_ColliderMatchesTheAuthoredOpaqueBox_AndIsExcludedFromNavigationBake" methodname="StageInteriorCeiling_ColliderMatchesTheAuthoredOpaqueBox_AndIsExcludedFromNavigationBake" classname="Studio.Tests.EditMode.StudioAuthoredRoofOcclusionTests" runstate="Runnable" seed="1402357107" result="Passed" start-time="2026-09-10 20:09:46Z" end-time="2026-09-10 20:09:46Z" duration="0.001494" asserts="0">
                <properties>
                  <property name="retryIteration" value="0" />
                  <property name="repeatIteration" value="0" />
                </properties>
              </test-case>
              <test-case id="1012" name="StageRoof_StopsTheInteriorToCameraRayAtTheSupportedHighFarPose" fullname="Studio.Tests.EditMode.StudioAuthoredRoofOcclusionTests.StageRoof_StopsTheInteriorToCameraRayAtTheSupportedHighFarPose" methodname="StageRoof_StopsTheInteriorToCameraRayAtTheSupportedHighFarPose" classname="Studio.Tests.EditMode.StudioAuthoredRoofOcclusionTests" runstate="Runnable" seed="587406692" result="Passed" start-time="2026-09-10 20:09:46Z" end-time="2026-09-10 20:09:46Z" duration="0.000690" asserts="0">
                <properties>
                  <property name="retryIteration" value="0" />
                  <property name="repeatIteration" value="0" />
                </properties>
              </test-case>
              <test-case id="1011" name="TheAuthoredBarrelRoofsAndGable_CarryDefaultLayerMeshOccluders_MatchingTheirDrawnBounds" fullname="Studio.Tests.EditMode.StudioAuthoredRoofOcclusionTests.TheAuthoredBarrelRoofsAndGable_CarryDefaultLayerMeshOccluders_MatchingTheirDrawnBounds" methodname="TheAuthoredBarrelRoofsAndGable_CarryDefaultLayerMeshOccluders_MatchingTheirDrawnBounds" classname="Studio.Tests.EditMode.StudioAuthoredRoofOcclusionTests" runstate="Runnable" seed="1251676321" result="Passed" start-time="2026-09-10 20:09:46Z" end-time="2026-09-10 20:09:46Z" duration="0.001201" asserts="0">
                <properties>
                  <property name="retryIteration" value="0" />
                  <property name="repeatIteration" value="0" />
                </properties>
              </test-case>
            </test-suite>
            <test-suite type="TestFixture" id="1022" name="StudioBridgeGeneratedUnionFixtureTests" fullname="Studio.Tests.EditMode.StudioBridgeGeneratedUnionFixtureTests" classname="Studio.Tests.EditMode.StudioBridgeGeneratedUnionFixtureTests" runstate="Runnable" testcasecount="12" result="Passed" start-time="2026-09-10 20:09:46Z" end-time="2026-09-10 20:09:46Z" duration="0.039216" total="12" passed="12" failed="0" inconclusive="0" skipped="0" asserts="0">
              <properties />
              <test-case id="1023" name="F01_StringOrNullRoundTripsRequiredNull" fullname="Studio.Tests.EditMode.StudioBridgeGeneratedUnionFixtureTests.F01_StringOrNullRoundTripsRequiredNull" methodname="F01_StringOrNullRoundTripsRequiredNull" classname="Studio.Tests.EditMode.StudioBridgeGeneratedUnionFixtureTests" runstate="Runnable" seed="1867700917" result="Passed" start-time="2026-09-10 20:09:46Z" end-time="2026-09-10 20:09:46Z" duration="0.010396" asserts="0">
                <properties>
                  <property name="retryIteration" value="0" />
                  <property name="repeatIteration" value="0" />
                </properties>
              </test-case>
              <test-case id="1024" name="F02_ObjectOrNullRoundTripsNamedChild" fullname="Studio.Tests.EditMode.StudioBridgeGeneratedUnionFixtureTests.F02_ObjectOrNullRoundTripsNamedChild" methodname="F02_ObjectOrNullRoundTripsNamedChild" classname="Studio.Tests.EditMode.StudioBridgeGeneratedUnionFixtureTests" runstate="Runnable" seed="624076362" result="Passed" start-time="2026-09-10 20:09:46Z" end-time="2026-09-10 20:09:46Z" duration="0.000656" asserts="0">
                <properties>
                  <property name="retryIteration" value="0" />
                  <property name="repeatIteration" value="0" />
                </properties>
              </test-case>
              <test-case id="1025" name="F03_CompatibleObjectsRetainTheExactAggregateShape" fullname="Studio.Tests.EditMode.StudioBridgeGeneratedUnionFixtureTests.F03_CompatibleObjectsRetainTheExactAggregateShape" methodname="F03_CompatibleObjectsRetainTheExactAggregateShape" classname="Studio.Tests.EditMode.StudioBridgeGeneratedUnionFixtureTests" runstate="Runnable" seed="860032697" result="Passed" start-time="2026-09-10 20:09:46Z" end-time="2026-09-10 20:09:46Z" duration="0.002490" asserts="0">
                <properties>
                  <property name="retryIteration" value="0" />
                  <property name="repeatIteration" value="0" />
                </properties>
              </test-case>
              <test-case id="1026" name="F04_DiscriminatedUnionRoundTripsBothMembers" fullname="Studio.Tests.EditMode.StudioBridgeGeneratedUnionFixtureTests.F04_DiscriminatedUnionRoundTripsBothMembers" methodname="F04_DiscriminatedUnionRoundTripsBothMembers" classname="Studio.Tests.EditMode.StudioBridgeGeneratedUnionFixtureTests" runstate="Runnable" seed="1404346830" result="Passed" start-time="2026-09-10 20:09:46Z" end-time="2026-09-10 20:09:46Z" duration="0.003267" asserts="0">
                <properties>
                  <property name="retryIteration" value="0" />
                  <property name="repeatIteration" value="0" />
                </properties>
              </test-case>
              <test-case id="1027" name="F04_DiscriminatorRejectsUnknownDuplicateAndCrossMemberShapes" fullname="Studio.Tests.EditMode.StudioBridgeGeneratedUnionFixtureTests.F04_DiscriminatorRejectsUnknownDuplicateAndCrossMemberShapes" methodname="F04_DiscriminatorRejectsUnknownDuplicateAndCrossMemberShapes" classname="Studio.Tests.EditMode.StudioBridgeGeneratedUnionFixtureTests" runstate="Runnable" seed="1416719670" result="Passed" start-time="2026-09-10 20:09:46Z" end-time="2026-09-10 20:09:46Z" duration="0.000932" asserts="0">
                <properties>
                  <property name="retryIteration" value="0" />
                  <property name="repeatIteration" value="0" />
                </properties>
              </test-case>
              <test-case id="1028" name="F09_ArrayItemUnionRetainsMemberTypesOrderAndFields" fullname="Studio.Tests.EditMode.StudioBridgeGeneratedUnionFixtureTests.F09_ArrayItemUnionRetainsMemberTypesOrderAndFields" methodname="F09_ArrayItemUnionRetainsMemberTypesOrderAndFields" classname="Studio.Tests.EditMode.StudioBridgeGeneratedUnionFixtureTests" runstate="Runnable" seed="200775245" result="Passed" start-time="2026-09-10 20:09:46Z" end-time="2026-09-10 20:09:46Z" duration="0.002582" asserts="0">
                <properties>
                  <property name="retryIteration" value="0" />
                  <property name="repeatIteration" value="0" />
                </properties>
              </test-case>
              <test-case id="1030" name="F12_DiscriminatorRejectsUnknownAndDuplicateStates" fullname="Studio.Tests.EditMode.StudioBridgeGeneratedUnionFixtureTests.F12_DiscriminatorRejectsUnknownAndDuplicateStates" methodname="F12_DiscriminatorRejectsUnknownAndDuplicateStates" classname="Studio.Tests.EditMode.StudioBridgeGeneratedUnionFixtureTests" runstate="Runnable" seed="1723749438" result="Passed" start-time="2026-09-10 20:09:46Z" end-time="2026-09-10 20:09:46Z" duration="0.000463" asserts="0">
                <properties>
                  <property name="retryIteration" value="0" />
                  <property name="repeatIteration" value="0" />
                </properties>
              </test-case>
              <test-case id="1029" name="F12_ProductionStateUnionRoundTripsAllMembers" fullname="Studio.Tests.EditMode.StudioBridgeGeneratedUnionFixtureTests.F12_ProductionStateUnionRoundTripsAllMembers" methodname="F12_ProductionStateUnionRoundTripsAllMembers" classname="Studio.Tests.EditMode.StudioBridgeGeneratedUnionFixtureTests" runstate="Runnable" seed="246443618" result="Passed" start-time="2026-09-10 20:09:46Z" end-time="2026-09-10 20:09:46Z" duration="0.004049" asserts="0">
                <properties>
                  <property name="retryIteration" value="0" />
                  <property name="repeatIteration" value="0" />
                </properties>
              </test-case>
              <test-case id="1033" name="RuntimeProductionCommandUnionRoundTripsAllMembers" fullname="Studio.Tests.EditMode.StudioBridgeGeneratedUnionFixtureTests.RuntimeProductionCommandUnionRoundTripsAllMembers" methodname="RuntimeProductionCommandUnionRoundTripsAllMembers" classname="Studio.Tests.EditMode.StudioBridgeGeneratedUnionFixtureTests" runstate="Runnable" seed="181179576" result="Passed" start-time="2026-09-10 20:09:46Z" end-time="2026-09-10 20:09:46Z" duration="0.002718" asserts="0">
                <properties>
                  <property name="retryIteration" value="0" />
                  <property name="repeatIteration" value="0" />
                </properties>
              </test-case>
              <test-case id="1031" name="RuntimeQuoteRequestUnionRoundTripsBothConcreteDrafts" fullname="Studio.Tests.EditMode.StudioBridgeGeneratedUnionFixtureTests.RuntimeQuoteRequestUnionRoundTripsBothConcreteDrafts" methodname="RuntimeQuoteRequestUnionRoundTripsBothConcreteDrafts" classname="Studio.Tests.EditMode.StudioBridgeGeneratedUnionFixtureTests" runstate="Runnable" seed="724115584" result="Passed" start-time="2026-09-10 20:09:46Z" end-time="2026-09-10 20:09:46Z" duration="0.004240" asserts="0">
                <properties>
                  <property name="retryIteration" value="0" />
                  <property name="repeatIteration" value="0" />
                </properties>
              </test-case>
              <test-case id="1032" name="RuntimeQuoteSnapshotUnionRoundTripsBothMembersAndNullableFields" fullname="Studio.Tests.EditMode.StudioBridgeGeneratedUnionFixtureTests.RuntimeQuoteSnapshotUnionRoundTripsBothMembersAndNullableFields" methodname="RuntimeQuoteSnapshotUnionRoundTripsBothMembersAndNullableFields" classname="Studio.Tests.EditMode.StudioBridgeGeneratedUnionFixtureTests" runstate="Runnable" seed="620040728" result="Passed" start-time="2026-09-10 20:09:46Z" end-time="2026-09-10 20:09:46Z" duration="0.005385" asserts="0">
                <properties>
                  <property name="retryIteration" value="0" />
                  <property name="repeatIteration" value="0" />
                </properties>
              </test-case>
              <test-case id="1034" name="RuntimeUnionsRejectUnknownDuplicateAndInvalidMemberCombinations" fullname="Studio.Tests.EditMode.StudioBridgeGeneratedUnionFixtureTests.RuntimeUnionsRejectUnknownDuplicateAndInvalidMemberCombinations" methodname="RuntimeUnionsRejectUnknownDuplicateAndInvalidMemberCombinations" classname="Studio.Tests.EditMode.StudioBridgeGeneratedUnionFixtureTests" runstate="Runnable" seed="16901642" result="Passed" start-time="2026-09-10 20:09:46Z" end-time="2026-09-10 20:09:46Z" duration="0.000775" asserts="0">
                <properties>
                  <property name="retryIteration" value="0" />
                  <property name="repeatIteration" value="0" />
                </properties>
              </test-case>
            </test-suite>
            <test-suite type="TestFixture" id="1035" name="StudioBridgePendingPostTests" fullname="Studio.Tests.EditMode.StudioBridgePendingPostTests" classname="Studio.Tests.EditMode.StudioBridgePendingPostTests" runstate="Runnable" testcasecount="16" result="Passed" start-time="2026-09-10 20:09:46Z" end-time="2026-09-10 20:09:46Z" duration="0.008842" total="16" passed="16" failed="0" inconclusive="0" skipped="0" asserts="0">
              <properties />
              <test-case id="1050" name="CompletionPolicy_PublishesFreshAuthorityAndSuppressesHistoricalGuidance" fullname="Studio.Tests.EditMode.StudioBridgePendingPostTests.CompletionPolicy_PublishesFreshAuthorityAndSuppressesHistoricalGuidance" methodname="CompletionPolicy_PublishesFreshAuthorityAndSuppressesHistoricalGuidance" classname="Studio.Tests.EditMode.StudioBridgePendingPostTests" runstate="Runnable" seed="1480429647" result="Passed" start-time="2026-09-10 20:09:46Z" end-time="2026-09-10 20:09:46Z" duration="0.000417" asserts="0">
                <properties>
                  <property name="retryIteration" value="0" />
                  <property name="repeatIteration" value="0" />
                </properties>
              </test-case>
              <test-case id="1042" name="Lifecycle_AbandonPreventsRetryAfterDefinitiveOrTerminalFailure" fullname="Studio.Tests.EditMode.StudioBridgePendingPostTests.Lifecycle_AbandonPreventsRetryAfterDefinitiveOrTerminalFailure" methodname="Lifecycle_AbandonPreventsRetryAfterDefinitiveOrTerminalFailure" classname="Studio.Tests.EditMode.StudioBridgePendingPostTests" runstate="Runnable" seed="467667425" result="Passed" start-time="2026-09-10 20:09:46Z" end-time="2026-09-10 20:09:46Z" duration="0.000957" asserts="0">
                <properties>
                  <property name="retryIteration" value="0" />
                  <property name="repeatIteration" value="0" />
                </properties>
              </test-case>
              <test-suite type="ParameterizedMethod" id="1047" name="Lifecycle_RejectsRouteOperationMismatch" fullname="Studio.Tests.EditMode.StudioBridgePendingPostTests.Lifecycle_RejectsRouteOperationMismatch" classname="Studio.Tests.EditMode.StudioBridgePendingPostTests" runstate="Runnable" testcasecount="3" result="Passed" start-time="2026-09-10 20:09:46Z" end-time="2026-09-10 20:09:46Z" duration="0.000403" total="3" passed="3" failed="0" inconclusive="0" skipped="0" asserts="0">
                <properties />
                <test-case id="1044" name="Lifecycle_RejectsRouteOperationMismatch(Command,&quot;/save&quot;)" fullname="Studio.Tests.EditMode.StudioBridgePendingPostTests.Lifecycle_RejectsRouteOperationMismatch(Command,&quot;/save&quot;)" methodname="Lifecycle_RejectsRouteOperationMismatch" classname="Studio.Tests.EditMode.StudioBridgePendingPostTests" runstate="Runnable" seed="804975905" result="Passed" start-time="2026-09-10 20:09:46Z" end-time="2026-09-10 20:09:46Z" duration="0.000151" asserts="0">
                  <properties>
                    <property name="retryIteration" value="0" />
                    <property name="repeatIteration" value="0" />
                  </properties>
                </test-case>
                <test-case id="1045" name="Lifecycle_RejectsRouteOperationMismatch(Save,&quot;/load&quot;)" fullname="Studio.Tests.EditMode.StudioBridgePendingPostTests.Lifecycle_RejectsRouteOperationMismatch(Save,&quot;/load&quot;)" methodname="Lifecycle_RejectsRouteOperationMismatch" classname="Studio.Tests.EditMode.StudioBridgePendingPostTests" runstate="Runnable" seed="1723877050" result="Passed" start-time="2026-09-10 20:09:46Z" end-time="2026-09-10 20:09:46Z" duration="0.000030" asserts="0">
                  <properties>
                    <property name="retryIteration" value="0" />
                    <property name="repeatIteration" value="0" />
                  </properties>
                </test-case>
                <test-case id="1046" name="Lifecycle_RejectsRouteOperationMismatch(Load,&quot;/command&quot;)" fullname="Studio.Tests.EditMode.StudioBridgePendingPostTests.Lifecycle_RejectsRouteOperationMismatch(Load,&quot;/command&quot;)" methodname="Lifecycle_RejectsRouteOperationMismatch" classname="Studio.Tests.EditMode.StudioBridgePendingPostTests" runstate="Runnable" seed="1920222233" result="Passed" start-time="2026-09-10 20:09:46Z" end-time="2026-09-10 20:09:46Z" duration="0.000028" asserts="0">
                  <properties>
                    <property name="retryIteration" value="0" />
                    <property name="repeatIteration" value="0" />
                  </properties>
                </test-case>
              </test-suite>
              <test-case id="1040" name="Lifecycle_RequiresTransportLossAndSameLogicalSessionBeforeRetry" fullname="Studio.Tests.EditMode.StudioBridgePendingPostTests.Lifecycle_RequiresTransportLossAndSameLogicalSessionBeforeRetry" methodname="Lifecycle_RequiresTransportLossAndSameLogicalSessionBeforeRetry" classname="Studio.Tests.EditMode.StudioBridgePendingPostTests" runstate="Runnable" seed="1846735812" result="Passed" start-time="2026-09-10 20:09:46Z" end-time="2026-09-10 20:09:46Z" duration="0.000153" asserts="0">
                <properties>
                  <property name="retryIteration" value="0" />
                  <property name="repeatIteration" value="0" />
                </properties>
              </test-case>
              <test-suite type="ParameterizedMethod" id="1039" name="Lifecycle_RetriesExactImmutableBytesAndRecordsProofHashes" fullname="Studio.Tests.EditMode.StudioBridgePendingPostTests.Lifecycle_RetriesExactImmutableBytesAndRecordsProofHashes" classname="Studio.Tests.EditMode.StudioBridgePendingPostTests" runstate="Runnable" testcasecount="3" result="Passed" start-time="2026-09-10 20:09:46Z" end-time="2026-09-10 20:09:46Z" duration="0.000907" total="3" passed="3" failed="0" inconclusive="0" skipped="0" asserts="0">
                <properties />
                <test-case id="1036" name="Lifecycle_RetriesExactImmutableBytesAndRecordsProofHashes(Command,&quot;/command&quot;)" fullname="Studio.Tests.EditMode.StudioBridgePendingPostTests.Lifecycle_RetriesExactImmutableBytesAndRecordsProofHashes(Command,&quot;/command&quot;)" methodname="Lifecycle_RetriesExactImmutableBytesAndRecordsProofHashes" classname="Studio.Tests.EditMode.StudioBridgePendingPostTests" runstate="Runnable" seed="1209677068" result="Passed" start-time="2026-09-10 20:09:46Z" end-time="2026-09-10 20:09:46Z" duration="0.000568" asserts="0">
                  <properties>
                    <property name="retryIteration" value="0" />
                    <property name="repeatIteration" value="0" />
                  </properties>
                </test-case>
                <test-case id="1037" name="Lifecycle_RetriesExactImmutableBytesAndRecordsProofHashes(Save,&quot;/save&quot;)" fullname="Studio.Tests.EditMode.StudioBridgePendingPostTests.Lifecycle_RetriesExactImmutableBytesAndRecordsProofHashes(Save,&quot;/save&quot;)" methodname="Lifecycle_RetriesExactImmutableBytesAndRecordsProofHashes" classname="Studio.Tests.EditMode.StudioBridgePendingPostTests" runstate="Runnable" seed="411566412" result="Passed" start-time="2026-09-10 20:09:46Z" end-time="2026-09-10 20:09:46Z" duration="0.000077" asserts="0">
                  <properties>
                    <property name="retryIteration" value="0" />
                    <property name="repeatIteration" value="0" />
                  </properties>
                </test-case>
                <test-case id="1038" name="Lifecycle_RetriesExactImmutableBytesAndRecordsProofHashes(Load,&quot;/load&quot;)" fullname="Studio.Tests.EditMode.StudioBridgePendingPostTests.Lifecycle_RetriesExactImmutableBytesAndRecordsProofHashes(Load,&quot;/load&quot;)" methodname="Lifecycle_RetriesExactImmutableBytesAndRecordsProofHashes" classname="Studio.Tests.EditMode.StudioBridgePendingPostTests" runstate="Runnable" seed="254080844" result="Passed" start-time="2026-09-10 20:09:46Z" end-time="2026-09-10 20:09:46Z" duration="0.000077" asserts="0">
                  <properties>
                    <property name="retryIteration" value="0" />
                    <property name="repeatIteration" value="0" />
                  </properties>
                </test-case>
              </test-suite>
              <test-case id="1041" name="Lifecycle_ReusesTheSameEnvelopeAcrossRepeatedTransportLoss" fullname="Studio.Tests.EditMode.StudioBridgePendingPostTests.Lifecycle_ReusesTheSameEnvelopeAcrossRepeatedTransportLoss" methodname="Lifecycle_ReusesTheSameEnvelopeAcrossRepeatedTransportLoss" classname="Studio.Tests.EditMode.StudioBridgePendingPostTests" runstate="Runnable" seed="921686820" result="Passed" start-time="2026-09-10 20:09:46Z" end-time="2026-09-10 20:09:46Z" duration="0.000129" asserts="0">
                <properties>
                  <property name="retryIteration" value="0" />
                  <property name="repeatIteration" value="0" />
                </properties>
              </test-case>
              <test-case id="1043" name="Lifecycle_SessionChangeDiscardsRecoveredResponseBeforeFreshProjection" fullname="Studio.Tests.EditMode.StudioBridgePendingPostTests.Lifecycle_SessionChangeDiscardsRecoveredResponseBeforeFreshProjection" methodname="Lifecycle_SessionChangeDiscardsRecoveredResponseBeforeFreshProjection" classname="Studio.Tests.EditMode.StudioBridgePendingPostTests" runstate="Runnable" seed="264073866" result="Passed" start-time="2026-09-10 20:09:46Z" end-time="2026-09-10 20:09:46Z" duration="0.000173" asserts="0">
                <properties>
                  <property name="retryIteration" value="0" />
                  <property name="repeatIteration" value="0" />
                </properties>
              </test-case>
              <test-case id="1048" name="ResponseJoin_AllowsCurrentFreshHistoricalAndAdvancedStaleOutcomes" fullname="Studio.Tests.EditMode.StudioBridgePendingPostTests.ResponseJoin_AllowsCurrentFreshHistoricalAndAdvancedStaleOutcomes" methodname="ResponseJoin_AllowsCurrentFreshHistoricalAndAdvancedStaleOutcomes" classname="Studio.Tests.EditMode.StudioBridgePendingPostTests" runstate="Runnable" seed="419115736" result="Passed" start-time="2026-09-10 20:09:46Z" end-time="2026-09-10 20:09:46Z" duration="0.000391" asserts="0">
                <properties>
                  <property name="retryIteration" value="0" />
                  <property name="repeatIteration" value="0" />
                </properties>
              </test-case>
              <test-case id="1049" name="ResponseJoin_FailsClosedOnContradictoryAuthority" fullname="Studio.Tests.EditMode.StudioBridgePendingPostTests.ResponseJoin_FailsClosedOnContradictoryAuthority" methodname="ResponseJoin_FailsClosedOnContradictoryAuthority" classname="Studio.Tests.EditMode.StudioBridgePendingPostTests" runstate="Runnable" seed="400203264" result="Passed" start-time="2026-09-10 20:09:46Z" end-time="2026-09-10 20:09:46Z" duration="0.000286" asserts="0">
                <properties>
                  <property name="retryIteration" value="0" />
                  <property name="repeatIteration" value="0" />
                </properties>
              </test-case>
              <test-suite type="ParameterizedMethod" id="1054" name="Transport_PostUtf8PreservesExactBodyAndCapability" fullname="Studio.Tests.EditMode.StudioBridgePendingPostTests.Transport_PostUtf8PreservesExactBodyAndCapability" classname="Studio.Tests.EditMode.StudioBridgePendingPostTests" runstate="Runnable" testcasecount="3" result="Passed" start-time="2026-09-10 20:09:46Z" end-time="2026-09-10 20:09:46Z" duration="0.004223" total="3" passed="3" failed="0" inconclusive="0" skipped="0" asserts="0">
                <properties />
                <test-case id="1051" name="Transport_PostUtf8PreservesExactBodyAndCapability(&quot;/command&quot;)" fullname="Studio.Tests.EditMode.StudioBridgePendingPostTests.Transport_PostUtf8PreservesExactBodyAndCapability(&quot;/command&quot;)" methodname="Transport_PostUtf8PreservesExactBodyAndCapability" classname="Studio.Tests.EditMode.StudioBridgePendingPostTests" runstate="Runnable" seed="1973131179" result="Passed" start-time="2026-09-10 20:09:46Z" end-time="2026-09-10 20:09:46Z" duration="0.003941" asserts="0">
                  <properties>
                    <property name="retryIteration" value="0" />
                    <property name="repeatIteration" value="0" />
                  </properties>
                </test-case>
                <test-case id="1052" name="Transport_PostUtf8PreservesExactBodyAndCapability(&quot;/save&quot;)" fullname="Studio.Tests.EditMode.StudioBridgePendingPostTests.Transport_PostUtf8PreservesExactBodyAndCapability(&quot;/save&quot;)" methodname="Transport_PostUtf8PreservesExactBodyAndCapability" classname="Studio.Tests.EditMode.StudioBridgePendingPostTests" runstate="Runnable" seed="940410130" result="Passed" start-time="2026-09-10 20:09:46Z" end-time="2026-09-10 20:09:46Z" duration="0.000058" asserts="0">
                  <properties>
                    <property name="retryIteration" value="0" />
                    <property name="repeatIteration" value="0" />
                  </properties>
                </test-case>
                <test-case id="1053" name="Transport_PostUtf8PreservesExactBodyAndCapability(&quot;/load&quot;)" fullname="Studio.Tests.EditMode.StudioBridgePendingPostTests.Transport_PostUtf8PreservesExactBodyAndCapability(&quot;/load&quot;)" methodname="Transport_PostUtf8PreservesExactBodyAndCapability" classname="Studio.Tests.EditMode.StudioBridgePendingPostTests" runstate="Runnable" seed="811612665" result="Passed" start-time="2026-09-10 20:09:46Z" end-time="2026-09-10 20:09:46Z" duration="0.000049" asserts="0">
                  <properties>
                    <property name="retryIteration" value="0" />
                    <property name="repeatIteration" value="0" />
                  </properties>
                </test-case>
              </test-suite>
            </test-suite>
            <test-suite type="TestFixture" id="1055" name="StudioBridgePlayerWorkflowTests" fullname="Studio.Tests.EditMode.StudioBridgePlayerWorkflowTests" classname="Studio.Tests.EditMode.StudioBridgePlayerWorkflowTests" runstate="Runnable" testcasecount="26" result="Passed" start-time="2026-09-10 20:09:46Z" end-time="2026-09-10 20:09:46Z" duration="0.027278" total="26" passed="26" failed="0" inconclusive="0" skipped="0" asserts="0">
              <properties />
              <test-case id="1073" name="AmbiguousPlayerAttempt_CountsOnlyAfterSameSessionRetryAndRecoveredCompletion" fullname="Studio.Tests.EditMode.StudioBridgePlayerWorkflowTests.AmbiguousPlayerAttempt_CountsOnlyAfterSameSessionRetryAndRecoveredCompletion" methodname="AmbiguousPlayerAttempt_CountsOnlyAfterSameSessionRetryAndRecoveredCompletion" classname="Studio.Tests.EditMode.StudioBridgePlayerWorkflowTests" runstate="Runnable" seed="2133722589" result="Passed" start-time="2026-09-10 20:09:46Z" end-time="2026-09-10 20:09:46Z" duration="0.001422" asserts="0">
                <properties>
                  <property name="retryIteration" value="0" />
                  <property name="repeatIteration" value="0" />
                </properties>
              </test-case>
              <test-case id="1071" name="ButtonEvidenceValidation_RejectsNonFiniteNonPositiveAndOffscreenRects" fullname="Studio.Tests.EditMode.StudioBridgePlayerWorkflowTests.ButtonEvidenceValidation_RejectsNonFiniteNonPositiveAndOffscreenRects" methodname="ButtonEvidenceValidation_RejectsNonFiniteNonPositiveAndOffscreenRects" classname="Studio.Tests.EditMode.StudioBridgePlayerWorkflowTests" runstate="Runnable" seed="1947015586" result="Passed" start-time="2026-09-10 20:09:46Z" end-time="2026-09-10 20:09:46Z" duration="0.000380" asserts="0">
                <properties>
                  <property name="retryIteration" value="0" />
                  <property name="repeatIteration" value="0" />
                </properties>
              </test-case>
              <test-case id="1063" name="CastChoiceHeading_RequiresReviewedAuditionsAndMultipleDistinctGreenlights" fullname="Studio.Tests.EditMode.StudioBridgePlayerWorkflowTests.CastChoiceHeading_RequiresReviewedAuditionsAndMultipleDistinctGreenlights" methodname="CastChoiceHeading_RequiresReviewedAuditionsAndMultipleDistinctGreenlights" classname="Studio.Tests.EditMode.StudioBridgePlayerWorkflowTests" runstate="Runnable" seed="2077229412" result="Passed" start-time="2026-09-10 20:09:46Z" end-time="2026-09-10 20:09:46Z" duration="0.000368" asserts="0">
                <properties>
                  <property name="retryIteration" value="0" />
                  <property name="repeatIteration" value="0" />
                </properties>
              </test-case>
              <test-case id="1062" name="CastingQuoteRequest_SerializesToTheExactWireEnvelopeAndDraftShape" fullname="Studio.Tests.EditMode.StudioBridgePlayerWorkflowTests.CastingQuoteRequest_SerializesToTheExactWireEnvelopeAndDraftShape" methodname="CastingQuoteRequest_SerializesToTheExactWireEnvelopeAndDraftShape" classname="Studio.Tests.EditMode.StudioBridgePlayerWorkflowTests" runstate="Runnable" seed="1817959977" result="Passed" start-time="2026-09-10 20:09:46Z" end-time="2026-09-10 20:09:46Z" duration="0.001179" asserts="0">
                <properties>
                  <property name="retryIteration" value="0" />
                  <property name="repeatIteration" value="0" />
                </properties>
              </test-case>
              <test-case id="1061" name="CastingQuoteTransport_MirrorsTheCommissionQuoteSingleFlightNonMutatingLifecycle" fullname="Studio.Tests.EditMode.StudioBridgePlayerWorkflowTests.CastingQuoteTransport_MirrorsTheCommissionQuoteSingleFlightNonMutatingLifecycle" methodname="CastingQuoteTransport_MirrorsTheCommissionQuoteSingleFlightNonMutatingLifecycle" classname="Studio.Tests.EditMode.StudioBridgePlayerWorkflowTests" runstate="Runnable" seed="1204564737" result="Passed" start-time="2026-09-10 20:09:46Z" end-time="2026-09-10 20:09:46Z" duration="0.005615" asserts="0">
                <properties>
                  <property name="retryIteration" value="0" />
                  <property name="repeatIteration" value="0" />
                </properties>
              </test-case>
              <test-case id="1060" name="CastingVerbs_CedeTogetherToADeclaredWorkspaceOwnerAndFallBackWithoutOne" fullname="Studio.Tests.EditMode.StudioBridgePlayerWorkflowTests.CastingVerbs_CedeTogetherToADeclaredWorkspaceOwnerAndFallBackWithoutOne" methodname="CastingVerbs_CedeTogetherToADeclaredWorkspaceOwnerAndFallBackWithoutOne" classname="Studio.Tests.EditMode.StudioBridgePlayerWorkflowTests" runstate="Runnable" seed="50939725" result="Passed" start-time="2026-09-10 20:09:46Z" end-time="2026-09-10 20:09:46Z" duration="0.001637" asserts="0">
                <properties>
                  <property name="retryIteration" value="0" />
                  <property name="repeatIteration" value="0" />
                </properties>
              </test-case>
              <test-case id="1079" name="DifferentPostWithCopiedIdentity_FailsClosedWithoutCounting" fullname="Studio.Tests.EditMode.StudioBridgePlayerWorkflowTests.DifferentPostWithCopiedIdentity_FailsClosedWithoutCounting" methodname="DifferentPostWithCopiedIdentity_FailsClosedWithoutCounting" classname="Studio.Tests.EditMode.StudioBridgePlayerWorkflowTests" runstate="Runnable" seed="631737105" result="Passed" start-time="2026-09-10 20:09:46Z" end-time="2026-09-10 20:09:46Z" duration="0.001305" asserts="0">
                <properties>
                  <property name="retryIteration" value="0" />
                  <property name="repeatIteration" value="0" />
                </properties>
                <output><![CDATA[[Studio Bridge] Accepted player workflow response did not match its retained action.
]]></output>
              </test-case>
              <test-case id="1057" name="FoundingWorkflow_DetectsAuthorityFoundingAndExcludesItsKindsFromMemoButtons" fullname="Studio.Tests.EditMode.StudioBridgePlayerWorkflowTests.FoundingWorkflow_DetectsAuthorityFoundingAndExcludesItsKindsFromMemoButtons" methodname="FoundingWorkflow_DetectsAuthorityFoundingAndExcludesItsKindsFromMemoButtons" classname="Studio.Tests.EditMode.StudioBridgePlayerWorkflowTests" runstate="Runnable" seed="1913572691" result="Passed" start-time="2026-09-10 20:09:46Z" end-time="2026-09-10 20:09:46Z" duration="0.000592" asserts="0">
                <properties>
                  <property name="retryIteration" value="0" />
                  <property name="repeatIteration" value="0" />
                </properties>
              </test-case>
              <test-case id="1080" name="InitialRejection_CompletesLifecycleAndClearsOriginWithoutAcceptance" fullname="Studio.Tests.EditMode.StudioBridgePlayerWorkflowTests.InitialRejection_CompletesLifecycleAndClearsOriginWithoutAcceptance" methodname="InitialRejection_CompletesLifecycleAndClearsOriginWithoutAcceptance" classname="Studio.Tests.EditMode.StudioBridgePlayerWorkflowTests" runstate="Runnable" seed="527504328" result="Passed" start-time="2026-09-10 20:09:46Z" end-time="2026-09-10 20:09:46Z" duration="0.000315" asserts="0">
                <properties>
                  <property name="retryIteration" value="0" />
                  <property name="repeatIteration" value="0" />
                </properties>
              </test-case>
              <test-case id="1072" name="MatchingPlayerResponse_CountsOnceAndPreservesExactAttemptEvidence" fullname="Studio.Tests.EditMode.StudioBridgePlayerWorkflowTests.MatchingPlayerResponse_CountsOnceAndPreservesExactAttemptEvidence" methodname="MatchingPlayerResponse_CountsOnceAndPreservesExactAttemptEvidence" classname="Studio.Tests.EditMode.StudioBridgePlayerWorkflowTests" runstate="Runnable" seed="587970267" result="Passed" start-time="2026-09-10 20:09:46Z" end-time="2026-09-10 20:09:46Z" duration="0.000659" asserts="0">
                <properties>
                  <property name="retryIteration" value="0" />
                  <property name="repeatIteration" value="0" />
                </properties>
              </test-case>
              <test-suite type="ParameterizedMethod" id="1078" name="MismatchedPlayerResponse_FailsClosedWithoutCounting" fullname="Studio.Tests.EditMode.StudioBridgePlayerWorkflowTests.MismatchedPlayerResponse_FailsClosedWithoutCounting" classname="Studio.Tests.EditMode.StudioBridgePlayerWorkflowTests" runstate="Runnable" testcasecount="4" result="Passed" start-time="2026-09-10 20:09:46Z" end-time="2026-09-10 20:09:46Z" duration="0.001912" total="4" passed="4" failed="0" inconclusive="0" skipped="0" asserts="0">
                <properties />
                <test-case id="1074" name="MismatchedPlayerResponse_FailsClosedWithoutCounting(&quot;wrong-command&quot;,&quot;session-a&quot;,8)" fullname="Studio.Tests.EditMode.StudioBridgePlayerWorkflowTests.MismatchedPlayerResponse_FailsClosedWithoutCounting(&quot;wrong-command&quot;,&quot;session-a&quot;,8)" methodname="MismatchedPlayerResponse_FailsClosedWithoutCounting" classname="Studio.Tests.EditMode.StudioBridgePlayerWorkflowTests" runstate="Runnable" seed="343256674" result="Passed" start-time="2026-09-10 20:09:46Z" end-time="2026-09-10 20:09:46Z" duration="0.000541" asserts="0">
                  <properties>
                    <property name="retryIteration" value="0" />
                    <property name="repeatIteration" value="0" />
                  </properties>
                  <output><![CDATA[[Studio Bridge] Accepted player workflow response changed its command, session, or revision.
]]></output>
                </test-case>
                <test-case id="1075" name="MismatchedPlayerResponse_FailsClosedWithoutCounting(&quot;command-a&quot;,&quot;wrong-session&quot;,8)" fullname="Studio.Tests.EditMode.StudioBridgePlayerWorkflowTests.MismatchedPlayerResponse_FailsClosedWithoutCounting(&quot;command-a&quot;,&quot;wrong-session&quot;,8)" methodname="MismatchedPlayerResponse_FailsClosedWithoutCounting" classname="Studio.Tests.EditMode.StudioBridgePlayerWorkflowTests" runstate="Runnable" seed="1703034770" result="Passed" start-time="2026-09-10 20:09:46Z" end-time="2026-09-10 20:09:46Z" duration="0.000331" asserts="0">
                  <properties>
                    <property name="retryIteration" value="0" />
                    <property name="repeatIteration" value="0" />
                  </properties>
                  <output><![CDATA[[Studio Bridge] Accepted player workflow response changed its command, session, or revision.
]]></output>
                </test-case>
                <test-case id="1076" name="MismatchedPlayerResponse_FailsClosedWithoutCounting(&quot;command-a&quot;,&quot;session-a&quot;,7)" fullname="Studio.Tests.EditMode.StudioBridgePlayerWorkflowTests.MismatchedPlayerResponse_FailsClosedWithoutCounting(&quot;command-a&quot;,&quot;session-a&quot;,7)" methodname="MismatchedPlayerResponse_FailsClosedWithoutCounting" classname="Studio.Tests.EditMode.StudioBridgePlayerWorkflowTests" runstate="Runnable" seed="105214169" result="Passed" start-time="2026-09-10 20:09:46Z" end-time="2026-09-10 20:09:46Z" duration="0.000367" asserts="0">
                  <properties>
                    <property name="retryIteration" value="0" />
                    <property name="repeatIteration" value="0" />
                  </properties>
                  <output><![CDATA[[Studio Bridge] Accepted player workflow response changed its command, session, or revision.
]]></output>
                </test-case>
                <test-case id="1077" name="MismatchedPlayerResponse_FailsClosedWithoutCounting(&quot;command-a&quot;,&quot;session-a&quot;,9)" fullname="Studio.Tests.EditMode.StudioBridgePlayerWorkflowTests.MismatchedPlayerResponse_FailsClosedWithoutCounting(&quot;command-a&quot;,&quot;session-a&quot;,9)" methodname="MismatchedPlayerResponse_FailsClosedWithoutCounting" classname="Studio.Tests.EditMode.StudioBridgePlayerWorkflowTests" runstate="Runnable" seed="1265420217" result="Passed" start-time="2026-09-10 20:09:46Z" end-time="2026-09-10 20:09:46Z" duration="0.000351" asserts="0">
                  <properties>
                    <property name="retryIteration" value="0" />
                    <property name="repeatIteration" value="0" />
                  </properties>
                  <output><![CDATA[[Studio Bridge] Accepted player workflow response changed its command, session, or revision.
]]></output>
                </test-case>
              </test-suite>
              <test-case id="1056" name="PlayerPanelSource_HidesDiagnosticsAndRoutesOnlyRenderedControlsThroughWorkflowSeam" fullname="Studio.Tests.EditMode.StudioBridgePlayerWorkflowTests.PlayerPanelSource_HidesDiagnosticsAndRoutesOnlyRenderedControlsThroughWorkflowSeam" methodname="PlayerPanelSource_HidesDiagnosticsAndRoutesOnlyRenderedControlsThroughWorkflowSeam" classname="Studio.Tests.EditMode.StudioBridgePlayerWorkflowTests" runstate="Runnable" seed="1953781124" result="Passed" start-time="2026-09-10 20:09:46Z" end-time="2026-09-10 20:09:46Z" duration="0.005488" asserts="0">
                <properties>
                  <property name="retryIteration" value="0" />
                  <property name="repeatIteration" value="0" />
                </properties>
              </test-case>
              <test-case id="1083" name="PublicAndProofDirectPaths_CannotCreatePlayerWorkflowFacts" fullname="Studio.Tests.EditMode.StudioBridgePlayerWorkflowTests.PublicAndProofDirectPaths_CannotCreatePlayerWorkflowFacts" methodname="PublicAndProofDirectPaths_CannotCreatePlayerWorkflowFacts" classname="Studio.Tests.EditMode.StudioBridgePlayerWorkflowTests" runstate="Runnable" seed="120877938" result="Passed" start-time="2026-09-10 20:09:46Z" end-time="2026-09-10 20:09:46Z" duration="0.000465" asserts="0">
                <properties>
                  <property name="retryIteration" value="0" />
                  <property name="repeatIteration" value="0" />
                </properties>
              </test-case>
              <test-case id="1081" name="RecoveredRejection_ClearsOriginBeforeFreshLifecycleCompletionWithoutAcceptance" fullname="Studio.Tests.EditMode.StudioBridgePlayerWorkflowTests.RecoveredRejection_ClearsOriginBeforeFreshLifecycleCompletionWithoutAcceptance" methodname="RecoveredRejection_ClearsOriginBeforeFreshLifecycleCompletionWithoutAcceptance" classname="Studio.Tests.EditMode.StudioBridgePlayerWorkflowTests" runstate="Runnable" seed="1936337386" result="Passed" start-time="2026-09-10 20:09:46Z" end-time="2026-09-10 20:09:46Z" duration="0.000324" asserts="0">
                <properties>
                  <property name="retryIteration" value="0" />
                  <property name="repeatIteration" value="0" />
                </properties>
              </test-case>
              <test-suite type="ParameterizedMethod" id="1068" name="ReleaseReception_RequiresExactReleasedProduction" fullname="Studio.Tests.EditMode.StudioBridgePlayerWorkflowTests.ReleaseReception_RequiresExactReleasedProduction" classname="Studio.Tests.EditMode.StudioBridgePlayerWorkflowTests" runstate="Runnable" testcasecount="4" result="Passed" start-time="2026-09-10 20:09:46Z" end-time="2026-09-10 20:09:46Z" duration="0.000701" total="4" passed="4" failed="0" inconclusive="0" skipped="0" asserts="0">
                <properties />
                <test-case id="1064" name="ReleaseReception_RequiresExactReleasedProduction(&quot;flop&quot;,&quot;FLOP&quot;)" fullname="Studio.Tests.EditMode.StudioBridgePlayerWorkflowTests.ReleaseReception_RequiresExactReleasedProduction(&quot;flop&quot;,&quot;FLOP&quot;)" methodname="ReleaseReception_RequiresExactReleasedProduction" classname="Studio.Tests.EditMode.StudioBridgePlayerWorkflowTests" runstate="Runnable" seed="604543820" result="Passed" start-time="2026-09-10 20:09:46Z" end-time="2026-09-10 20:09:46Z" duration="0.000326" asserts="0">
                  <properties>
                    <property name="retryIteration" value="0" />
                    <property name="repeatIteration" value="0" />
                  </properties>
                </test-case>
                <test-case id="1065" name="ReleaseReception_RequiresExactReleasedProduction(&quot;mixed&quot;,&quot;MIXED&quot;)" fullname="Studio.Tests.EditMode.StudioBridgePlayerWorkflowTests.ReleaseReception_RequiresExactReleasedProduction(&quot;mixed&quot;,&quot;MIXED&quot;)" methodname="ReleaseReception_RequiresExactReleasedProduction" classname="Studio.Tests.EditMode.StudioBridgePlayerWorkflowTests" runstate="Runnable" seed="25341342" result="Passed" start-time="2026-09-10 20:09:46Z" end-time="2026-09-10 20:09:46Z" duration="0.000042" asserts="0">
                  <properties>
                    <property name="retryIteration" value="0" />
                    <property name="repeatIteration" value="0" />
                  </properties>
                </test-case>
                <test-case id="1066" name="ReleaseReception_RequiresExactReleasedProduction(&quot;hit&quot;,&quot;HIT&quot;)" fullname="Studio.Tests.EditMode.StudioBridgePlayerWorkflowTests.ReleaseReception_RequiresExactReleasedProduction(&quot;hit&quot;,&quot;HIT&quot;)" methodname="ReleaseReception_RequiresExactReleasedProduction" classname="Studio.Tests.EditMode.StudioBridgePlayerWorkflowTests" runstate="Runnable" seed="1458532369" result="Passed" start-time="2026-09-10 20:09:46Z" end-time="2026-09-10 20:09:46Z" duration="0.000043" asserts="0">
                  <properties>
                    <property name="retryIteration" value="0" />
                    <property name="repeatIteration" value="0" />
                  </properties>
                </test-case>
                <test-case id="1067" name="ReleaseReception_RequiresExactReleasedProduction(&quot;smash&quot;,&quot;SMASH&quot;)" fullname="Studio.Tests.EditMode.StudioBridgePlayerWorkflowTests.ReleaseReception_RequiresExactReleasedProduction(&quot;smash&quot;,&quot;SMASH&quot;)" methodname="ReleaseReception_RequiresExactReleasedProduction" classname="Studio.Tests.EditMode.StudioBridgePlayerWorkflowTests" runstate="Runnable" seed="20048678" result="Passed" start-time="2026-09-10 20:09:46Z" end-time="2026-09-10 20:09:46Z" duration="0.000041" asserts="0">
                  <properties>
                    <property name="retryIteration" value="0" />
                    <property name="repeatIteration" value="0" />
                  </properties>
                </test-case>
              </test-suite>
              <test-case id="1069" name="ReleaseReceptionMemo_StaysCriticOnly_NeverAudienceBusinessOrMoney" fullname="Studio.Tests.EditMode.StudioBridgePlayerWorkflowTests.ReleaseReceptionMemo_StaysCriticOnly_NeverAudienceBusinessOrMoney" methodname="ReleaseReceptionMemo_StaysCriticOnly_NeverAudienceBusinessOrMoney" classname="Studio.Tests.EditMode.StudioBridgePlayerWorkflowTests" runstate="Runnable" seed="1518418578" result="Passed" start-time="2026-09-10 20:09:46Z" end-time="2026-09-10 20:09:46Z" duration="0.000506" asserts="0">
                <properties>
                  <property name="retryIteration" value="0" />
                  <property name="repeatIteration" value="0" />
                </properties>
              </test-case>
              <test-case id="1082" name="TerminalAbandon_ClearsLifecycleAndOriginWithoutAcceptance" fullname="Studio.Tests.EditMode.StudioBridgePlayerWorkflowTests.TerminalAbandon_ClearsLifecycleAndOriginWithoutAcceptance" methodname="TerminalAbandon_ClearsLifecycleAndOriginWithoutAcceptance" classname="Studio.Tests.EditMode.StudioBridgePlayerWorkflowTests" runstate="Runnable" seed="1412081123" result="Passed" start-time="2026-09-10 20:09:46Z" end-time="2026-09-10 20:09:46Z" duration="0.000257" asserts="0">
                <properties>
                  <property name="retryIteration" value="0" />
                  <property name="repeatIteration" value="0" />
                </properties>
              </test-case>
              <test-case id="1059" name="TimeVerb_AlsoRoutesThroughTheSharedCedeRegistryWithoutChangingItsPublicBehavior" fullname="Studio.Tests.EditMode.StudioBridgePlayerWorkflowTests.TimeVerb_AlsoRoutesThroughTheSharedCedeRegistryWithoutChangingItsPublicBehavior" methodname="TimeVerb_AlsoRoutesThroughTheSharedCedeRegistryWithoutChangingItsPublicBehavior" classname="Studio.Tests.EditMode.StudioBridgePlayerWorkflowTests" runstate="Runnable" seed="624839492" result="Passed" start-time="2026-09-10 20:09:46Z" end-time="2026-09-10 20:09:46Z" duration="0.000191" asserts="0">
                <properties>
                  <property name="retryIteration" value="0" />
                  <property name="repeatIteration" value="0" />
                </properties>
              </test-case>
              <test-case id="1058" name="TimeVerb_CedesToThePresentLivingClockAndSurvivesItsAbsence" fullname="Studio.Tests.EditMode.StudioBridgePlayerWorkflowTests.TimeVerb_CedesToThePresentLivingClockAndSurvivesItsAbsence" methodname="TimeVerb_CedesToThePresentLivingClockAndSurvivesItsAbsence" classname="Studio.Tests.EditMode.StudioBridgePlayerWorkflowTests" runstate="Runnable" seed="1068021912" result="Passed" start-time="2026-09-10 20:09:46Z" end-time="2026-09-10 20:09:46Z" duration="0.001420" asserts="0">
                <properties>
                  <property name="retryIteration" value="0" />
                  <property name="repeatIteration" value="0" />
                </properties>
              </test-case>
              <test-case id="1070" name="WorkflowSeam_IsPrivateReadOnlyAndMintsEvidenceInsideEachGuiEntrypoint" fullname="Studio.Tests.EditMode.StudioBridgePlayerWorkflowTests.WorkflowSeam_IsPrivateReadOnlyAndMintsEvidenceInsideEachGuiEntrypoint" methodname="WorkflowSeam_IsPrivateReadOnlyAndMintsEvidenceInsideEachGuiEntrypoint" classname="Studio.Tests.EditMode.StudioBridgePlayerWorkflowTests" runstate="Runnable" seed="1515093361" result="Passed" start-time="2026-09-10 20:09:46Z" end-time="2026-09-10 20:09:46Z" duration="0.001193" asserts="0">
                <properties>
                  <property name="retryIteration" value="0" />
                  <property name="repeatIteration" value="0" />
                </properties>
              </test-case>
            </test-suite>
            <test-suite type="TestFixture" id="1084" name="StudioBridgePresentationIdentityTests" fullname="Studio.Tests.EditMode.StudioBridgePresentationIdentityTests" classname="Studio.Tests.EditMode.StudioBridgePresentationIdentityTests" runstate="Runnable" testcasecount="11" result="Passed" start-time="2026-09-10 20:09:46Z" end-time="2026-09-10 20:09:46Z" duration="0.022170" total="11" passed="11" failed="0" inconclusive="0" skipped="0" asserts="0">
              <properties />
              <test-case id="1094" name="ApplyPeople_PresenceOnlyCastingAuditioneeGetsBodySlotUnlessBlockedOrUnrouted" fullname="Studio.Tests.EditMode.StudioBridgePresentationIdentityTests.ApplyPeople_PresenceOnlyCastingAuditioneeGetsBodySlotUnlessBlockedOrUnrouted" methodname="ApplyPeople_PresenceOnlyCastingAuditioneeGetsBodySlotUnlessBlockedOrUnrouted" classname="Studio.Tests.EditMode.StudioBridgePresentationIdentityTests" runstate="Runnable" seed="960515509" result="Passed" start-time="2026-09-10 20:09:46Z" end-time="2026-09-10 20:09:46Z" duration="0.008956" asserts="0">
                <properties>
                  <property name="retryIteration" value="0" />
                  <property name="repeatIteration" value="0" />
                </properties>
              </test-case>
              <test-case id="1095" name="ApplyPeople_ProductionBlockedRosterPersonStillReceivesBodySlot" fullname="Studio.Tests.EditMode.StudioBridgePresentationIdentityTests.ApplyPeople_ProductionBlockedRosterPersonStillReceivesBodySlot" methodname="ApplyPeople_ProductionBlockedRosterPersonStillReceivesBodySlot" classname="Studio.Tests.EditMode.StudioBridgePresentationIdentityTests" runstate="Runnable" seed="1875172669" result="Passed" start-time="2026-09-10 20:09:46Z" end-time="2026-09-10 20:09:46Z" duration="0.001361" asserts="0">
                <properties>
                  <property name="retryIteration" value="0" />
                  <property name="repeatIteration" value="0" />
                </properties>
              </test-case>
              <test-case id="1092" name="AuthoritativePeople_UseRoleFamilySlotsAndRequireAVisiblePhysicalZone" fullname="Studio.Tests.EditMode.StudioBridgePresentationIdentityTests.AuthoritativePeople_UseRoleFamilySlotsAndRequireAVisiblePhysicalZone" methodname="AuthoritativePeople_UseRoleFamilySlotsAndRequireAVisiblePhysicalZone" classname="Studio.Tests.EditMode.StudioBridgePresentationIdentityTests" runstate="Runnable" seed="1789595782" result="Passed" start-time="2026-09-10 20:09:46Z" end-time="2026-09-10 20:09:46Z" duration="0.001119" asserts="0">
                <properties>
                  <property name="retryIteration" value="0" />
                  <property name="repeatIteration" value="0" />
                </properties>
              </test-case>
              <test-case id="1087" name="BuildingAndStageStates_KeepExactPropertyLabelAndUsefulLiveStatus" fullname="Studio.Tests.EditMode.StudioBridgePresentationIdentityTests.BuildingAndStageStates_KeepExactPropertyLabelAndUsefulLiveStatus" methodname="BuildingAndStageStates_KeepExactPropertyLabelAndUsefulLiveStatus" classname="Studio.Tests.EditMode.StudioBridgePresentationIdentityTests" runstate="Runnable" seed="1370867586" result="Passed" start-time="2026-09-10 20:09:46Z" end-time="2026-09-10 20:09:46Z" duration="0.003679" asserts="0">
                <properties>
                  <property name="retryIteration" value="0" />
                  <property name="repeatIteration" value="0" />
                </properties>
              </test-case>
              <test-case id="1088" name="BuildingState_WithholdsAmbiguousPropertyIdentity" fullname="Studio.Tests.EditMode.StudioBridgePresentationIdentityTests.BuildingState_WithholdsAmbiguousPropertyIdentity" methodname="BuildingState_WithholdsAmbiguousPropertyIdentity" classname="Studio.Tests.EditMode.StudioBridgePresentationIdentityTests" runstate="Runnable" seed="1070365378" result="Passed" start-time="2026-09-10 20:09:46Z" end-time="2026-09-10 20:09:46Z" duration="0.000752" asserts="0">
                <properties>
                  <property name="retryIteration" value="0" />
                  <property name="repeatIteration" value="0" />
                </properties>
              </test-case>
              <test-case id="1093" name="CacheSceneObjects_WithoutSnapshot_HidesEveryDeclaredPersonBody" fullname="Studio.Tests.EditMode.StudioBridgePresentationIdentityTests.CacheSceneObjects_WithoutSnapshot_HidesEveryDeclaredPersonBody" methodname="CacheSceneObjects_WithoutSnapshot_HidesEveryDeclaredPersonBody" classname="Studio.Tests.EditMode.StudioBridgePresentationIdentityTests" runstate="Runnable" seed="413192424" result="Passed" start-time="2026-09-10 20:09:46Z" end-time="2026-09-10 20:09:46Z" duration="0.001277" asserts="0">
                <properties>
                  <property name="retryIteration" value="0" />
                  <property name="repeatIteration" value="0" />
                </properties>
              </test-case>
              <test-case id="1091" name="ConstructionBindingIdentity_WithholdsUnjoinedOrLotOnlyBodies" fullname="Studio.Tests.EditMode.StudioBridgePresentationIdentityTests.ConstructionBindingIdentity_WithholdsUnjoinedOrLotOnlyBodies" methodname="ConstructionBindingIdentity_WithholdsUnjoinedOrLotOnlyBodies" classname="Studio.Tests.EditMode.StudioBridgePresentationIdentityTests" runstate="Runnable" seed="212257581" result="Passed" start-time="2026-09-10 20:09:46Z" end-time="2026-09-10 20:09:46Z" duration="0.000738" asserts="0">
                <properties>
                  <property name="retryIteration" value="0" />
                  <property name="repeatIteration" value="0" />
                </properties>
              </test-case>
              <test-case id="1085" name="LocationIndex_UsesOnlyExplicitPhysicalBindingsAcrossKindCollisions" fullname="Studio.Tests.EditMode.StudioBridgePresentationIdentityTests.LocationIndex_UsesOnlyExplicitPhysicalBindingsAcrossKindCollisions" methodname="LocationIndex_UsesOnlyExplicitPhysicalBindingsAcrossKindCollisions" classname="Studio.Tests.EditMode.StudioBridgePresentationIdentityTests" runstate="Runnable" seed="1935459092" result="Passed" start-time="2026-09-10 20:09:46Z" end-time="2026-09-10 20:09:46Z" duration="0.000819" asserts="0">
                <properties>
                  <property name="retryIteration" value="0" />
                  <property name="repeatIteration" value="0" />
                </properties>
              </test-case>
              <test-case id="1086" name="LocationIndex_WithholdsDuplicatePhysicalIdentityWithoutThrowing" fullname="Studio.Tests.EditMode.StudioBridgePresentationIdentityTests.LocationIndex_WithholdsDuplicatePhysicalIdentityWithoutThrowing" methodname="LocationIndex_WithholdsDuplicatePhysicalIdentityWithoutThrowing" classname="Studio.Tests.EditMode.StudioBridgePresentationIdentityTests" runstate="Runnable" seed="1578247340" result="Passed" start-time="2026-09-10 20:09:46Z" end-time="2026-09-10 20:09:46Z" duration="0.001102" asserts="0">
                <properties>
                  <property name="retryIteration" value="0" />
                  <property name="repeatIteration" value="0" />
                </properties>
                <output><![CDATA[[Studio Bridge] duplicate physical location binding for building stage-a; location withheld.
]]></output>
              </test-case>
              <test-case id="1090" name="ZoneResolution_DoesNotRouteStageOrPlacementThroughAmbiguousPropertyBodies" fullname="Studio.Tests.EditMode.StudioBridgePresentationIdentityTests.ZoneResolution_DoesNotRouteStageOrPlacementThroughAmbiguousPropertyBodies" methodname="ZoneResolution_DoesNotRouteStageOrPlacementThroughAmbiguousPropertyBodies" classname="Studio.Tests.EditMode.StudioBridgePresentationIdentityTests" runstate="Runnable" seed="1246704429" result="Passed" start-time="2026-09-10 20:09:46Z" end-time="2026-09-10 20:09:46Z" duration="0.000571" asserts="0">
                <properties>
                  <property name="retryIteration" value="0" />
                  <property name="repeatIteration" value="0" />
                </properties>
              </test-case>
              <test-case id="1089" name="ZoneResolution_JoinsStageAndPlacementIdentityAndWithholdsUnknowns" fullname="Studio.Tests.EditMode.StudioBridgePresentationIdentityTests.ZoneResolution_JoinsStageAndPlacementIdentityAndWithholdsUnknowns" methodname="ZoneResolution_JoinsStageAndPlacementIdentityAndWithholdsUnknowns" classname="Studio.Tests.EditMode.StudioBridgePresentationIdentityTests" runstate="Runnable" seed="1729112338" result="Passed" start-time="2026-09-10 20:09:46Z" end-time="2026-09-10 20:09:46Z" duration="0.000945" asserts="0">
                <properties>
                  <property name="retryIteration" value="0" />
                  <property name="repeatIteration" value="0" />
                </properties>
              </test-case>
            </test-suite>
            <test-suite type="TestFixture" id="1096" name="StudioBridgeProofRunnerTests" fullname="Studio.Tests.EditMode.StudioBridgeProofRunnerTests" classname="Studio.Tests.EditMode.StudioBridgeProofRunnerTests" runstate="Runnable" testcasecount="6" result="Passed" start-time="2026-09-10 20:09:46Z" end-time="2026-09-10 20:09:46Z" duration="0.010101" total="6" passed="6" failed="0" inconclusive="0" skipped="0" asserts="0">
              <properties />
              <test-case id="1098" name="ExactRawFoundingAuthority_RejectsRevisionWeekHistoryAndWrongIntentSurface" fullname="Studio.Tests.EditMode.StudioBridgeProofRunnerTests.ExactRawFoundingAuthority_RejectsRevisionWeekHistoryAndWrongIntentSurface" methodname="ExactRawFoundingAuthority_RejectsRevisionWeekHistoryAndWrongIntentSurface" classname="Studio.Tests.EditMode.StudioBridgeProofRunnerTests" runstate="Runnable" seed="365710666" result="Passed" start-time="2026-09-10 20:09:46Z" end-time="2026-09-10 20:09:46Z" duration="0.002203" asserts="0">
                <properties>
                  <property name="retryIteration" value="0" />
                  <property name="repeatIteration" value="0" />
                </properties>
              </test-case>
              <test-case id="1100" name="FoundingAccounting_RequiresExactSevenSignThenFoundPrefix" fullname="Studio.Tests.EditMode.StudioBridgeProofRunnerTests.FoundingAccounting_RequiresExactSevenSignThenFoundPrefix" methodname="FoundingAccounting_RequiresExactSevenSignThenFoundPrefix" classname="Studio.Tests.EditMode.StudioBridgeProofRunnerTests" runstate="Runnable" seed="102254516" result="Passed" start-time="2026-09-10 20:09:46Z" end-time="2026-09-10 20:09:46Z" duration="0.000912" asserts="0">
                <properties>
                  <property name="retryIteration" value="0" />
                  <property name="repeatIteration" value="0" />
                </properties>
              </test-case>
              <test-case id="1099" name="FoundingSelector_RequiresSevenSignOnlyFrontiersThenOneFoundOnlyFrontier" fullname="Studio.Tests.EditMode.StudioBridgeProofRunnerTests.FoundingSelector_RequiresSevenSignOnlyFrontiersThenOneFoundOnlyFrontier" methodname="FoundingSelector_RequiresSevenSignOnlyFrontiersThenOneFoundOnlyFrontier" classname="Studio.Tests.EditMode.StudioBridgeProofRunnerTests" runstate="Runnable" seed="11028679" result="Passed" start-time="2026-09-10 20:09:46Z" end-time="2026-09-10 20:09:46Z" duration="0.001960" asserts="0">
                <properties>
                  <property name="retryIteration" value="0" />
                  <property name="repeatIteration" value="0" />
                </properties>
              </test-case>
              <test-case id="1101" name="JourneySelector_MirrorsTypeScriptGuidanceAndExactAuthorityIdentity" fullname="Studio.Tests.EditMode.StudioBridgeProofRunnerTests.JourneySelector_MirrorsTypeScriptGuidanceAndExactAuthorityIdentity" methodname="JourneySelector_MirrorsTypeScriptGuidanceAndExactAuthorityIdentity" classname="Studio.Tests.EditMode.StudioBridgeProofRunnerTests" runstate="Runnable" seed="1456258958" result="Passed" start-time="2026-09-10 20:09:46Z" end-time="2026-09-10 20:09:46Z" duration="0.001495" asserts="0">
                <properties>
                  <property name="retryIteration" value="0" />
                  <property name="repeatIteration" value="0" />
                </properties>
              </test-case>
              <test-case id="1097" name="OpeningClassification_AcceptsOnlyExactRawFoundingOrLegacyMovieOneTruth" fullname="Studio.Tests.EditMode.StudioBridgeProofRunnerTests.OpeningClassification_AcceptsOnlyExactRawFoundingOrLegacyMovieOneTruth" methodname="OpeningClassification_AcceptsOnlyExactRawFoundingOrLegacyMovieOneTruth" classname="Studio.Tests.EditMode.StudioBridgeProofRunnerTests" runstate="Runnable" seed="276732885" result="Passed" start-time="2026-09-10 20:09:46Z" end-time="2026-09-10 20:09:46Z" duration="0.001086" asserts="0">
                <properties>
                  <property name="retryIteration" value="0" />
                  <property name="repeatIteration" value="0" />
                </properties>
              </test-case>
              <test-case id="1102" name="RunnerSource_SeparatesAutomationPreludeEvidenceBeforeMovieTwoProof" fullname="Studio.Tests.EditMode.StudioBridgeProofRunnerTests.RunnerSource_SeparatesAutomationPreludeEvidenceBeforeMovieTwoProof" methodname="RunnerSource_SeparatesAutomationPreludeEvidenceBeforeMovieTwoProof" classname="Studio.Tests.EditMode.StudioBridgeProofRunnerTests" runstate="Runnable" seed="1662613860" result="Passed" start-time="2026-09-10 20:09:46Z" end-time="2026-09-10 20:09:46Z" duration="0.001852" asserts="0">
                <properties>
                  <property name="retryIteration" value="0" />
                  <property name="repeatIteration" value="0" />
                </properties>
              </test-case>
            </test-suite>
            <test-suite type="TestFixture" id="1103" name="StudioBridgeProtocolTests" fullname="Studio.Tests.EditMode.StudioBridgeProtocolTests" classname="Studio.Tests.EditMode.StudioBridgeProtocolTests" runstate="Runnable" testcasecount="42" result="Passed" start-time="2026-09-10 20:09:46Z" end-time="2026-09-10 20:09:46Z" duration="0.149889" total="42" passed="42" failed="0" inconclusive="0" skipped="0" asserts="0">
              <properties />
              <test-case id="1123" name="ActiveProductionStageIdentity_MustResolveToPropertyBuilding" fullname="Studio.Tests.EditMode.StudioBridgeProtocolTests.ActiveProductionStageIdentity_MustResolveToPropertyBuilding" methodname="ActiveProductionStageIdentity_MustResolveToPropertyBuilding" classname="Studio.Tests.EditMode.StudioBridgeProtocolTests" runstate="Runnable" seed="1746606990" result="Passed" start-time="2026-09-10 20:09:46Z" end-time="2026-09-10 20:09:46Z" duration="0.016573" asserts="0">
                <properties>
                  <property name="retryIteration" value="0" />
                  <property name="repeatIteration" value="0" />
                </properties>
              </test-case>
              <test-case id="1121" name="CastingProjection_MustBePresentBeforeSnapshotApplication" fullname="Studio.Tests.EditMode.StudioBridgeProtocolTests.CastingProjection_MustBePresentBeforeSnapshotApplication" methodname="CastingProjection_MustBePresentBeforeSnapshotApplication" classname="Studio.Tests.EditMode.StudioBridgeProtocolTests" runstate="Runnable" seed="2004766954" result="Passed" start-time="2026-09-10 20:09:46Z" end-time="2026-09-10 20:09:46Z" duration="0.000541" asserts="0">
                <properties>
                  <property name="retryIteration" value="0" />
                  <property name="repeatIteration" value="0" />
                </properties>
              </test-case>
              <test-case id="1122" name="CastingProjectionWrapper_MustBePresentBeforeSnapshotApplication" fullname="Studio.Tests.EditMode.StudioBridgeProtocolTests.CastingProjectionWrapper_MustBePresentBeforeSnapshotApplication" methodname="CastingProjectionWrapper_MustBePresentBeforeSnapshotApplication" classname="Studio.Tests.EditMode.StudioBridgeProtocolTests" runstate="Runnable" seed="927852928" result="Passed" start-time="2026-09-10 20:09:46Z" end-time="2026-09-10 20:09:46Z" duration="0.000436" asserts="0">
                <properties>
                  <property name="retryIteration" value="0" />
                  <property name="repeatIteration" value="0" />
                </properties>
              </test-case>
[...]
                <properties />
                <test-case id="2207" name="ProfessionFilters_UseExactPublishedRole(All,&quot;a,c,d,w&quot;)" fullname="Studio.Tests.EditMode.StudioTalentMarketContractsTests.ProfessionFilters_UseExactPublishedRole(All,&quot;a,c,d,w&quot;)" methodname="ProfessionFilters_UseExactPublishedRole" classname="Studio.Tests.EditMode.StudioTalentMarketContractsTests" runstate="Runnable" seed="1717405707" result="Passed" start-time="2026-09-10 20:10:02Z" end-time="2026-09-10 20:10:02Z" duration="0.000123" asserts="0">
                  <properties>
                    <property name="retryIteration" value="0" />
                    <property name="repeatIteration" value="0" />
                  </properties>
                </test-case>
                <test-case id="2208" name="ProfessionFilters_UseExactPublishedRole(Actor,&quot;a&quot;)" fullname="Studio.Tests.EditMode.StudioTalentMarketContractsTests.ProfessionFilters_UseExactPublishedRole(Actor,&quot;a&quot;)" methodname="ProfessionFilters_UseExactPublishedRole" classname="Studio.Tests.EditMode.StudioTalentMarketContractsTests" runstate="Runnable" seed="1776527811" result="Passed" start-time="2026-09-10 20:10:02Z" end-time="2026-09-10 20:10:02Z" duration="0.000044" asserts="0">
                  <properties>
                    <property name="retryIteration" value="0" />
                    <property name="repeatIteration" value="0" />
                  </properties>
                </test-case>
                <test-case id="2209" name="ProfessionFilters_UseExactPublishedRole(Writer,&quot;w&quot;)" fullname="Studio.Tests.EditMode.StudioTalentMarketContractsTests.ProfessionFilters_UseExactPublishedRole(Writer,&quot;w&quot;)" methodname="ProfessionFilters_UseExactPublishedRole" classname="Studio.Tests.EditMode.StudioTalentMarketContractsTests" runstate="Runnable" seed="966533273" result="Passed" start-time="2026-09-10 20:10:02Z" end-time="2026-09-10 20:10:02Z" duration="0.000045" asserts="0">
                  <properties>
                    <property name="retryIteration" value="0" />
                    <property name="repeatIteration" value="0" />
                  </properties>
                </test-case>
                <test-case id="2210" name="ProfessionFilters_UseExactPublishedRole(Director,&quot;d&quot;)" fullname="Studio.Tests.EditMode.StudioTalentMarketContractsTests.ProfessionFilters_UseExactPublishedRole(Director,&quot;d&quot;)" methodname="ProfessionFilters_UseExactPublishedRole" classname="Studio.Tests.EditMode.StudioTalentMarketContractsTests" runstate="Runnable" seed="407598524" result="Passed" start-time="2026-09-10 20:10:02Z" end-time="2026-09-10 20:10:02Z" duration="0.000045" asserts="0">
                  <properties>
                    <property name="retryIteration" value="0" />
                    <property name="repeatIteration" value="0" />
                  </properties>
                </test-case>
                <test-case id="2211" name="ProfessionFilters_UseExactPublishedRole(Craft,&quot;c&quot;)" fullname="Studio.Tests.EditMode.StudioTalentMarketContractsTests.ProfessionFilters_UseExactPublishedRole(Craft,&quot;c&quot;)" methodname="ProfessionFilters_UseExactPublishedRole" classname="Studio.Tests.EditMode.StudioTalentMarketContractsTests" runstate="Runnable" seed="500859218" result="Passed" start-time="2026-09-10 20:10:02Z" end-time="2026-09-10 20:10:02Z" duration="0.000044" asserts="0">
                  <properties>
                    <property name="retryIteration" value="0" />
                    <property name="repeatIteration" value="0" />
                  </properties>
                </test-case>
              </test-suite>
              <test-case id="2221" name="Rating_UsesSelectedDisciplineForBothOrderAndDisplay_NeverCandidatePrimaryOvr" fullname="Studio.Tests.EditMode.StudioTalentMarketContractsTests.Rating_UsesSelectedDisciplineForBothOrderAndDisplay_NeverCandidatePrimaryOvr" methodname="Rating_UsesSelectedDisciplineForBothOrderAndDisplay_NeverCandidatePrimaryOvr" classname="Studio.Tests.EditMode.StudioTalentMarketContractsTests" runstate="Runnable" seed="1997990814" result="Passed" start-time="2026-09-10 20:10:02Z" end-time="2026-09-10 20:10:02Z" duration="0.000245" asserts="0">
                <properties>
                  <property name="retryIteration" value="0" />
                  <property name="repeatIteration" value="0" />
                </properties>
              </test-case>
              <test-case id="2227" name="RefreshUsesOnlyNewCandidateAndOfferSnapshot_NoOldComparisonOrPersonCache" fullname="Studio.Tests.EditMode.StudioTalentMarketContractsTests.RefreshUsesOnlyNewCandidateAndOfferSnapshot_NoOldComparisonOrPersonCache" methodname="RefreshUsesOnlyNewCandidateAndOfferSnapshot_NoOldComparisonOrPersonCache" classname="Studio.Tests.EditMode.StudioTalentMarketContractsTests" runstate="Runnable" seed="40826464" result="Passed" start-time="2026-09-10 20:10:02Z" end-time="2026-09-10 20:10:02Z" duration="0.000211" asserts="0">
                <properties>
                  <property name="retryIteration" value="0" />
                  <property name="repeatIteration" value="0" />
                </properties>
              </test-case>
              <test-case id="2213" name="Search_IsNameOnly_TrimmedCaseInsensitive_AndDoesNotCollapseSameNames" fullname="Studio.Tests.EditMode.StudioTalentMarketContractsTests.Search_IsNameOnly_TrimmedCaseInsensitive_AndDoesNotCollapseSameNames" methodname="Search_IsNameOnly_TrimmedCaseInsensitive_AndDoesNotCollapseSameNames" classname="Studio.Tests.EditMode.StudioTalentMarketContractsTests" runstate="Runnable" seed="1999429110" result="Passed" start-time="2026-09-10 20:10:02Z" end-time="2026-09-10 20:10:02Z" duration="0.000123" asserts="0">
                <properties>
                  <property name="retryIteration" value="0" />
                  <property name="repeatIteration" value="0" />
                </properties>
              </test-case>
              <test-case id="2224" name="SpecialtyFilter_ReadsPublishedClassification_NotHighestExperienceOrOtherDiscipline" fullname="Studio.Tests.EditMode.StudioTalentMarketContractsTests.SpecialtyFilter_ReadsPublishedClassification_NotHighestExperienceOrOtherDiscipline" methodname="SpecialtyFilter_ReadsPublishedClassification_NotHighestExperienceOrOtherDiscipline" classname="Studio.Tests.EditMode.StudioTalentMarketContractsTests" runstate="Runnable" seed="1298692476" result="Passed" start-time="2026-09-10 20:10:02Z" end-time="2026-09-10 20:10:02Z" duration="0.000223" asserts="0">
                <properties>
                  <property name="retryIteration" value="0" />
                  <property name="repeatIteration" value="0" />
                </properties>
              </test-case>
            </test-suite>
            <test-suite type="TestFixture" id="2230" name="StudioVehicleFootprintValidationTests" fullname="Studio.Tests.EditMode.StudioVehicleFootprintValidationTests" classname="Studio.Tests.EditMode.StudioVehicleFootprintValidationTests" runstate="Runnable" testcasecount="3" result="Passed" start-time="2026-09-10 20:10:02Z" end-time="2026-09-10 20:10:02Z" duration="0.003920" total="3" passed="3" failed="0" inconclusive="0" skipped="0" asserts="0">
              <properties />
              <test-case id="2233" name="Census_CarriesACompletenessFloorAndColliderPinnedExtents" fullname="Studio.Tests.EditMode.StudioVehicleFootprintValidationTests.Census_CarriesACompletenessFloorAndColliderPinnedExtents" methodname="Census_CarriesACompletenessFloorAndColliderPinnedExtents" classname="Studio.Tests.EditMode.StudioVehicleFootprintValidationTests" runstate="Runnable" seed="281630498" result="Passed" start-time="2026-09-10 20:10:02Z" end-time="2026-09-10 20:10:02Z" duration="0.002164" asserts="0">
                <properties>
                  <property name="retryIteration" value="0" />
                  <property name="repeatIteration" value="0" />
                </properties>
              </test-case>
              <test-case id="2231" name="Penetration_MeasuresOverlapAndHonorsTangency" fullname="Studio.Tests.EditMode.StudioVehicleFootprintValidationTests.Penetration_MeasuresOverlapAndHonorsTangency" methodname="Penetration_MeasuresOverlapAndHonorsTangency" classname="Studio.Tests.EditMode.StudioVehicleFootprintValidationTests" runstate="Runnable" seed="83637356" result="Passed" start-time="2026-09-10 20:10:02Z" end-time="2026-09-10 20:10:02Z" duration="0.001048" asserts="0">
                <properties>
                  <property name="retryIteration" value="0" />
                  <property name="repeatIteration" value="0" />
                </properties>
              </test-case>
              <test-case id="2232" name="Penetration_UsesOrientedAxesNotAxisAlignedBoxes" fullname="Studio.Tests.EditMode.StudioVehicleFootprintValidationTests.Penetration_UsesOrientedAxesNotAxisAlignedBoxes" methodname="Penetration_UsesOrientedAxesNotAxisAlignedBoxes" classname="Studio.Tests.EditMode.StudioVehicleFootprintValidationTests" runstate="Runnable" seed="786896003" result="Passed" start-time="2026-09-10 20:10:02Z" end-time="2026-09-10 20:10:02Z" duration="0.000407" asserts="0">
                <properties>
                  <property name="retryIteration" value="0" />
                  <property name="repeatIteration" value="0" />
                </properties>
              </test-case>
            </test-suite>
            <test-suite type="TestFixture" id="2234" name="StudioWorkspaceHostTests" fullname="Studio.Tests.EditMode.StudioWorkspaceHostTests" classname="Studio.Tests.EditMode.StudioWorkspaceHostTests" runstate="Runnable" testcasecount="13" result="Passed" start-time="2026-09-10 20:10:02Z" end-time="2026-09-10 20:10:02Z" duration="0.042063" total="13" passed="13" failed="0" inconclusive="0" skipped="0" asserts="0">
              <properties />
              <test-case id="2246" name="ApplyStyleSheets_LogsAnErrorForEachMissingStyleSheetResource" fullname="Studio.Tests.EditMode.StudioWorkspaceHostTests.ApplyStyleSheets_LogsAnErrorForEachMissingStyleSheetResource" methodname="ApplyStyleSheets_LogsAnErrorForEachMissingStyleSheetResource" classname="Studio.Tests.EditMode.StudioWorkspaceHostTests" runstate="Runnable" seed="1992279473" result="Passed" start-time="2026-09-10 20:10:02Z" end-time="2026-09-10 20:10:02Z" duration="0.001739" asserts="0">
                <properties>
                  <property name="retryIteration" value="0" />
                  <property name="repeatIteration" value="0" />
                </properties>
                <output><![CDATA[[StudioWorkspaceHost] StyleSheet 'Definitely-Not-A-Real-Resource-Tokens' failed to load from Resources — the Casting workspace will render with no design tokens (no colors, spacing, or type scale).
[StudioWorkspaceHost] StyleSheet 'Definitely-Not-A-Real-Resource-Workspace' failed to load from Resources — the Casting workspace will render with no cosmetic styling at all.
]]></output>
              </test-case>
              <test-case id="2240" name="BuildVisualTree_AssignsABuiltInFontSoTextActuallyRenders" fullname="Studio.Tests.EditMode.StudioWorkspaceHostTests.BuildVisualTree_AssignsABuiltInFontSoTextActuallyRenders" methodname="BuildVisualTree_AssignsABuiltInFontSoTextActuallyRenders" classname="Studio.Tests.EditMode.StudioWorkspaceHostTests" runstate="Runnable" seed="1833274299" result="Passed" start-time="2026-09-10 20:10:02Z" end-time="2026-09-10 20:10:02Z" duration="0.007029" asserts="0">
                <properties>
                  <property name="retryIteration" value="0" />
                  <property name="repeatIteration" value="0" />
                </properties>
              </test-case>
              <test-case id="2239" name="BuildVisualTree_StretchesRootToFillItsPanelExplicitly" fullname="Studio.Tests.EditMode.StudioWorkspaceHostTests.BuildVisualTree_StretchesRootToFillItsPanelExplicitly" methodname="BuildVisualTree_StretchesRootToFillItsPanelExplicitly" classname="Studio.Tests.EditMode.StudioWorkspaceHostTests" runstate="Runnable" seed="489123210" result="Passed" start-time="2026-09-10 20:10:02Z" end-time="2026-09-10 20:10:02Z" duration="0.006923" asserts="0">
                <properties>
                  <property name="retryIteration" value="0" />
                  <property name="repeatIteration" value="0" />
                </properties>
              </test-case>
              <test-case id="2244" name="ButtonRules_CenterTheLabel_BlockerFourFix" fullname="Studio.Tests.EditMode.StudioWorkspaceHostTests.ButtonRules_CenterTheLabel_BlockerFourFix" methodname="ButtonRules_CenterTheLabel_BlockerFourFix" classname="Studio.Tests.EditMode.StudioWorkspaceHostTests" runstate="Runnable" seed="860432383" result="Passed" start-time="2026-09-10 20:10:02Z" end-time="2026-09-10 20:10:02Z" duration="0.000684" asserts="0">
                <properties>
                  <property name="retryIteration" value="0" />
                  <property name="repeatIteration" value="0" />
                </properties>
              </test-case>
              <test-case id="2242" name="CameraControllerSource_DeclaresRestoreEventAndInvokesItOnceInsideRestore" fullname="Studio.Tests.EditMode.StudioWorkspaceHostTests.CameraControllerSource_DeclaresRestoreEventAndInvokesItOnceInsideRestore" methodname="CameraControllerSource_DeclaresRestoreEventAndInvokesItOnceInsideRestore" classname="Studio.Tests.EditMode.StudioWorkspaceHostTests" runstate="Runnable" seed="1123371136" result="Passed" start-time="2026-09-10 20:10:02Z" end-time="2026-09-10 20:10:02Z" duration="0.000593" asserts="0">
                <properties>
                  <property name="retryIteration" value="0" />
                  <property name="repeatIteration" value="0" />
                </properties>
              </test-case>
              <test-case id="2245" name="CastingStyleSheets_LoadSuccessfullyFromResources" fullname="Studio.Tests.EditMode.StudioWorkspaceHostTests.CastingStyleSheets_LoadSuccessfullyFromResources" methodname="CastingStyleSheets_LoadSuccessfullyFromResources" classname="Studio.Tests.EditMode.StudioWorkspaceHostTests" runstate="Runnable" seed="161881310" result="Passed" start-time="2026-09-10 20:10:02Z" end-time="2026-09-10 20:10:02Z" duration="0.000386" asserts="0">
                <properties>
                  <property name="retryIteration" value="0" />
                  <property name="repeatIteration" value="0" />
                </properties>
              </test-case>
              <test-case id="2235" name="Host_ExposesFrozenPublicApiShape" fullname="Studio.Tests.EditMode.StudioWorkspaceHostTests.Host_ExposesFrozenPublicApiShape" methodname="Host_ExposesFrozenPublicApiShape" classname="Studio.Tests.EditMode.StudioWorkspaceHostTests" runstate="Runnable" seed="342259911" result="Passed" start-time="2026-09-10 20:10:02Z" end-time="2026-09-10 20:10:02Z" duration="0.000717" asserts="0">
                <properties>
                  <property name="retryIteration" value="0" />
                  <property name="repeatIteration" value="0" />
                </properties>
              </test-case>
              <test-case id="2247" name="OpenCasting_NeverTouchesCameraPoseTargets" fullname="Studio.Tests.EditMode.StudioWorkspaceHostTests.OpenCasting_NeverTouchesCameraPoseTargets" methodname="OpenCasting_NeverTouchesCameraPoseTargets" classname="Studio.Tests.EditMode.StudioWorkspaceHostTests" runstate="Runnable" seed="799667008" result="Passed" start-time="2026-09-10 20:10:02Z" end-time="2026-09-10 20:10:02Z" duration="0.006645" asserts="0">
                <properties>
                  <property name="retryIteration" value="0" />
                  <property name="repeatIteration" value="0" />
                </properties>
              </test-case>
              <test-case id="2238" name="PanelSettings_UsesTheOneFrozenScalingPolicy" fullname="Studio.Tests.EditMode.StudioWorkspaceHostTests.PanelSettings_UsesTheOneFrozenScalingPolicy" methodname="PanelSettings_UsesTheOneFrozenScalingPolicy" classname="Studio.Tests.EditMode.StudioWorkspaceHostTests" runstate="Runnable" seed="1624067415" result="Passed" start-time="2026-09-10 20:10:02Z" end-time="2026-09-10 20:10:02Z" duration="0.006745" asserts="0">
                <properties>
                  <property name="retryIteration" value="0" />
                  <property name="repeatIteration" value="0" />
                </properties>
              </test-case>
              <test-case id="2241" name="SelectionManagerSource_ConsultsWorkspaceCancelBeforeCancelStepsSwitch" fullname="Studio.Tests.EditMode.StudioWorkspaceHostTests.SelectionManagerSource_ConsultsWorkspaceCancelBeforeCancelStepsSwitch" methodname="SelectionManagerSource_ConsultsWorkspaceCancelBeforeCancelStepsSwitch" classname="Studio.Tests.EditMode.StudioWorkspaceHostTests" runstate="Runnable" seed="1008153303" result="Passed" start-time="2026-09-10 20:10:02Z" end-time="2026-09-10 20:10:02Z" duration="0.000688" asserts="0">
                <properties>
                  <property name="retryIteration" value="0" />
                  <property name="repeatIteration" value="0" />
                </properties>
              </test-case>
              <test-case id="2237" name="TryConsumeCancel_ClosesAnOpenWorkspaceExactlyOncePerCall" fullname="Studio.Tests.EditMode.StudioWorkspaceHostTests.TryConsumeCancel_ClosesAnOpenWorkspaceExactlyOncePerCall" methodname="TryConsumeCancel_ClosesAnOpenWorkspaceExactlyOncePerCall" classname="Studio.Tests.EditMode.StudioWorkspaceHostTests" runstate="Runnable" seed="650738384" result="Passed" start-time="2026-09-10 20:10:02Z" end-time="2026-09-10 20:10:02Z" duration="0.006557" asserts="0">
                <properties>
                  <property name="retryIteration" value="0" />
                  <property name="repeatIteration" value="0" />
                </properties>
              </test-case>
              <test-case id="2236" name="TryConsumeCancel_ReturnsFalseWithNoHost" fullname="Studio.Tests.EditMode.StudioWorkspaceHostTests.TryConsumeCancel_ReturnsFalseWithNoHost" methodname="TryConsumeCancel_ReturnsFalseWithNoHost" classname="Studio.Tests.EditMode.StudioWorkspaceHostTests" runstate="Runnable" seed="1214763818" result="Passed" start-time="2026-09-10 20:10:02Z" end-time="2026-09-10 20:10:02Z" duration="0.000732" asserts="0">
                <properties>
                  <property name="retryIteration" value="0" />
                  <property name="repeatIteration" value="0" />
                </properties>
              </test-case>
              <test-case id="2243" name="UssAssets_ExistAndDeclareTheFrozenTokensAndElementNames" fullname="Studio.Tests.EditMode.StudioWorkspaceHostTests.UssAssets_ExistAndDeclareTheFrozenTokensAndElementNames" methodname="UssAssets_ExistAndDeclareTheFrozenTokensAndElementNames" classname="Studio.Tests.EditMode.StudioWorkspaceHostTests" runstate="Runnable" seed="1517354561" result="Passed" start-time="2026-09-10 20:10:02Z" end-time="2026-09-10 20:10:02Z" duration="0.001786" asserts="0">
                <properties>
                  <property name="retryIteration" value="0" />
                  <property name="repeatIteration" value="0" />
                </properties>
                <output><![CDATA[<b><color=#2EA3FF>MCP-FOR-UNITY</color></b>: [TestRunnerNoThrottle] Restored Interaction Mode after test run.
Saving results to: /Users/bruce/Library/Application Support/DefaultCompany/Project Studio - Unity Visual Spike/TestResults.xml
]]></output>
              </test-case>
            </test-suite>
          </test-suite>
        </test-suite>
      </test-suite>
    </test-suite>
  </test-suite>
</test-run>